MATLAB is selecting SOFTWARE OPENGL rendering.

                            < M A T L A B (R) >
                  Copyright 1984-2021 The MathWorks, Inc.
             R2021a Update 4 (9.10.0.1710957) 64-bit (glnxa64)
                                July 1, 2021

 
To get started, type doc.
For product information, visit www.mathworks.com.
 
>> >> >> >> >> >> >> >> >> >> >> >> >> >> >> >> >> >> >> >> >> >> >> >> >> >> >> >> >> >> >> >> >> >> >> >> >> >> >> >> >> >> >> >> >> >> >> >> >> [Warning: Column headers from the file were modified to make them valid MATLAB
identifiers before creating variable names for the table. The original column
headers are saved in the VariableDescriptions property.
Set 'VariableNamingRule' to 'preserve' to use the original column headers as
table variable names.] 
>> >> >> >> >> >> >> >> >> >> >> >> >> >> >> >> >> >> >> >> >> >> >> >> >> >> >> >> >> >> >> >> >> >> >> >> >> >> >> >> >> >> >> >> >> >> >> >> >> >> >> >> >> >> >> >> >> >> >> >> >> >> >> >> >> >> >> >> >> >> >> >> >> >> >> >> >> >> >> >> >> >> >> >> >> >> >> >> Starting parallel pool (parpool) using the 'local' profile ...
Connected to the parallel pool (number of workers: 4).
[Warning: MATLAB has disabled some advanced graphics rendering features by
switching to software OpenGL. For more information, click <a
href="matlab:opengl('problems')">here</a>.] 

Local minimum possible.

fminunc stopped because it cannot decrease the objective function
along the current search direction.

>> >> 
d0_end_only =

    0.0272
    0.0293
    0.0316
    0.0341
    0.0368

>> >> >> >> >> >> 
final_tab_endMem =

  6x1 table

                Coeff  
               ________

    gDiffA1       9e-05
    gDiffA2      0.0001
    gDiffB1    -0.00066
    gDiffB2       1e-05
    gDiffC1     0.00012
    gDiffC2       5e-05

>> >> >> >> >> >> >> >> >> >> >> >> >> >> >> >> >> 
Local minimum possible.

fminunc stopped because it cannot decrease the objective function
along the current search direction.

>> >> >> >> >> >> 
Local minimum possible.

fminunc stopped because it cannot decrease the objective function
along the current search direction.

>> >> >> >> >> >> >> >> >> >> >> >> >> >> >> >> 
Local minimum possible.

fminunc stopped because it cannot decrease the objective function
along the current search direction.


d0_progress =

  Columns 1 through 7

    0.0927         0         0         0         0         0         0
    0.0940         0         0         0         0         0         0
    0.0953         0         0         0         0         0         0
    0.0968         0         0         0         0         0         0
    0.0982         0         0         0         0         0         0

  Columns 8 through 14

         0         0         0         0         0         0         0
         0         0         0         0         0         0         0
         0         0         0         0         0         0         0
         0         0         0         0         0         0         0
         0         0         0         0         0         0         0

  Columns 15 through 21

         0         0         0         0         0         0         0
         0         0         0         0         0         0         0
         0         0         0         0         0         0         0
         0         0         0         0         0         0         0
         0         0         0         0         0         0         0

  Column 22

         0
         0
         0
         0
         0

Combo 1 are these terms and this Value: 12       : 3.282e-03 
Combo 2 are these terms and this Value: 11 12   : 1.282e-02 
Combo 3 are these terms and this Value: 1 12 16 : 2.286e-03 
This was the dropped L term(spot): 12 
There are 21 L terms left. 

Local minimum possible.

fminunc stopped because it cannot decrease the objective function
along the current search direction.


d0_progress =

  Columns 1 through 7

    0.0927    0.0960         0         0         0         0         0
    0.0940    0.0983         0         0         0         0         0
    0.0953    0.1005         0         0         0         0         0
    0.0968    0.1028         0         0         0         0         0
    0.0982    0.1050         0         0         0         0         0

  Columns 8 through 14

         0         0         0         0         0         0         0
         0         0         0         0         0         0         0
         0         0         0         0         0         0         0
         0         0         0         0         0         0         0
         0         0         0         0         0         0         0

  Columns 15 through 21

         0         0         0         0         0         0         0
         0         0         0         0         0         0         0
         0         0         0         0         0         0         0
         0         0         0         0         0         0         0
         0         0         0         0         0         0         0

  Column 22

         0
         0
         0
         0
         0

Combo 1 are these terms and this Value: 16       : 4.476e-02 
Combo 2 are these terms and this Value: 20 22   : 2.051e-02 
Combo 3 are these terms and this Value: 2 6 11 : 1.513e-02 
This was the dropped L term(spot): 11 
There are 20 L terms left. 

Local minimum possible.

fminunc stopped because it cannot decrease the objective function
along the current search direction.


d0_progress =

  Columns 1 through 7

    0.0927    0.0960    0.0997         0         0         0         0
    0.0940    0.0983    0.1021         0         0         0         0
    0.0953    0.1005    0.1043         0         0         0         0
    0.0968    0.1028    0.1064         0         0         0         0
    0.0982    0.1050    0.1082         0         0         0         0

  Columns 8 through 14

         0         0         0         0         0         0         0
         0         0         0         0         0         0         0
         0         0         0         0         0         0         0
         0         0         0         0         0         0         0
         0         0         0         0         0         0         0

  Columns 15 through 21

         0         0         0         0         0         0         0
         0         0         0         0         0         0         0
         0         0         0         0         0         0         0
         0         0         0         0         0         0         0
         0         0         0         0         0         0         0

  Column 22

         0
         0
         0
         0
         0

Combo 1 are these terms and this Value: 16       : 2.859e-02 
Combo 2 are these terms and this Value: 4 8   : 2.640e-02 
Combo 3 are these terms and this Value: 1 4 7 : 1.040e-02 
This was the dropped L term(spot): 1 
There are 19 L terms left. 

Local minimum possible.

fminunc stopped because it cannot decrease the objective function
along the current search direction.


d0_progress =

  Columns 1 through 7

    0.0927    0.0960    0.0997    0.1007         0         0         0
    0.0940    0.0983    0.1021    0.1033         0         0         0
    0.0953    0.1005    0.1043    0.1057         0         0         0
    0.0968    0.1028    0.1064    0.1079         0         0         0
    0.0982    0.1050    0.1082    0.1099         0         0         0

  Columns 8 through 14

         0         0         0         0         0         0         0
         0         0         0         0         0         0         0
         0         0         0         0         0         0         0
         0         0         0         0         0         0         0
         0         0         0         0         0         0         0

  Columns 15 through 21

         0         0         0         0         0         0         0
         0         0         0         0         0         0         0
         0         0         0         0         0         0         0
         0         0         0         0         0         0         0
         0         0         0         0         0         0         0

  Column 22

         0
         0
         0
         0
         0

Combo 1 are these terms and this Value: 16       : 1.861e-01 
Combo 2 are these terms and this Value: 4 22   : 2.784e-02 
Combo 3 are these terms and this Value: 7 20 22 : 2.785e-02 
This was the dropped L term(spot): 22 
There are 18 L terms left. 

Local minimum possible.

fminunc stopped because it cannot decrease the objective function
along the current search direction.


d0_progress =

  Columns 1 through 7

    0.0927    0.0960    0.0997    0.1007    0.1004         0         0
    0.0940    0.0983    0.1021    0.1033    0.1033         0         0
    0.0953    0.1005    0.1043    0.1057    0.1061         0         0
    0.0968    0.1028    0.1064    0.1079    0.1090         0         0
    0.0982    0.1050    0.1082    0.1099    0.1117         0         0

  Columns 8 through 14

         0         0         0         0         0         0         0
         0         0         0         0         0         0         0
         0         0         0         0         0         0         0
         0         0         0         0         0         0         0
         0         0         0         0         0         0         0

  Columns 15 through 21

         0         0         0         0         0         0         0
         0         0         0         0         0         0         0
         0         0         0         0         0         0         0
         0         0         0         0         0         0         0
         0         0         0         0         0         0         0

  Column 22

         0
         0
         0
         0
         0

Combo 1 are these terms and this Value: 15       : 4.850e-02 
Combo 2 are these terms and this Value: 4 15   : 5.326e-02 
Combo 3 are these terms and this Value: 7 16 20 : 1.337e-02 
This was the dropped L term(spot): 16 
There are 17 L terms left. 

Local minimum possible.

fminunc stopped because it cannot decrease the objective function
along the current search direction.


d0_progress =

  Columns 1 through 7

    0.0927    0.0960    0.0997    0.1007    0.1004    0.1052         0
    0.0940    0.0983    0.1021    0.1033    0.1033    0.1090         0
    0.0953    0.1005    0.1043    0.1057    0.1061    0.1128         0
    0.0968    0.1028    0.1064    0.1079    0.1090    0.1164         0
    0.0982    0.1050    0.1082    0.1099    0.1117    0.1198         0

  Columns 8 through 14

         0         0         0         0         0         0         0
         0         0         0         0         0         0         0
         0         0         0         0         0         0         0
         0         0         0         0         0         0         0
         0         0         0         0         0         0         0

  Columns 15 through 21

         0         0         0         0         0         0         0
         0         0         0         0         0         0         0
         0         0         0         0         0         0         0
         0         0         0         0         0         0         0
         0         0         0         0         0         0         0

  Column 22

         0
         0
         0
         0
         0

Combo 1 are these terms and this Value: 4       : 1.194e-02 
Combo 2 are these terms and this Value: 8 20   : 1.174e-01 
Combo 3 are these terms and this Value: 2 4 6 : 1.167e-01 
This was the dropped L term(spot): 4 
There are 16 L terms left. 

Local minimum possible.

fminunc stopped because it cannot decrease the objective function
along the current search direction.


d0_progress =

  Columns 1 through 7

    0.0927    0.0960    0.0997    0.1007    0.1004    0.1052    0.1057
    0.0940    0.0983    0.1021    0.1033    0.1033    0.1090    0.1087
    0.0953    0.1005    0.1043    0.1057    0.1061    0.1128    0.1117
    0.0968    0.1028    0.1064    0.1079    0.1090    0.1164    0.1147
    0.0982    0.1050    0.1082    0.1099    0.1117    0.1198    0.1175

  Columns 8 through 14

         0         0         0         0         0         0         0
         0         0         0         0         0         0         0
         0         0         0         0         0         0         0
         0         0         0         0         0         0         0
         0         0         0         0         0         0         0

  Columns 15 through 21

         0         0         0         0         0         0         0
         0         0         0         0         0         0         0
         0         0         0         0         0         0         0
         0         0         0         0         0         0         0
         0         0         0         0         0         0         0

  Column 22

         0
         0
         0
         0
         0

Combo 1 are these terms and this Value: 15       : 8.577e-01 
Combo 2 are these terms and this Value: 2 6   : 8.464e-02 
Combo 3 are these terms and this Value: 2 3 5 : 6.908e-02 
This was the dropped L term(spot): 3 
There are 15 L terms left. 

Local minimum possible.

fminunc stopped because it cannot decrease the objective function
along the current search direction.


d0_progress =

  Columns 1 through 7

    0.0927    0.0960    0.0997    0.1007    0.1004    0.1052    0.1057
    0.0940    0.0983    0.1021    0.1033    0.1033    0.1090    0.1087
    0.0953    0.1005    0.1043    0.1057    0.1061    0.1128    0.1117
    0.0968    0.1028    0.1064    0.1079    0.1090    0.1164    0.1147
    0.0982    0.1050    0.1082    0.1099    0.1117    0.1198    0.1175

  Columns 8 through 14

    0.1061         0         0         0         0         0         0
    0.1092         0         0         0         0         0         0
    0.1124         0         0         0         0         0         0
    0.1156         0         0         0         0         0         0
    0.1186         0         0         0         0         0         0

  Columns 15 through 21

         0         0         0         0         0         0         0
         0         0         0         0         0         0         0
         0         0         0         0         0         0         0
         0         0         0         0         0         0         0
         0         0         0         0         0         0         0

  Column 22

         0
         0
         0
         0
         0

Combo 1 are these terms and this Value: 15       : 8.006e-02 
Combo 2 are these terms and this Value: 2 6   : 1.193e-01 
Combo 3 are these terms and this Value: 2 6 15 : 2.893e-02 
This was the dropped L term(spot): 15 
There are 14 L terms left. 

Local minimum possible.

fminunc stopped because it cannot decrease the objective function
along the current search direction.


d0_progress =

  Columns 1 through 7

    0.0927    0.0960    0.0997    0.1007    0.1004    0.1052    0.1057
    0.0940    0.0983    0.1021    0.1033    0.1033    0.1090    0.1087
    0.0953    0.1005    0.1043    0.1057    0.1061    0.1128    0.1117
    0.0968    0.1028    0.1064    0.1079    0.1090    0.1164    0.1147
    0.0982    0.1050    0.1082    0.1099    0.1117    0.1198    0.1175

  Columns 8 through 14

    0.1061    0.1102         0         0         0         0         0
    0.1092    0.1125         0         0         0         0         0
    0.1124    0.1152         0         0         0         0         0
    0.1156    0.1182         0         0         0         0         0
    0.1186    0.1214         0         0         0         0         0

  Columns 15 through 21

         0         0         0         0         0         0         0
         0         0         0         0         0         0         0
         0         0         0         0         0         0         0
         0         0         0         0         0         0         0
         0         0         0         0         0         0         0

  Column 22

         0
         0
         0
         0
         0

Combo 1 are these terms and this Value: 17       : 2.227e-01 
Combo 2 are these terms and this Value: 7 17   : 1.738e-01 
Combo 3 are these terms and this Value: 2 6 8 : 3.501e-02 
This was the dropped L term(spot): 8 
There are 13 L terms left. 

Local minimum possible.

fminunc stopped because it cannot decrease the objective function
along the current search direction.


d0_progress =

  Columns 1 through 7

    0.0927    0.0960    0.0997    0.1007    0.1004    0.1052    0.1057
    0.0940    0.0983    0.1021    0.1033    0.1033    0.1090    0.1087
    0.0953    0.1005    0.1043    0.1057    0.1061    0.1128    0.1117
    0.0968    0.1028    0.1064    0.1079    0.1090    0.1164    0.1147
    0.0982    0.1050    0.1082    0.1099    0.1117    0.1198    0.1175

  Columns 8 through 14

    0.1061    0.1102    0.1117         0         0         0         0
    0.1092    0.1125    0.1141         0         0         0         0
    0.1124    0.1152    0.1168         0         0         0         0
    0.1156    0.1182    0.1197         0         0         0         0
    0.1186    0.1214    0.1228         0         0         0         0

  Columns 15 through 21

         0         0         0         0         0         0         0
         0         0         0         0         0         0         0
         0         0         0         0         0         0         0
         0         0         0         0         0         0         0
         0         0         0         0         0         0         0

  Column 22

         0
         0
         0
         0
         0

Combo 1 are these terms and this Value: 21       : 2.791e-03 
Combo 2 are these terms and this Value: 17 21   : 1.010e-01 
Combo 3 are these terms and this Value: 7 17 19 : 1.181e-01 
This was the dropped L term(spot): 21 
There are 12 L terms left. 

Local minimum possible.

fminunc stopped because it cannot decrease the objective function
along the current search direction.


d0_progress =

  Columns 1 through 7

    0.0927    0.0960    0.0997    0.1007    0.1004    0.1052    0.1057
    0.0940    0.0983    0.1021    0.1033    0.1033    0.1090    0.1087
    0.0953    0.1005    0.1043    0.1057    0.1061    0.1128    0.1117
    0.0968    0.1028    0.1064    0.1079    0.1090    0.1164    0.1147
    0.0982    0.1050    0.1082    0.1099    0.1117    0.1198    0.1175

  Columns 8 through 14

    0.1061    0.1102    0.1117    0.1118         0         0         0
    0.1092    0.1125    0.1141    0.1142         0         0         0
    0.1124    0.1152    0.1168    0.1169         0         0         0
    0.1156    0.1182    0.1197    0.1198         0         0         0
    0.1186    0.1214    0.1228    0.1228         0         0         0

  Columns 15 through 21

         0         0         0         0         0         0         0
         0         0         0         0         0         0         0
         0         0         0         0         0         0         0
         0         0         0         0         0         0         0
         0         0         0         0         0         0         0

  Column 22

         0
         0
         0
         0
         0

Combo 1 are these terms and this Value: 17       : 1.515e-02 
Combo 2 are these terms and this Value: 7 20   : 6.160e-02 
Combo 3 are these terms and this Value: 7 17 20 : 2.116e-01 
This was the dropped L term(spot): 7 
There are 11 L terms left. 

Local minimum possible.

fminunc stopped because it cannot decrease the objective function
along the current search direction.


d0_progress =

  Columns 1 through 7

    0.0927    0.0960    0.0997    0.1007    0.1004    0.1052    0.1057
    0.0940    0.0983    0.1021    0.1033    0.1033    0.1090    0.1087
    0.0953    0.1005    0.1043    0.1057    0.1061    0.1128    0.1117
    0.0968    0.1028    0.1064    0.1079    0.1090    0.1164    0.1147
    0.0982    0.1050    0.1082    0.1099    0.1117    0.1198    0.1175

  Columns 8 through 14

    0.1061    0.1102    0.1117    0.1118    0.0986         0         0
    0.1092    0.1125    0.1141    0.1142    0.1027         0         0
    0.1124    0.1152    0.1168    0.1169    0.1073         0         0
    0.1156    0.1182    0.1197    0.1198    0.1122         0         0
    0.1186    0.1214    0.1228    0.1228    0.1174         0         0

  Columns 15 through 21

         0         0         0         0         0         0         0
         0         0         0         0         0         0         0
         0         0         0         0         0         0         0
         0         0         0         0         0         0         0
         0         0         0         0         0         0         0

  Column 22

         0
         0
         0
         0
         0

Combo 1 are these terms and this Value: 20       : 1.800e+00 
Combo 2 are these terms and this Value: 2 6   : 1.734e+00 
Combo 3 are these terms and this Value: 2 6 14 : 1.955e+00 
This was the dropped L term(spot): 6 
There are 10 L terms left. 

Local minimum possible.

fminunc stopped because it cannot decrease the objective function
along the current search direction.


d0_progress =

  Columns 1 through 7

    0.0927    0.0960    0.0997    0.1007    0.1004    0.1052    0.1057
    0.0940    0.0983    0.1021    0.1033    0.1033    0.1090    0.1087
    0.0953    0.1005    0.1043    0.1057    0.1061    0.1128    0.1117
    0.0968    0.1028    0.1064    0.1079    0.1090    0.1164    0.1147
    0.0982    0.1050    0.1082    0.1099    0.1117    0.1198    0.1175

  Columns 8 through 14

    0.1061    0.1102    0.1117    0.1118    0.0986    0.1200         0
    0.1092    0.1125    0.1141    0.1142    0.1027    0.1213         0
    0.1124    0.1152    0.1168    0.1169    0.1073    0.1235         0
    0.1156    0.1182    0.1197    0.1198    0.1122    0.1264         0
    0.1186    0.1214    0.1228    0.1228    0.1174    0.1301         0

  Columns 15 through 21

         0         0         0         0         0         0         0
         0         0         0         0         0         0         0
         0         0         0         0         0         0         0
         0         0         0         0         0         0         0
         0         0         0         0         0         0         0

  Column 22

         0
         0
         0
         0
         0

Combo 1 are these terms and this Value: 19       : 3.174e-02 
Combo 2 are these terms and this Value: 19 20   : 9.597e-01 
Combo 3 are these terms and this Value: 2 17 20 : 3.510e+00 
This was the dropped L term(spot): 19 
There are 9 L terms left. 

Local minimum possible.

fminunc stopped because it cannot decrease the objective function
along the current search direction.


d0_progress =

  Columns 1 through 7

    0.0927    0.0960    0.0997    0.1007    0.1004    0.1052    0.1057
    0.0940    0.0983    0.1021    0.1033    0.1033    0.1090    0.1087
    0.0953    0.1005    0.1043    0.1057    0.1061    0.1128    0.1117
    0.0968    0.1028    0.1064    0.1079    0.1090    0.1164    0.1147
    0.0982    0.1050    0.1082    0.1099    0.1117    0.1198    0.1175

  Columns 8 through 14

    0.1061    0.1102    0.1117    0.1118    0.0986    0.1200    0.1201
    0.1092    0.1125    0.1141    0.1142    0.1027    0.1213    0.1213
    0.1124    0.1152    0.1168    0.1169    0.1073    0.1235    0.1235
    0.1156    0.1182    0.1197    0.1198    0.1122    0.1264    0.1264
    0.1186    0.1214    0.1228    0.1228    0.1174    0.1301    0.1301

  Columns 15 through 21

         0         0         0         0         0         0         0
         0         0         0         0         0         0         0
         0         0         0         0         0         0         0
         0         0         0         0         0         0         0
         0         0         0         0         0         0         0

  Column 22

         0
         0
         0
         0
         0

Combo 1 are these terms and this Value: 20       : 2.708e-01 
Combo 2 are these terms and this Value: 2 17   : 3.822e+00 
Combo 3 are these terms and this Value: 2 17 20 : 4.598e+00 
This was the dropped L term(spot): 2 
There are 8 L terms left. 

Local minimum possible.

fminunc stopped because it cannot decrease the objective function
along the current search direction.


d0_progress =

  Columns 1 through 7

    0.0927    0.0960    0.0997    0.1007    0.1004    0.1052    0.1057
    0.0940    0.0983    0.1021    0.1033    0.1033    0.1090    0.1087
    0.0953    0.1005    0.1043    0.1057    0.1061    0.1128    0.1117
    0.0968    0.1028    0.1064    0.1079    0.1090    0.1164    0.1147
    0.0982    0.1050    0.1082    0.1099    0.1117    0.1198    0.1175

  Columns 8 through 14

    0.1061    0.1102    0.1117    0.1118    0.0986    0.1200    0.1201
    0.1092    0.1125    0.1141    0.1142    0.1027    0.1213    0.1213
    0.1124    0.1152    0.1168    0.1169    0.1073    0.1235    0.1235
    0.1156    0.1182    0.1197    0.1198    0.1122    0.1264    0.1264
    0.1186    0.1214    0.1228    0.1228    0.1174    0.1301    0.1301

  Columns 15 through 21

    0.1196         0         0         0         0         0         0
    0.1227         0         0         0         0         0         0
    0.1256         0         0         0         0         0         0
    0.1283         0         0         0         0         0         0
    0.1308         0         0         0         0         0         0

  Column 22

         0
         0
         0
         0
         0

Combo 1 are these terms and this Value: 20       : 9.902e-01 
Combo 2 are these terms and this Value: 17 20   : 5.595e+00 
Combo 3 are these terms and this Value: 13 17 20 : 5.859e+00 
This was the dropped L term(spot): 20 
There are 7 L terms left. 

Local minimum possible.

fminunc stopped because it cannot decrease the objective function
along the current search direction.


d0_progress =

  Columns 1 through 7

    0.0927    0.0960    0.0997    0.1007    0.1004    0.1052    0.1057
    0.0940    0.0983    0.1021    0.1033    0.1033    0.1090    0.1087
    0.0953    0.1005    0.1043    0.1057    0.1061    0.1128    0.1117
    0.0968    0.1028    0.1064    0.1079    0.1090    0.1164    0.1147
    0.0982    0.1050    0.1082    0.1099    0.1117    0.1198    0.1175

  Columns 8 through 14

    0.1061    0.1102    0.1117    0.1118    0.0986    0.1200    0.1201
    0.1092    0.1125    0.1141    0.1142    0.1027    0.1213    0.1213
    0.1124    0.1152    0.1168    0.1169    0.1073    0.1235    0.1235
    0.1156    0.1182    0.1197    0.1198    0.1122    0.1264    0.1264
    0.1186    0.1214    0.1228    0.1228    0.1174    0.1301    0.1301

  Columns 15 through 21

    0.1196    0.1205         0         0         0         0         0
    0.1227    0.1225         0         0         0         0         0
    0.1256    0.1244         0         0         0         0         0
    0.1283    0.1262         0         0         0         0         0
    0.1308    0.1279         0         0         0         0         0

  Column 22

         0
         0
         0
         0
         0

Combo 1 are these terms and this Value: 5       : 5.409e+00 
Combo 2 are these terms and this Value: 13 17   : 7.525e+00 
Combo 3 are these terms and this Value: 5 13 17 : 1.785e+01 
This was the dropped L term(spot): 13 
There are 6 L terms left. 

Local minimum possible.

fminunc stopped because it cannot decrease the objective function
along the current search direction.


d0_progress =

  Columns 1 through 7

    0.0927    0.0960    0.0997    0.1007    0.1004    0.1052    0.1057
    0.0940    0.0983    0.1021    0.1033    0.1033    0.1090    0.1087
    0.0953    0.1005    0.1043    0.1057    0.1061    0.1128    0.1117
    0.0968    0.1028    0.1064    0.1079    0.1090    0.1164    0.1147
    0.0982    0.1050    0.1082    0.1099    0.1117    0.1198    0.1175

  Columns 8 through 14

    0.1061    0.1102    0.1117    0.1118    0.0986    0.1200    0.1201
    0.1092    0.1125    0.1141    0.1142    0.1027    0.1213    0.1213
    0.1124    0.1152    0.1168    0.1169    0.1073    0.1235    0.1235
    0.1156    0.1182    0.1197    0.1198    0.1122    0.1264    0.1264
    0.1186    0.1214    0.1228    0.1228    0.1174    0.1301    0.1301

  Columns 15 through 21

    0.1196    0.1205    0.1208         0         0         0         0
    0.1227    0.1225    0.1228         0         0         0         0
    0.1256    0.1244    0.1247         0         0         0         0
    0.1283    0.1262    0.1265         0         0         0         0
    0.1308    0.1279    0.1282         0         0         0         0

  Column 22

         0
         0
         0
         0
         0

Combo 1 are these terms and this Value: 5       : 5.707e+00 
Combo 2 are these terms and this Value: 5 14   : 1.485e+01 
Combo 3 are these terms and this Value: 5 14 17 : 3.039e+01 
This was the dropped L term(spot): 5 
There are 5 L terms left. 

Local minimum possible.

fminunc stopped because it cannot decrease the objective function
along the current search direction.


d0_progress =

  Columns 1 through 7

    0.0927    0.0960    0.0997    0.1007    0.1004    0.1052    0.1057
    0.0940    0.0983    0.1021    0.1033    0.1033    0.1090    0.1087
    0.0953    0.1005    0.1043    0.1057    0.1061    0.1128    0.1117
    0.0968    0.1028    0.1064    0.1079    0.1090    0.1164    0.1147
    0.0982    0.1050    0.1082    0.1099    0.1117    0.1198    0.1175

  Columns 8 through 14

    0.1061    0.1102    0.1117    0.1118    0.0986    0.1200    0.1201
    0.1092    0.1125    0.1141    0.1142    0.1027    0.1213    0.1213
    0.1124    0.1152    0.1168    0.1169    0.1073    0.1235    0.1235
    0.1156    0.1182    0.1197    0.1198    0.1122    0.1264    0.1264
    0.1186    0.1214    0.1228    0.1228    0.1174    0.1301    0.1301

  Columns 15 through 21

    0.1196    0.1205    0.1208    0.0922         0         0         0
    0.1227    0.1225    0.1228    0.0927         0         0         0
    0.1256    0.1244    0.1247    0.0932         0         0         0
    0.1283    0.1262    0.1265    0.0938         0         0         0
    0.1308    0.1279    0.1282    0.0944         0         0         0

  Column 22

         0
         0
         0
         0
         0

Combo 1 are these terms and this Value: 14       : 1.102e+01 
Combo 2 are these terms and this Value: 14 17   : 1.280e+01 
Combo 3 are these terms and this Value: 10 14 17 : 3.746e+01 
This was the dropped L term(spot): 14 
There are 4 L terms left. 

Local minimum possible.

fminunc stopped because it cannot decrease the objective function
along the current search direction.


d0_progress =

  Columns 1 through 7

    0.0927    0.0960    0.0997    0.1007    0.1004    0.1052    0.1057
    0.0940    0.0983    0.1021    0.1033    0.1033    0.1090    0.1087
    0.0953    0.1005    0.1043    0.1057    0.1061    0.1128    0.1117
    0.0968    0.1028    0.1064    0.1079    0.1090    0.1164    0.1147
    0.0982    0.1050    0.1082    0.1099    0.1117    0.1198    0.1175

  Columns 8 through 14

    0.1061    0.1102    0.1117    0.1118    0.0986    0.1200    0.1201
    0.1092    0.1125    0.1141    0.1142    0.1027    0.1213    0.1213
    0.1124    0.1152    0.1168    0.1169    0.1073    0.1235    0.1235
    0.1156    0.1182    0.1197    0.1198    0.1122    0.1264    0.1264
    0.1186    0.1214    0.1228    0.1228    0.1174    0.1301    0.1301

  Columns 15 through 21

    0.1196    0.1205    0.1208    0.0922    0.1405         0         0
    0.1227    0.1225    0.1228    0.0927    0.1400         0         0
    0.1256    0.1244    0.1247    0.0932    0.1394         0         0
    0.1283    0.1262    0.1265    0.0938    0.1388         0         0
    0.1308    0.1279    0.1282    0.0944    0.1381         0         0

  Column 22

         0
         0
         0
         0
         0

Combo 1 are these terms and this Value: 10       : 4.496e+01 
Combo 2 are these terms and this Value: 10 17   : 1.237e+02 
Combo 3 are these terms and this Value: 9 10 18 : 6.045e+01 
This was the dropped L term(spot): 10 
There are 3 L terms left. 

Local minimum possible.

fminunc stopped because it cannot decrease the objective function
along the current search direction.


d0_progress =

  Columns 1 through 7

    0.0927    0.0960    0.0997    0.1007    0.1004    0.1052    0.1057
    0.0940    0.0983    0.1021    0.1033    0.1033    0.1090    0.1087
    0.0953    0.1005    0.1043    0.1057    0.1061    0.1128    0.1117
    0.0968    0.1028    0.1064    0.1079    0.1090    0.1164    0.1147
    0.0982    0.1050    0.1082    0.1099    0.1117    0.1198    0.1175

  Columns 8 through 14

    0.1061    0.1102    0.1117    0.1118    0.0986    0.1200    0.1201
    0.1092    0.1125    0.1141    0.1142    0.1027    0.1213    0.1213
    0.1124    0.1152    0.1168    0.1169    0.1073    0.1235    0.1235
    0.1156    0.1182    0.1197    0.1198    0.1122    0.1264    0.1264
    0.1186    0.1214    0.1228    0.1228    0.1174    0.1301    0.1301

  Columns 15 through 21

    0.1196    0.1205    0.1208    0.0922    0.1405    0.0220         0
    0.1227    0.1225    0.1228    0.0927    0.1400    0.0242         0
    0.1256    0.1244    0.1247    0.0932    0.1394    0.0265         0
    0.1283    0.1262    0.1265    0.0938    0.1388    0.0291         0
    0.1308    0.1279    0.1282    0.0944    0.1381    0.0319         0

  Column 22

         0
         0
         0
         0
         0

Combo 1 are these terms and this Value: 9       : 3.341e+00 
Combo 2 are these terms and this Value: 17 18   : 4.074e+00 
Combo 3 are these terms and this Value: 9 17 18 : 5.687e-01 
This was the dropped L term(spot): 9 
There are 2 L terms left. 

Local minimum possible.

fminunc stopped because it cannot decrease the objective function
along the current search direction.


d0_progress =

  Columns 1 through 7

    0.0927    0.0960    0.0997    0.1007    0.1004    0.1052    0.1057
    0.0940    0.0983    0.1021    0.1033    0.1033    0.1090    0.1087
    0.0953    0.1005    0.1043    0.1057    0.1061    0.1128    0.1117
    0.0968    0.1028    0.1064    0.1079    0.1090    0.1164    0.1147
    0.0982    0.1050    0.1082    0.1099    0.1117    0.1198    0.1175

  Columns 8 through 14

    0.1061    0.1102    0.1117    0.1118    0.0986    0.1200    0.1201
    0.1092    0.1125    0.1141    0.1142    0.1027    0.1213    0.1213
    0.1124    0.1152    0.1168    0.1169    0.1073    0.1235    0.1235
    0.1156    0.1182    0.1197    0.1198    0.1122    0.1264    0.1264
    0.1186    0.1214    0.1228    0.1228    0.1174    0.1301    0.1301

  Columns 15 through 21

    0.1196    0.1205    0.1208    0.0922    0.1405    0.0220    0.0272
    0.1227    0.1225    0.1228    0.0927    0.1400    0.0242    0.0293
    0.1256    0.1244    0.1247    0.0932    0.1394    0.0265    0.0316
    0.1283    0.1262    0.1265    0.0938    0.1388    0.0291    0.0341
    0.1308    0.1279    0.1282    0.0944    0.1381    0.0319    0.0367

  Column 22

         0
         0
         0
         0
         0

This was the dropped L term(spot): 18 
There are 1 L terms left. 

Local minimum possible.

fminunc stopped because it cannot decrease the objective function
along the current search direction.


d0_progress =

  Columns 1 through 7

    0.0927    0.0960    0.0997    0.1007    0.1004    0.1052    0.1057
    0.0940    0.0983    0.1021    0.1033    0.1033    0.1090    0.1087
    0.0953    0.1005    0.1043    0.1057    0.1061    0.1128    0.1117
    0.0968    0.1028    0.1064    0.1079    0.1090    0.1164    0.1147
    0.0982    0.1050    0.1082    0.1099    0.1117    0.1198    0.1175

  Columns 8 through 14

    0.1061    0.1102    0.1117    0.1118    0.0986    0.1200    0.1201
    0.1092    0.1125    0.1141    0.1142    0.1027    0.1213    0.1213
    0.1124    0.1152    0.1168    0.1169    0.1073    0.1235    0.1235
    0.1156    0.1182    0.1197    0.1198    0.1122    0.1264    0.1264
    0.1186    0.1214    0.1228    0.1228    0.1174    0.1301    0.1301

  Columns 15 through 21

    0.1196    0.1205    0.1208    0.0922    0.1405    0.0220    0.0272
    0.1227    0.1225    0.1228    0.0927    0.1400    0.0242    0.0293
    0.1256    0.1244    0.1247    0.0932    0.1394    0.0265    0.0316
    0.1283    0.1262    0.1265    0.0938    0.1388    0.0291    0.0341
    0.1308    0.1279    0.1282    0.0944    0.1381    0.0319    0.0367

  Column 22

    0.0272
    0.0294
    0.0317
    0.0341
    0.0368

This was the dropped L term(spot): 17 
There are 0 L terms left. 
>> >> >> >> >> >> 
all_tab =

  72x22 table

                 Var1        Var2        Var3        Var4        Var5        Var6        Var7        Var8        Var9       Var10       Var11       Var12       Var13       Var14       Var15       Var16       Var17       Var18       Var19       Var20       Var21       Var22  
               ________    ________    ________    ________    ________    ________    ________    ________    ________    ________    ________    ________    ________    ________    ________    ________    ________    ________    ________    ________    ________    ________

    A1           0.0001      0.0001      0.0001           0           0           0           0           0           0           0           0           0           0           0           0           0           0           0           0           0           0           0
    A2           0.0001      0.0001      0.0001      0.0001      0.0001      0.0001      0.0001      0.0001      0.0001      0.0001      0.0001      0.0001      0.0001      0.0001           0           0           0           0           0           0           0           0
    A3           0.0001      0.0001      0.0001      0.0001      0.0001      0.0001      0.0001           0           0           0           0           0           0           0           0           0           0           0           0           0           0           0
    A4           0.0001      0.0001      0.0001      0.0001      0.0001      0.0001           0           0           0           0           0           0           0           0           0           0           0           0           0           0           0           0
    A5           0.0001      0.0001      0.0001      0.0001      0.0001      0.0001      0.0001      0.0001      0.0001      0.0001      0.0001      0.0001      0.0001      0.0001      0.0001      0.0001      0.0001           0           0           0           0           0
    A6           0.0001      0.0001      0.0001      0.0001      0.0001      0.0001      0.0001      0.0001      0.0001      0.0001      0.0001      0.0001           0           0           0           0           0           0           0           0           0           0
    A7           0.0001      0.0001      0.0001      0.0001      0.0001      0.0001      0.0001      0.0001      0.0001      0.0001      0.0001           0           0           0           0           0           0           0           0           0           0           0
    A8           0.0001      0.0001      0.0001      0.0001      0.0001      0.0001      0.0001      0.0001      0.0001           0           0           0           0           0           0           0           0           0           0           0           0           0
    A9           0.0001      0.0001      0.0001      0.0001      0.0001      0.0001      0.0001      0.0001      0.0001      0.0001      0.0001      0.0001      0.0001      0.0001      0.0001      0.0001      0.0001      0.0001      0.0001      0.0001           0           0
    A10          0.0001      0.0001      0.0001      0.0001      0.0001      0.0001      0.0001      0.0001      0.0001      0.0001      0.0001      0.0001      0.0001      0.0001      0.0001      0.0001      0.0001      0.0001     0.00011           0           0           0
    A11          0.0001      0.0001           0           0           0           0           0           0           0           0           0           0           0           0           0           0           0           0           0           0           0           0
    A12          0.0001           0           0           0           0           0           0           0           0           0           0           0           0           0           0           0           0           0           0           0           0           0
    A13          0.0001      0.0001      0.0001      0.0001      0.0001      0.0001      0.0001      0.0001      0.0001      0.0001      0.0001      0.0001      0.0001      0.0001      0.0001      0.0001           0           0           0           0           0           0
    A14          0.0001      0.0001      0.0001      0.0001      0.0001      0.0001      0.0001      0.0001      0.0001      0.0001      0.0001      0.0001      0.0001      0.0001      0.0001      0.0001      0.0001      0.0001           0           0           0           0
    A15          0.0001      0.0001      0.0001      0.0001      0.0001      0.0001      0.0001      0.0001           0           0           0           0           0           0           0           0           0           0           0           0           0           0
    A16          0.0001      0.0001      0.0001      0.0001      0.0001           0           0           0           0           0           0           0           0           0           0           0           0           0           0           0           0           0
    A17          0.0001      0.0001      0.0001      0.0001      0.0001      0.0001      0.0001      0.0001      0.0001      0.0001      0.0001      0.0001      0.0001      0.0001      0.0001      0.0001      0.0001      0.0001      0.0001      0.0001     0.00012      0.0001
    A18          0.0001      0.0001      0.0001      0.0001      0.0001      0.0001      0.0001      0.0001      0.0001      0.0001      0.0001      0.0001      0.0001      0.0001      0.0001      0.0001      0.0001      0.0001      0.0001      0.0001     0.00012           0
    A19          0.0001      0.0001      0.0001      0.0001      0.0001      0.0001      0.0001      0.0001      0.0001      0.0001      0.0001      0.0001      0.0001           0           0           0           0           0           0           0           0           0
    A20          0.0001      0.0001      0.0001      0.0001      0.0001      0.0001      0.0001      0.0001      0.0001      0.0001      0.0001      0.0001      0.0001      0.0001      0.0001           0           0           0           0           0           0           0
    A22          0.0001      0.0001      0.0001      0.0001      0.0001      0.0001      0.0001      0.0001      0.0001      0.0001           0           0           0           0           0           0           0           0           0           0           0           0
    A24          0.0001      0.0001      0.0001      0.0001           0           0           0           0           0           0           0           0           0           0           0           0           0           0           0           0           0           0
    B1          0.00018     0.00018     0.00018           0           0           0           0           0           0           0           0           0           0           0           0           0           0           0           0           0           0           0
    B2          0.00016     0.00016     0.00016     0.00016     0.00016     0.00016     0.00016     0.00016     0.00016     0.00017     0.00017     0.00017     0.00017     0.00017           0           0           0           0           0           0           0           0
    B3          0.00012     0.00012     0.00012     0.00012     0.00012     0.00012     0.00012           0           0           0           0           0           0           0           0           0           0           0           0           0           0           0
    B4          0.00011     0.00011     0.00011     0.00011     0.00011     0.00011           0           0           0           0           0           0           0           0           0           0           0           0           0           0           0           0
    B5                0           0           0           0           0           0           0           0           0           0           0           0      -1e-05      -1e-05      -2e-05      -2e-05      -2e-05           0           0           0           0           0
    B6            2e-05       2e-05       2e-05       2e-05       2e-05       2e-05       2e-05       2e-05       2e-05       2e-05       2e-05       2e-05           0           0           0           0           0           0           0           0           0           0
    B7           0.0001      0.0001       9e-05       9e-05      0.0001      0.0001      0.0001       9e-05       9e-05      0.0001      0.0001           0           0           0           0           0           0           0           0           0           0           0
    B8           0.0001      0.0001      0.0001      0.0001      0.0001      0.0001      0.0001      0.0001      0.0001           0           0           0           0           0           0           0           0           0           0           0           0           0
    B9         -0.00043    -0.00043    -0.00043    -0.00043    -0.00042    -0.00042    -0.00042    -0.00042    -0.00041     -0.0004     -0.0004    -0.00039    -0.00036    -0.00036    -0.00036    -0.00036    -0.00036    -0.00033    -0.00035    -0.00024           0           0
    B10         0.00041     0.00041     0.00041     0.00041     0.00041     0.00041     0.00041      0.0004      0.0004      0.0004      0.0004      0.0004     0.00039     0.00039     0.00039     0.00039     0.00039     0.00038     0.00073           0           0           0
    B11           4e-05       4e-05           0           0           0           0           0           0           0           0           0           0           0           0           0           0           0           0           0           0           0           0
    B12         0.00015           0           0           0           0           0           0           0           0           0           0           0           0           0           0           0           0           0           0           0           0           0
    B13           9e-05       9e-05       9e-05       9e-05       9e-05       9e-05       9e-05       9e-05       9e-05       9e-05       9e-05      0.0001      0.0001      0.0001      0.0001      0.0001           0           0           0           0           0           0
    B14         0.00014     0.00014     0.00014     0.00014     0.00014     0.00014     0.00014     0.00014     0.00014     0.00014     0.00014     0.00014     0.00014     0.00014     0.00014     0.00014     0.00014     0.00013           0           0           0           0
    B15          0.0001      0.0001      0.0001      0.0001      0.0001      0.0001      0.0001       9e-05           0           0           0           0           0           0           0           0           0           0           0           0           0           0
    B16           8e-05       8e-05       8e-05       8e-05       8e-05           0           0           0           0           0           0           0           0           0           0           0           0           0           0           0           0           0
    B17         0.00024     0.00024     0.00024     0.00024     0.00024     0.00024     0.00024     0.00024     0.00024     0.00024     0.00024     0.00025     0.00024     0.00024     0.00024     0.00024     0.00024     0.00025     0.00026     0.00032     0.00309    -0.00011
    B18         0.00019     0.00019     0.00019     0.00019     0.00019     0.00019     0.00019     0.00019     0.00019     0.00019     0.00019      0.0002     0.00019     0.00019     0.00019     0.00019     0.00019      0.0002     0.00021     0.00022     0.00221           0
    B19         0.00012     0.00012     0.00013     0.00013     0.00012     0.00012     0.00012     0.00013     0.00013     0.00012     0.00012     0.00012     0.00011           0           0           0           0           0           0           0           0           0
    B20         0.00012     0.00012     0.00012     0.00012     0.00012     0.00012     0.00012     0.00012     0.00012     0.00012     0.00012     0.00011     0.00011     0.00011     0.00011           0           0           0           0           0           0           0
    B22           3e-05       3e-05       3e-05       3e-05       3e-05       3e-05       3e-05       3e-05       3e-05       3e-05           0           0           0           0           0           0           0           0           0           0           0           0
    B24           9e-05       9e-05       9e-05       9e-05           0           0           0           0           0           0           0           0           0           0           0           0           0           0           0           0           0           0
    C1           -2e-05      -2e-05      -3e-05           0           0           0           0           0           0           0           0           0           0           0           0           0           0           0           0           0           0           0
    C2            6e-05       6e-05       6e-05       6e-05       6e-05       6e-05       6e-05       6e-05       7e-05       8e-05       8e-05       8e-05       3e-05       3e-05           0           0           0           0           0           0           0           0
    C3            8e-05       8e-05       9e-05       9e-05       8e-05       8e-05       8e-05           0           0           0           0           0           0           0           0           0           0           0           0           0           0           0
    C4            3e-05       3e-05       4e-05       4e-05       3e-05       3e-05           0           0           0           0           0           0           0           0           0           0           0           0           0           0           0           0
    C5            7e-05       7e-05       7e-05       8e-05       8e-05       8e-05       8e-05       7e-05       8e-05       7e-05       7e-05       8e-05       7e-05       7e-05       4e-05       2e-05       2e-05           0           0           0           0           0
    C6            7e-05       7e-05       8e-05       8e-05       7e-05       7e-05       7e-05       7e-05       6e-05       6e-05       6e-05       6e-05           0           0           0           0           0           0           0           0           0           0
    C7          0.00011     0.00011       9e-05       9e-05     0.00011      0.0001      0.0001       7e-05       8e-05     0.00011     0.00011           0           0           0           0           0           0           0           0           0           0           0
    C8          0.00016     0.00016     0.00015     0.00015     0.00016     0.00015     0.00015     0.00013     0.00014           0           0           0           0           0           0           0           0           0           0           0           0           0
    C9            5e-05       5e-05       5e-05       5e-05       5e-05       4e-05       4e-05       4e-05       4e-05       3e-05       3e-05       4e-05       2e-05       2e-05       2e-05       2e-05       2e-05       3e-05           0       4e-05           0           0
    C10          -2e-05      -2e-05      -2e-05      -2e-05      -2e-05      -2e-05      -2e-05      -2e-05      -1e-05      -1e-05      -1e-05      -2e-05      -1e-05      -1e-05      -1e-05      -1e-05      -2e-05      -3e-05      -7e-05           0           0           0
    C11          -1e-05      -2e-05           0           0           0           0           0           0           0           0           0           0           0           0           0           0           0           0           0           0           0           0
    C12          -3e-05           0           0           0           0           0           0           0           0           0           0           0           0           0           0           0           0           0           0           0           0           0
    C13        -0.00011    -0.00011    -0.00011    -0.00011     -0.0001     -0.0001     -0.0001     -0.0001      -9e-05      -9e-05      -9e-05      -8e-05      -7e-05      -7e-05      -6e-05      -6e-05           0           0           0           0           0           0
    C14        -0.00014    -0.00014    -0.00014    -0.00014    -0.00013    -0.00014    -0.00014    -0.00014    -0.00013    -0.00013    -0.00013    -0.00012    -0.00012    -0.00012    -0.00012    -0.00012    -0.00012    -0.00016           0           0           0           0
    C15           6e-05       6e-05       5e-05       5e-05       6e-05       5e-05       5e-05       2e-05           0           0           0           0           0           0           0           0           0           0           0           0           0           0
    C16          -9e-05      -9e-05      -9e-05      -9e-05      -9e-05           0           0           0           0           0           0           0           0           0           0           0           0           0           0           0           0           0
    C17               0      -1e-05      -1e-05      -2e-05      -2e-05      -2e-05      -2e-05      -3e-05      -3e-05      -4e-05      -4e-05      -1e-05      -5e-05      -5e-05      -5e-05      -5e-05      -5e-05      -1e-05      -9e-05     0.00019    -0.00022       2e-05
    C18        -0.00023    -0.00024    -0.00024    -0.00024    -0.00024    -0.00025    -0.00025    -0.00025    -0.00025    -0.00026    -0.00026    -0.00024    -0.00027    -0.00027    -0.00027    -0.00027    -0.00027    -0.00023    -0.00029    -0.00034    -0.00062           0
    C19         0.00011      0.0001     0.00012     0.00012      0.0001     0.00011     0.00011     0.00015     0.00013       9e-05       9e-05       4e-05      -2e-05           0           0           0           0           0           0           0           0           0
    C20          0.0001      0.0001      0.0001      0.0001      0.0001      0.0001      0.0001     0.00011     0.00011       9e-05       9e-05       7e-05       5e-05       5e-05       6e-05           0           0           0           0           0           0           0
    C22          -5e-05      -4e-05      -4e-05      -4e-05      -4e-05      -3e-05      -3e-05      -3e-05      -2e-05      -1e-05           0           0           0           0           0           0           0           0           0           0           0           0
    C24           9e-05       9e-05       7e-05       8e-05           0           0           0           0           0           0           0           0           0           0           0           0           0           0           0           0           0           0
    gDiffA1       9e-05       9e-05       9e-05       9e-05       9e-05       9e-05       9e-05       9e-05       9e-05       9e-05       9e-05       9e-05       9e-05       9e-05       9e-05       9e-05       9e-05       9e-05       9e-05       9e-05       9e-05       9e-05
    gDiffA2      0.0001      0.0001      0.0001      0.0001      0.0001      0.0001      0.0001      0.0001      0.0001      0.0001      0.0001      0.0001      0.0001      0.0001      0.0001      0.0001      0.0001      0.0001      0.0001      0.0001      0.0001      0.0001
    gDiffB1    -0.00066    -0.00066    -0.00066    -0.00066    -0.00066    -0.00066    -0.00066    -0.00066    -0.00066    -0.00066    -0.00066    -0.00066    -0.00066    -0.00066    -0.00066    -0.00066    -0.00066    -0.00066    -0.00066    -0.00066    -0.00066    -0.00066
    gDiffB2       1e-05       1e-05       1e-05       1e-05       1e-05       1e-05       1e-05       1e-05       1e-05       1e-05       1e-05       1e-05       1e-05       1e-05       1e-05       1e-05       1e-05       1e-05       1e-05       1e-05       1e-05       1e-05
    gDiffC1     0.00012     0.00012     0.00012     0.00012     0.00012     0.00012     0.00012     0.00012     0.00012     0.00012     0.00012     0.00012     0.00012     0.00012     0.00012     0.00012     0.00012     0.00012     0.00012     0.00012     0.00012     0.00012
    gDiffC2       5e-05       5e-05       5e-05       5e-05       5e-05       5e-05       5e-05       5e-05       5e-05       5e-05       5e-05       5e-05       5e-05       5e-05       5e-05       5e-05       5e-05       5e-05       5e-05       5e-05       5e-05       5e-05

>> >> >> >> >> >> >> >> 