MATLAB is selecting SOFTWARE OPENGL rendering.

                            < M A T L A B (R) >
                  Copyright 1984-2021 The MathWorks, Inc.
             R2021a Update 4 (9.10.0.1710957) 64-bit (glnxa64)
                                July 1, 2021

 
To get started, type doc.
For product information, visit www.mathworks.com.
 
>> >> >> >> >> >> >> >> >> >> >> >> >> >> >> >> >> >> >> >> >> >> >> >> >> >> >> >> >> >> >> >> >> >> >> >> >> >> >> >> >> >> >> >> >> >> >> >> >> >> >> >> >> >> >> >> >> >> >> >> >> >> >> >> >> >> >> >> >> >> >> >> >> >> >> >> >> >> >> >> >> >> >> >> >> >> >> >> >> >> >> >> >> >> >> >> >> >> >> >> >> >> >> >> >> >> >> >> >> >> >> >> >> >> >> >> >> Starting parallel pool (parpool) using the 'local' profile ...
Connected to the parallel pool (number of workers: 4).
[Warning: MATLAB has disabled some advanced graphics rendering features by
switching to software OpenGL. For more information, click <a
href="matlab:opengl('problems')">here</a>.] 

Local minimum possible.

fminunc stopped because it cannot decrease the objective function
along the current search direction.

>> >> 
d0_end_only =

    0.0550
    0.0652
    0.0770
    0.0906
    0.1062

>> >> >> >> >> >> 
final_tab_endMem =

  6x1 table

                Coeff 
               _______

    gDiffA1    0.00012
    gDiffA2     0.0001
    gDiffB1    0.00269
    gDiffB2    0.00038
    gDiffC1    -0.0003
    gDiffC2     -1e-05

>> >> >> >> >> >> >> >> >> >> >> >> >> >> 
Local minimum possible.

fminunc stopped because it cannot decrease the objective function
along the current search direction.

>> >> >> >> >> >> 
Local minimum possible.

fminunc stopped because it cannot decrease the objective function
along the current search direction.

>> >> >> >> >> >> >> >> >> >> >> >> >> >> >> 
Local minimum possible.

fminunc stopped because it cannot decrease the objective function
along the current search direction.


d0_progress =

  Columns 1 through 7

    0.0918         0         0         0         0         0         0
    0.1033         0         0         0         0         0         0
    0.1150         0         0         0         0         0         0
    0.1265         0         0         0         0         0         0
    0.1376         0         0         0         0         0         0

  Columns 8 through 14

         0         0         0         0         0         0         0
         0         0         0         0         0         0         0
         0         0         0         0         0         0         0
         0         0         0         0         0         0         0
         0         0         0         0         0         0         0

  Columns 15 through 21

         0         0         0         0         0         0         0
         0         0         0         0         0         0         0
         0         0         0         0         0         0         0
         0         0         0         0         0         0         0
         0         0         0         0         0         0         0

  Column 22

         0
         0
         0
         0
         0

Combo 1 are these terms and this Value: 17       : 9.596e-03 
Combo 2 are these terms and this Value: 11 13   : 2.202e-02 
Combo 3 are these terms and this Value: 1 6 19 : 1.039e-02 
This was the dropped L term(spot): 19 
There are 21 L terms left. 

Local minimum possible.

fminunc stopped because it cannot decrease the objective function
along the current search direction.


d0_progress =

  Columns 1 through 7

    0.0918    0.0890         0         0         0         0         0
    0.1033    0.1002         0         0         0         0         0
    0.1150    0.1121         0         0         0         0         0
    0.1265    0.1245         0         0         0         0         0
    0.1376    0.1371         0         0         0         0         0

  Columns 8 through 14

         0         0         0         0         0         0         0
         0         0         0         0         0         0         0
         0         0         0         0         0         0         0
         0         0         0         0         0         0         0
         0         0         0         0         0         0         0

  Columns 15 through 21

         0         0         0         0         0         0         0
         0         0         0         0         0         0         0
         0         0         0         0         0         0         0
         0         0         0         0         0         0         0
         0         0         0         0         0         0         0

  Column 22

         0
         0
         0
         0
         0

Combo 1 are these terms and this Value: 13       : 1.895e-03 
Combo 2 are these terms and this Value: 7 11   : 1.147e-02 
Combo 3 are these terms and this Value: 8 16 17 : 1.561e-03 
This was the dropped L term(spot): 16 
There are 20 L terms left. 

Local minimum possible.

fminunc stopped because it cannot decrease the objective function
along the current search direction.


d0_progress =

  Columns 1 through 7

    0.0918    0.0890    0.0888         0         0         0         0
    0.1033    0.1002    0.0995         0         0         0         0
    0.1150    0.1121    0.1108         0         0         0         0
    0.1265    0.1245    0.1227         0         0         0         0
    0.1376    0.1371    0.1349         0         0         0         0

  Columns 8 through 14

         0         0         0         0         0         0         0
         0         0         0         0         0         0         0
         0         0         0         0         0         0         0
         0         0         0         0         0         0         0
         0         0         0         0         0         0         0

  Columns 15 through 21

         0         0         0         0         0         0         0
         0         0         0         0         0         0         0
         0         0         0         0         0         0         0
         0         0         0         0         0         0         0
         0         0         0         0         0         0         0

  Column 22

         0
         0
         0
         0
         0

Combo 1 are these terms and this Value: 13       : 4.627e-03 
Combo 2 are these terms and this Value: 2 6   : 2.527e-02 
Combo 3 are these terms and this Value: 2 6 13 : 3.188e-02 
This was the dropped L term(spot): 6 
There are 19 L terms left. 

Local minimum possible.

fminunc stopped because it cannot decrease the objective function
along the current search direction.


d0_progress =

  Columns 1 through 7

    0.0918    0.0890    0.0888    0.0961         0         0         0
    0.1033    0.1002    0.0995    0.1026         0         0         0
    0.1150    0.1121    0.1108    0.1120         0         0         0
    0.1265    0.1245    0.1227    0.1240         0         0         0
    0.1376    0.1371    0.1349    0.1385         0         0         0

  Columns 8 through 14

         0         0         0         0         0         0         0
         0         0         0         0         0         0         0
         0         0         0         0         0         0         0
         0         0         0         0         0         0         0
         0         0         0         0         0         0         0

  Columns 15 through 21

         0         0         0         0         0         0         0
         0         0         0         0         0         0         0
         0         0         0         0         0         0         0
         0         0         0         0         0         0         0
         0         0         0         0         0         0         0

  Column 22

         0
         0
         0
         0
         0

Combo 1 are these terms and this Value: 13       : 9.229e-02 
Combo 2 are these terms and this Value: 11 17   : 3.327e-02 
Combo 3 are these terms and this Value: 11 17 21 : 1.749e-02 
This was the dropped L term(spot): 21 
There are 18 L terms left. 

Local minimum possible.

fminunc stopped because it cannot decrease the objective function
along the current search direction.


d0_progress =

  Columns 1 through 7

    0.0918    0.0890    0.0888    0.0961    0.0984         0         0
    0.1033    0.1002    0.0995    0.1026    0.1043         0         0
    0.1150    0.1121    0.1108    0.1120    0.1130         0         0
    0.1265    0.1245    0.1227    0.1240    0.1244         0         0
    0.1376    0.1371    0.1349    0.1385    0.1383         0         0

  Columns 8 through 14

         0         0         0         0         0         0         0
         0         0         0         0         0         0         0
         0         0         0         0         0         0         0
         0         0         0         0         0         0         0
         0         0         0         0         0         0         0

  Columns 15 through 21

         0         0         0         0         0         0         0
         0         0         0         0         0         0         0
         0         0         0         0         0         0         0
         0         0         0         0         0         0         0
         0         0         0         0         0         0         0

  Column 22

         0
         0
         0
         0
         0

Combo 1 are these terms and this Value: 13       : 1.729e-02 
Combo 2 are these terms and this Value: 7 11   : 6.232e-02 
Combo 3 are these terms and this Value: 8 11 15 : 1.093e-02 
This was the dropped L term(spot): 15 
There are 17 L terms left. 

Local minimum possible.

fminunc stopped because it cannot decrease the objective function
along the current search direction.


d0_progress =

  Columns 1 through 7

    0.0918    0.0890    0.0888    0.0961    0.0984    0.0979         0
    0.1033    0.1002    0.0995    0.1026    0.1043    0.1032         0
    0.1150    0.1121    0.1108    0.1120    0.1130    0.1115         0
    0.1265    0.1245    0.1227    0.1240    0.1244    0.1226         0
    0.1376    0.1371    0.1349    0.1385    0.1383    0.1364         0

  Columns 8 through 14

         0         0         0         0         0         0         0
         0         0         0         0         0         0         0
         0         0         0         0         0         0         0
         0         0         0         0         0         0         0
         0         0         0         0         0         0         0

  Columns 15 through 21

         0         0         0         0         0         0         0
         0         0         0         0         0         0         0
         0         0         0         0         0         0         0
         0         0         0         0         0         0         0
         0         0         0         0         0         0         0

  Column 22

         0
         0
         0
         0
         0

Combo 1 are these terms and this Value: 13       : 3.479e-02 
Combo 2 are these terms and this Value: 7 11   : 3.494e-02 
Combo 3 are these terms and this Value: 7 11 13 : 3.602e-02 
This was the dropped L term(spot): 11 
There are 16 L terms left. 

Local minimum possible.

fminunc stopped because it cannot decrease the objective function
along the current search direction.


d0_progress =

  Columns 1 through 7

    0.0918    0.0890    0.0888    0.0961    0.0984    0.0979    0.1062
    0.1033    0.1002    0.0995    0.1026    0.1043    0.1032    0.1111
    0.1150    0.1121    0.1108    0.1120    0.1130    0.1115    0.1181
    0.1265    0.1245    0.1227    0.1240    0.1244    0.1226    0.1272
    0.1376    0.1371    0.1349    0.1385    0.1383    0.1364    0.1384

  Columns 8 through 14

         0         0         0         0         0         0         0
         0         0         0         0         0         0         0
         0         0         0         0         0         0         0
         0         0         0         0         0         0         0
         0         0         0         0         0         0         0

  Columns 15 through 21

         0         0         0         0         0         0         0
         0         0         0         0         0         0         0
         0         0         0         0         0         0         0
         0         0         0         0         0         0         0
         0         0         0         0         0         0         0

  Column 22

         0
         0
         0
         0
         0

Combo 1 are these terms and this Value: 22       : 2.429e-01 
Combo 2 are these terms and this Value: 8 13   : 5.341e-02 
Combo 3 are these terms and this Value: 8 13 22 : 6.357e-01 
This was the dropped L term(spot): 8 
There are 15 L terms left. 

Local minimum possible.

fminunc stopped because it cannot decrease the objective function
along the current search direction.


d0_progress =

  Columns 1 through 7

    0.0918    0.0890    0.0888    0.0961    0.0984    0.0979    0.1062
    0.1033    0.1002    0.0995    0.1026    0.1043    0.1032    0.1111
    0.1150    0.1121    0.1108    0.1120    0.1130    0.1115    0.1181
    0.1265    0.1245    0.1227    0.1240    0.1244    0.1226    0.1272
    0.1376    0.1371    0.1349    0.1385    0.1383    0.1364    0.1384

  Columns 8 through 14

    0.0989         0         0         0         0         0         0
    0.1070         0         0         0         0         0         0
    0.1165         0         0         0         0         0         0
    0.1274         0         0         0         0         0         0
    0.1396         0         0         0         0         0         0

  Columns 15 through 21

         0         0         0         0         0         0         0
         0         0         0         0         0         0         0
         0         0         0         0         0         0         0
         0         0         0         0         0         0         0
         0         0         0         0         0         0         0

  Column 22

         0
         0
         0
         0
         0

Combo 1 are these terms and this Value: 13       : 1.589e-01 
Combo 2 are these terms and this Value: 17 20   : 7.333e-02 
Combo 3 are these terms and this Value: 7 17 20 : 5.705e-02 
This was the dropped L term(spot): 7 
There are 14 L terms left. 

Local minimum possible.

fminunc stopped because it cannot decrease the objective function
along the current search direction.


d0_progress =

  Columns 1 through 7

    0.0918    0.0890    0.0888    0.0961    0.0984    0.0979    0.1062
    0.1033    0.1002    0.0995    0.1026    0.1043    0.1032    0.1111
    0.1150    0.1121    0.1108    0.1120    0.1130    0.1115    0.1181
    0.1265    0.1245    0.1227    0.1240    0.1244    0.1226    0.1272
    0.1376    0.1371    0.1349    0.1385    0.1383    0.1364    0.1384

  Columns 8 through 14

    0.0989    0.0951         0         0         0         0         0
    0.1070    0.1030         0         0         0         0         0
    0.1165    0.1120         0         0         0         0         0
    0.1274    0.1221         0         0         0         0         0
    0.1396    0.1333         0         0         0         0         0

  Columns 15 through 21

         0         0         0         0         0         0         0
         0         0         0         0         0         0         0
         0         0         0         0         0         0         0
         0         0         0         0         0         0         0
         0         0         0         0         0         0         0

  Column 22

         0
         0
         0
         0
         0

Combo 1 are these terms and this Value: 13       : 4.055e-03 
Combo 2 are these terms and this Value: 4 13   : 3.504e-02 
Combo 3 are these terms and this Value: 3 4 22 : 6.179e-03 
This was the dropped L term(spot): 4 
There are 13 L terms left. 

Local minimum possible.

fminunc stopped because it cannot decrease the objective function
along the current search direction.


d0_progress =

  Columns 1 through 7

    0.0918    0.0890    0.0888    0.0961    0.0984    0.0979    0.1062
    0.1033    0.1002    0.0995    0.1026    0.1043    0.1032    0.1111
    0.1150    0.1121    0.1108    0.1120    0.1130    0.1115    0.1181
    0.1265    0.1245    0.1227    0.1240    0.1244    0.1226    0.1272
    0.1376    0.1371    0.1349    0.1385    0.1383    0.1364    0.1384

  Columns 8 through 14

    0.0989    0.0951    0.0953         0         0         0         0
    0.1070    0.1030    0.1035         0         0         0         0
    0.1165    0.1120    0.1128         0         0         0         0
    0.1274    0.1221    0.1232         0         0         0         0
    0.1396    0.1333    0.1346         0         0         0         0

  Columns 15 through 21

         0         0         0         0         0         0         0
         0         0         0         0         0         0         0
         0         0         0         0         0         0         0
         0         0         0         0         0         0         0
         0         0         0         0         0         0         0

  Column 22

         0
         0
         0
         0
         0

Combo 1 are these terms and this Value: 13       : 1.095e-02 
Combo 2 are these terms and this Value: 13 17   : 1.371e-01 
Combo 3 are these terms and this Value: 17 20 22 : 9.401e-02 
This was the dropped L term(spot): 17 
There are 12 L terms left. 

Local minimum possible.

fminunc stopped because it cannot decrease the objective function
along the current search direction.


d0_progress =

  Columns 1 through 7

    0.0918    0.0890    0.0888    0.0961    0.0984    0.0979    0.1062
    0.1033    0.1002    0.0995    0.1026    0.1043    0.1032    0.1111
    0.1150    0.1121    0.1108    0.1120    0.1130    0.1115    0.1181
    0.1265    0.1245    0.1227    0.1240    0.1244    0.1226    0.1272
    0.1376    0.1371    0.1349    0.1385    0.1383    0.1364    0.1384

  Columns 8 through 14

    0.0989    0.0951    0.0953    0.0946         0         0         0
    0.1070    0.1030    0.1035    0.1027         0         0         0
    0.1165    0.1120    0.1128    0.1116         0         0         0
    0.1274    0.1221    0.1232    0.1214         0         0         0
    0.1396    0.1333    0.1346    0.1320         0         0         0

  Columns 15 through 21

         0         0         0         0         0         0         0
         0         0         0         0         0         0         0
         0         0         0         0         0         0         0
         0         0         0         0         0         0         0
         0         0         0         0         0         0         0

  Column 22

         0
         0
         0
         0
         0

Combo 1 are these terms and this Value: 13       : 8.136e-02 
Combo 2 are these terms and this Value: 13 22   : 1.625e-01 
Combo 3 are these terms and this Value: 1 5 20 : 6.196e-01 
This was the dropped L term(spot): 13 
There are 11 L terms left. 

Local minimum possible.

fminunc stopped because it cannot decrease the objective function
along the current search direction.


d0_progress =

  Columns 1 through 7

    0.0918    0.0890    0.0888    0.0961    0.0984    0.0979    0.1062
    0.1033    0.1002    0.0995    0.1026    0.1043    0.1032    0.1111
    0.1150    0.1121    0.1108    0.1120    0.1130    0.1115    0.1181
    0.1265    0.1245    0.1227    0.1240    0.1244    0.1226    0.1272
    0.1376    0.1371    0.1349    0.1385    0.1383    0.1364    0.1384

  Columns 8 through 14

    0.0989    0.0951    0.0953    0.0946    0.0959         0         0
    0.1070    0.1030    0.1035    0.1027    0.1045         0         0
    0.1165    0.1120    0.1128    0.1116    0.1138         0         0
    0.1274    0.1221    0.1232    0.1214    0.1239         0         0
    0.1396    0.1333    0.1346    0.1320    0.1348         0         0

  Columns 15 through 21

         0         0         0         0         0         0         0
         0         0         0         0         0         0         0
         0         0         0         0         0         0         0
         0         0         0         0         0         0         0
         0         0         0         0         0         0         0

  Column 22

         0
         0
         0
         0
         0

Combo 1 are these terms and this Value: 3       : 8.664e-01 
Combo 2 are these terms and this Value: 20 22   : 2.236e-01 
Combo 3 are these terms and this Value: 3 12 22 : 1.946e+00 
This was the dropped L term(spot): 22 
There are 10 L terms left. 

Local minimum possible.

fminunc stopped because it cannot decrease the objective function
along the current search direction.


d0_progress =

  Columns 1 through 7

    0.0918    0.0890    0.0888    0.0961    0.0984    0.0979    0.1062
    0.1033    0.1002    0.0995    0.1026    0.1043    0.1032    0.1111
    0.1150    0.1121    0.1108    0.1120    0.1130    0.1115    0.1181
    0.1265    0.1245    0.1227    0.1240    0.1244    0.1226    0.1272
    0.1376    0.1371    0.1349    0.1385    0.1383    0.1364    0.1384

  Columns 8 through 14

    0.0989    0.0951    0.0953    0.0946    0.0959    0.0966         0
    0.1070    0.1030    0.1035    0.1027    0.1045    0.1091         0
    0.1165    0.1120    0.1128    0.1116    0.1138    0.1216         0
    0.1274    0.1221    0.1232    0.1214    0.1239    0.1340         0
    0.1396    0.1333    0.1346    0.1320    0.1348    0.1462         0

  Columns 15 through 21

         0         0         0         0         0         0         0
         0         0         0         0         0         0         0
         0         0         0         0         0         0         0
         0         0         0         0         0         0         0
         0         0         0         0         0         0         0

  Column 22

         0
         0
         0
         0
         0

Combo 1 are these terms and this Value: 3       : 1.407e+00 
Combo 2 are these terms and this Value: 12 14   : 4.997e+00 
Combo 3 are these terms and this Value: 1 5 9 : 2.202e+00 
This was the dropped L term(spot): 9 
There are 9 L terms left. 

Local minimum possible.

fminunc stopped because it cannot decrease the objective function
along the current search direction.


d0_progress =

  Columns 1 through 7

    0.0918    0.0890    0.0888    0.0961    0.0984    0.0979    0.1062
    0.1033    0.1002    0.0995    0.1026    0.1043    0.1032    0.1111
    0.1150    0.1121    0.1108    0.1120    0.1130    0.1115    0.1181
    0.1265    0.1245    0.1227    0.1240    0.1244    0.1226    0.1272
    0.1376    0.1371    0.1349    0.1385    0.1383    0.1364    0.1384

  Columns 8 through 14

    0.0989    0.0951    0.0953    0.0946    0.0959    0.0966    0.0485
    0.1070    0.1030    0.1035    0.1027    0.1045    0.1091    0.0691
    0.1165    0.1120    0.1128    0.1116    0.1138    0.1216    0.0907
    0.1274    0.1221    0.1232    0.1214    0.1239    0.1340    0.1116
    0.1396    0.1333    0.1346    0.1320    0.1348    0.1462    0.1311

  Columns 15 through 21

         0         0         0         0         0         0         0
         0         0         0         0         0         0         0
         0         0         0         0         0         0         0
         0         0         0         0         0         0         0
         0         0         0         0         0         0         0

  Column 22

         0
         0
         0
         0
         0

Combo 1 are these terms and this Value: 2       : 9.506e-03 
Combo 2 are these terms and this Value: 2 3   : 4.605e-02 
Combo 3 are these terms and this Value: 3 10 20 : 2.048e-01 
This was the dropped L term(spot): 2 
There are 8 L terms left. 

Local minimum possible.

fminunc stopped because it cannot decrease the objective function
along the current search direction.


d0_progress =

  Columns 1 through 7

    0.0918    0.0890    0.0888    0.0961    0.0984    0.0979    0.1062
    0.1033    0.1002    0.0995    0.1026    0.1043    0.1032    0.1111
    0.1150    0.1121    0.1108    0.1120    0.1130    0.1115    0.1181
    0.1265    0.1245    0.1227    0.1240    0.1244    0.1226    0.1272
    0.1376    0.1371    0.1349    0.1385    0.1383    0.1364    0.1384

  Columns 8 through 14

    0.0989    0.0951    0.0953    0.0946    0.0959    0.0966    0.0485
    0.1070    0.1030    0.1035    0.1027    0.1045    0.1091    0.0691
    0.1165    0.1120    0.1128    0.1116    0.1138    0.1216    0.0907
    0.1274    0.1221    0.1232    0.1214    0.1239    0.1340    0.1116
    0.1396    0.1333    0.1346    0.1320    0.1348    0.1462    0.1311

  Columns 15 through 21

    0.0484         0         0         0         0         0         0
    0.0682         0         0         0         0         0         0
    0.0889         0         0         0         0         0         0
    0.1089         0         0         0         0         0         0
    0.1275         0         0         0         0         0         0

  Column 22

         0
         0
         0
         0
         0

Combo 1 are these terms and this Value: 20       : 1.868e-01 
Combo 2 are these terms and this Value: 10 20   : 2.062e-01 
Combo 3 are these terms and this Value: 10 12 20 : 7.085e-02 
This was the dropped L term(spot): 12 
There are 7 L terms left. 

Local minimum possible.

fminunc stopped because it cannot decrease the objective function
along the current search direction.


d0_progress =

  Columns 1 through 7

    0.0918    0.0890    0.0888    0.0961    0.0984    0.0979    0.1062
    0.1033    0.1002    0.0995    0.1026    0.1043    0.1032    0.1111
    0.1150    0.1121    0.1108    0.1120    0.1130    0.1115    0.1181
    0.1265    0.1245    0.1227    0.1240    0.1244    0.1226    0.1272
    0.1376    0.1371    0.1349    0.1385    0.1383    0.1364    0.1384

  Columns 8 through 14

    0.0989    0.0951    0.0953    0.0946    0.0959    0.0966    0.0485
    0.1070    0.1030    0.1035    0.1027    0.1045    0.1091    0.0691
    0.1165    0.1120    0.1128    0.1116    0.1138    0.1216    0.0907
    0.1274    0.1221    0.1232    0.1214    0.1239    0.1340    0.1116
    0.1396    0.1333    0.1346    0.1320    0.1348    0.1462    0.1311

  Columns 15 through 21

    0.0484    0.0444         0         0         0         0         0
    0.0682    0.0491         0         0         0         0         0
    0.0889    0.0549         0         0         0         0         0
    0.1089    0.0618         0         0         0         0         0
    0.1275    0.0701         0         0         0         0         0

  Column 22

         0
         0
         0
         0
         0

Combo 1 are these terms and this Value: 20       : 4.282e-01 
Combo 2 are these terms and this Value: 3 20   : 5.417e-02 
Combo 3 are these terms and this Value: 1 3 5 : 1.069e+00 
This was the dropped L term(spot): 20 
There are 6 L terms left. 

Local minimum possible.

fminunc stopped because it cannot decrease the objective function
along the current search direction.


d0_progress =

  Columns 1 through 7

    0.0918    0.0890    0.0888    0.0961    0.0984    0.0979    0.1062
    0.1033    0.1002    0.0995    0.1026    0.1043    0.1032    0.1111
    0.1150    0.1121    0.1108    0.1120    0.1130    0.1115    0.1181
    0.1265    0.1245    0.1227    0.1240    0.1244    0.1226    0.1272
    0.1376    0.1371    0.1349    0.1385    0.1383    0.1364    0.1384

  Columns 8 through 14

    0.0989    0.0951    0.0953    0.0946    0.0959    0.0966    0.0485
    0.1070    0.1030    0.1035    0.1027    0.1045    0.1091    0.0691
    0.1165    0.1120    0.1128    0.1116    0.1138    0.1216    0.0907
    0.1274    0.1221    0.1232    0.1214    0.1239    0.1340    0.1116
    0.1396    0.1333    0.1346    0.1320    0.1348    0.1462    0.1311

  Columns 15 through 21

    0.0484    0.0444    0.0446         0         0         0         0
    0.0682    0.0491    0.0489         0         0         0         0
    0.0889    0.0549    0.0541         0         0         0         0
    0.1089    0.0618    0.0606         0         0         0         0
    0.1275    0.0701    0.0686         0         0         0         0

  Column 22

         0
         0
         0
         0
         0

Combo 1 are these terms and this Value: 3       : 3.595e-01 
Combo 2 are these terms and this Value: 3 10   : 2.268e+00 
Combo 3 are these terms and this Value: 1 5 10 : 2.439e+00 
This was the dropped L term(spot): 3 
There are 5 L terms left. 

Local minimum possible.

fminunc stopped because it cannot decrease the objective function
along the current search direction.


d0_progress =

  Columns 1 through 7

    0.0918    0.0890    0.0888    0.0961    0.0984    0.0979    0.1062
    0.1033    0.1002    0.0995    0.1026    0.1043    0.1032    0.1111
    0.1150    0.1121    0.1108    0.1120    0.1130    0.1115    0.1181
    0.1265    0.1245    0.1227    0.1240    0.1244    0.1226    0.1272
    0.1376    0.1371    0.1349    0.1385    0.1383    0.1364    0.1384

  Columns 8 through 14

    0.0989    0.0951    0.0953    0.0946    0.0959    0.0966    0.0485
    0.1070    0.1030    0.1035    0.1027    0.1045    0.1091    0.0691
    0.1165    0.1120    0.1128    0.1116    0.1138    0.1216    0.0907
    0.1274    0.1221    0.1232    0.1214    0.1239    0.1340    0.1116
    0.1396    0.1333    0.1346    0.1320    0.1348    0.1462    0.1311

  Columns 15 through 21

    0.0484    0.0444    0.0446    0.0485         0         0         0
    0.0682    0.0491    0.0489    0.0534         0         0         0
    0.0889    0.0549    0.0541    0.0593         0         0         0
    0.1089    0.0618    0.0606    0.0664         0         0         0
    0.1275    0.0701    0.0686    0.0750         0         0         0

  Column 22

         0
         0
         0
         0
         0

Combo 1 are these terms and this Value: 14       : 4.775e-01 
Combo 2 are these terms and this Value: 10 18   : 2.025e-01 
Combo 3 are these terms and this Value: 1 5 14 : 5.994e-01 
This was the dropped L term(spot): 10 
There are 4 L terms left. 

Local minimum possible.

fminunc stopped because it cannot decrease the objective function
along the current search direction.


d0_progress =

  Columns 1 through 7

    0.0918    0.0890    0.0888    0.0961    0.0984    0.0979    0.1062
    0.1033    0.1002    0.0995    0.1026    0.1043    0.1032    0.1111
    0.1150    0.1121    0.1108    0.1120    0.1130    0.1115    0.1181
    0.1265    0.1245    0.1227    0.1240    0.1244    0.1226    0.1272
    0.1376    0.1371    0.1349    0.1385    0.1383    0.1364    0.1384

  Columns 8 through 14

    0.0989    0.0951    0.0953    0.0946    0.0959    0.0966    0.0485
    0.1070    0.1030    0.1035    0.1027    0.1045    0.1091    0.0691
    0.1165    0.1120    0.1128    0.1116    0.1138    0.1216    0.0907
    0.1274    0.1221    0.1232    0.1214    0.1239    0.1340    0.1116
    0.1396    0.1333    0.1346    0.1320    0.1348    0.1462    0.1311

  Columns 15 through 21

    0.0484    0.0444    0.0446    0.0485    0.0506         0         0
    0.0682    0.0491    0.0489    0.0534    0.0522         0         0
    0.0889    0.0549    0.0541    0.0593    0.0544         0         0
    0.1089    0.0618    0.0606    0.0664    0.0575         0         0
    0.1275    0.0701    0.0686    0.0750    0.0614         0         0

  Column 22

         0
         0
         0
         0
         0

Combo 1 are these terms and this Value: 14       : 8.654e+00 
Combo 2 are these terms and this Value: 14 18   : 9.699e-01 
Combo 3 are these terms and this Value: 1 5 14 : 6.057e+00 
This was the dropped L term(spot): 14 
There are 3 L terms left. 

Local minimum possible.

fminunc stopped because it cannot decrease the objective function
along the current search direction.


d0_progress =

  Columns 1 through 7

    0.0918    0.0890    0.0888    0.0961    0.0984    0.0979    0.1062
    0.1033    0.1002    0.0995    0.1026    0.1043    0.1032    0.1111
    0.1150    0.1121    0.1108    0.1120    0.1130    0.1115    0.1181
    0.1265    0.1245    0.1227    0.1240    0.1244    0.1226    0.1272
    0.1376    0.1371    0.1349    0.1385    0.1383    0.1364    0.1384

  Columns 8 through 14

    0.0989    0.0951    0.0953    0.0946    0.0959    0.0966    0.0485
    0.1070    0.1030    0.1035    0.1027    0.1045    0.1091    0.0691
    0.1165    0.1120    0.1128    0.1116    0.1138    0.1216    0.0907
    0.1274    0.1221    0.1232    0.1214    0.1239    0.1340    0.1116
    0.1396    0.1333    0.1346    0.1320    0.1348    0.1462    0.1311

  Columns 15 through 21

    0.0484    0.0444    0.0446    0.0485    0.0506    0.0585         0
    0.0682    0.0491    0.0489    0.0534    0.0522    0.0588         0
    0.0889    0.0549    0.0541    0.0593    0.0544    0.0601         0
    0.1089    0.0618    0.0606    0.0664    0.0575    0.0623         0
    0.1275    0.0701    0.0686    0.0750    0.0614    0.0656         0

  Column 22

         0
         0
         0
         0
         0

Combo 1 are these terms and this Value: 18       : 1.744e+00 
Combo 2 are these terms and this Value: 1 5   : 5.787e-01 
Combo 3 are these terms and this Value: 1 5 18 : 4.785e-01 
This was the dropped L term(spot): 18 
There are 2 L terms left. 

Local minimum possible.

fminunc stopped because it cannot decrease the objective function
along the current search direction.


d0_progress =

  Columns 1 through 7

    0.0918    0.0890    0.0888    0.0961    0.0984    0.0979    0.1062
    0.1033    0.1002    0.0995    0.1026    0.1043    0.1032    0.1111
    0.1150    0.1121    0.1108    0.1120    0.1130    0.1115    0.1181
    0.1265    0.1245    0.1227    0.1240    0.1244    0.1226    0.1272
    0.1376    0.1371    0.1349    0.1385    0.1383    0.1364    0.1384

  Columns 8 through 14

    0.0989    0.0951    0.0953    0.0946    0.0959    0.0966    0.0485
    0.1070    0.1030    0.1035    0.1027    0.1045    0.1091    0.0691
    0.1165    0.1120    0.1128    0.1116    0.1138    0.1216    0.0907
    0.1274    0.1221    0.1232    0.1214    0.1239    0.1340    0.1116
    0.1396    0.1333    0.1346    0.1320    0.1348    0.1462    0.1311

  Columns 15 through 21

    0.0484    0.0444    0.0446    0.0485    0.0506    0.0585    0.0550
    0.0682    0.0491    0.0489    0.0534    0.0522    0.0588    0.0605
    0.0889    0.0549    0.0541    0.0593    0.0544    0.0601    0.0666
    0.1089    0.0618    0.0606    0.0664    0.0575    0.0623    0.0732
    0.1275    0.0701    0.0686    0.0750    0.0614    0.0656    0.0806

  Column 22

         0
         0
         0
         0
         0

This was the dropped L term(spot): 5 
There are 1 L terms left. 

Local minimum possible.

fminunc stopped because it cannot decrease the objective function
along the current search direction.


d0_progress =

  Columns 1 through 7

    0.0918    0.0890    0.0888    0.0961    0.0984    0.0979    0.1062
    0.1033    0.1002    0.0995    0.1026    0.1043    0.1032    0.1111
    0.1150    0.1121    0.1108    0.1120    0.1130    0.1115    0.1181
    0.1265    0.1245    0.1227    0.1240    0.1244    0.1226    0.1272
    0.1376    0.1371    0.1349    0.1385    0.1383    0.1364    0.1384

  Columns 8 through 14

    0.0989    0.0951    0.0953    0.0946    0.0959    0.0966    0.0485
    0.1070    0.1030    0.1035    0.1027    0.1045    0.1091    0.0691
    0.1165    0.1120    0.1128    0.1116    0.1138    0.1216    0.0907
    0.1274    0.1221    0.1232    0.1214    0.1239    0.1340    0.1116
    0.1396    0.1333    0.1346    0.1320    0.1348    0.1462    0.1311

  Columns 15 through 21

    0.0484    0.0444    0.0446    0.0485    0.0506    0.0585    0.0550
    0.0682    0.0491    0.0489    0.0534    0.0522    0.0588    0.0605
    0.0889    0.0549    0.0541    0.0593    0.0544    0.0601    0.0666
    0.1089    0.0618    0.0606    0.0664    0.0575    0.0623    0.0732
    0.1275    0.0701    0.0686    0.0750    0.0614    0.0656    0.0806

  Column 22

    0.0550
    0.0642
    0.0749
    0.0873
    0.1015

This was the dropped L term(spot): 1 
There are 0 L terms left. 
>> >> >> >> >> >> 
all_tab =

  72x22 table

                 Var1       Var2       Var3       Var4        Var5        Var6        Var7        Var8        Var9       Var10       Var11       Var12       Var13       Var14      Var15      Var16      Var17      Var18       Var19       Var20       Var21       Var22 
               ________    _______    _______    _______    ________    ________    ________    ________    ________    ________    ________    ________    ________    _______    _______    _______    _______    ________    ________    ________    ________    _______

    A1           0.0001     0.0001     0.0001     0.0001      0.0001      0.0001      0.0001      0.0001      0.0001      0.0001      0.0001      0.0001      0.0001     0.0001     0.0001     0.0001     0.0001      0.0001     0.00012     0.00012     0.00012     0.0001
    A2           0.0001     0.0001     0.0001     0.0001      0.0001      0.0001      0.0001      0.0001      0.0001      0.0001      0.0001      0.0001      0.0001     0.0001          0          0          0           0           0           0           0          0
    A3           0.0001     0.0001     0.0001     0.0001      0.0001      0.0001      0.0001      0.0001      0.0001      0.0001      0.0001      0.0001      0.0001     0.0001     0.0001     0.0001     0.0001           0           0           0           0          0
    A4           0.0001     0.0001     0.0001     0.0001      0.0001      0.0001      0.0001      0.0001      0.0001           0           0           0           0          0          0          0          0           0           0           0           0          0
    A5           0.0001     0.0001     0.0001     0.0001      0.0001      0.0001      0.0001      0.0001      0.0001      0.0001      0.0001      0.0001      0.0001     0.0001     0.0001     0.0001     0.0001      0.0001       7e-05       7e-05       7e-05          0
    A6           0.0001     0.0001     0.0001          0           0           0           0           0           0           0           0           0           0          0          0          0          0           0           0           0           0          0
    A7           0.0001     0.0001     0.0001     0.0001      0.0001      0.0001      0.0001      0.0001           0           0           0           0           0          0          0          0          0           0           0           0           0          0
    A8           0.0001     0.0001     0.0001     0.0001      0.0001      0.0001      0.0001           0           0           0           0           0           0          0          0          0          0           0           0           0           0          0
    A9           0.0001     0.0001     0.0001     0.0001      0.0001      0.0001      0.0001      0.0001      0.0001      0.0001      0.0001      0.0001      0.0001          0          0          0          0           0           0           0           0          0
    A10          0.0001     0.0001     0.0001     0.0001      0.0001      0.0001      0.0001      0.0001      0.0001      0.0001      0.0001      0.0001      0.0001     0.0001     0.0001     0.0001     0.0001      0.0001           0           0           0          0
    A11          0.0001     0.0001     0.0001     0.0001      0.0001      0.0001           0           0           0           0           0           0           0          0          0          0          0           0           0           0           0          0
    A12          0.0001     0.0001     0.0001     0.0001      0.0001      0.0001      0.0001      0.0001      0.0001      0.0001      0.0001      0.0001      0.0001     0.0001     0.0001          0          0           0           0           0           0          0
    A13          0.0001     0.0001     0.0001     0.0001      0.0001      0.0001      0.0001      0.0001      0.0001      0.0001      0.0001           0           0          0          0          0          0           0           0           0           0          0
    A14          0.0001     0.0001     0.0001     0.0001      0.0001      0.0001      0.0001      0.0001      0.0001      0.0001      0.0001      0.0001      0.0001     0.0001     0.0001     0.0001     0.0001      0.0001     0.00011           0           0          0
    A15          0.0001     0.0001     0.0001     0.0001      0.0001           0           0           0           0           0           0           0           0          0          0          0          0           0           0           0           0          0
    A16          0.0001     0.0001          0          0           0           0           0           0           0           0           0           0           0          0          0          0          0           0           0           0           0          0
    A17          0.0001     0.0001     0.0001     0.0001      0.0001      0.0001      0.0001      0.0001      0.0001      0.0001           0           0           0          0          0          0          0           0           0           0           0          0
    A18          0.0001     0.0001     0.0001     0.0001      0.0001      0.0001      0.0001      0.0001      0.0001      0.0001      0.0001      0.0001      0.0001     0.0001     0.0001     0.0001     0.0001      0.0001       8e-05       8e-05           0          0
    A19          0.0001          0          0          0           0           0           0           0           0           0           0           0           0          0          0          0          0           0           0           0           0          0
    A20          0.0001     0.0001     0.0001     0.0001      0.0001      0.0001      0.0001      0.0001      0.0001      0.0001      0.0001      0.0001      0.0001     0.0001     0.0001     0.0001          0           0           0           0           0          0
    A22          0.0001     0.0001     0.0001     0.0001           0           0           0           0           0           0           0           0           0          0          0          0          0           0           0           0           0          0
    A24          0.0001     0.0001     0.0001     0.0001      0.0001      0.0001      0.0001      0.0001      0.0001      0.0001      0.0001      0.0001           0          0          0          0          0           0           0           0           0          0
    B1          0.00014    0.00014    0.00014    0.00014     0.00014     0.00014     0.00014     0.00014     0.00015     0.00015     0.00015     0.00015     0.00015    0.00016    0.00016    0.00017    0.00018     0.00031     0.00292       0.003     0.00275    0.00019
    B2          0.00013    0.00013    0.00013    0.00013     0.00013     0.00013     0.00013     0.00013     0.00013     0.00013     0.00013     0.00013     0.00013    0.00013          0          0          0           0           0           0           0          0
    B3          0.00011    0.00011    0.00011    0.00011     0.00011     0.00011     0.00011     0.00011      0.0001      0.0001      0.0001      0.0001      0.0001     0.0001     0.0001      9e-05     0.0001           0           0           0           0          0
    B4           0.0001     0.0001     0.0001     0.0001      0.0001      0.0001      0.0001      0.0001       9e-05           0           0           0           0          0          0          0          0           0           0           0           0          0
    B5            5e-05      5e-05      5e-05      5e-05       5e-05       5e-05       5e-05       5e-05       4e-05       4e-05       4e-05       4e-05       4e-05      3e-05      3e-05      1e-05      1e-05    -0.00012      -0.004    -0.00408    -0.00385          0
    B6            6e-05      6e-05      6e-05          0           0           0           0           0           0           0           0           0           0          0          0          0          0           0           0           0           0          0
    B7           0.0001     0.0001     0.0001     0.0001      0.0001      0.0001      0.0001      0.0001           0           0           0           0           0          0          0          0          0           0           0           0           0          0
    B8           0.0001     0.0001     0.0001    0.00011     0.00011     0.00011      0.0001           0           0           0           0           0           0          0          0          0          0           0           0           0           0          0
    B9           -7e-05     -7e-05     -7e-05     -9e-05      -8e-05      -9e-05     -0.0001      -9e-05      -6e-05      -6e-05      -8e-05      -8e-05      -8e-05          0          0          0          0           0           0           0           0          0
    B10          0.0002     0.0002     0.0002     0.0002      0.0002      0.0002     0.00021     0.00021     0.00021     0.00021     0.00022     0.00022     0.00022    0.00022    0.00023    0.00024    0.00025     0.00032           0           0           0          0
    B11           7e-05      7e-05      7e-05      7e-05       7e-05       7e-05           0           0           0           0           0           0           0          0          0          0          0           0           0           0           0          0
    B12         0.00011    0.00011    0.00011    0.00011     0.00011     0.00011     0.00011     0.00012     0.00012     0.00012     0.00012     0.00012     0.00012    0.00012    0.00013          0          0           0           0           0           0          0
    B13          0.0001     0.0001     0.0001      9e-05       9e-05       9e-05       9e-05       9e-05      0.0001      0.0001      0.0001           0           0          0          0          0          0           0           0           0           0          0
    B14           9e-05      9e-05      9e-05      9e-05       9e-05       9e-05       9e-05       9e-05       9e-05       9e-05       9e-05       9e-05       9e-05      9e-05     0.0001     0.0001     0.0001     0.00011     0.00167           0           0          0
    B15          0.0001     0.0001     0.0001     0.0001      0.0001           0           0           0           0           0           0           0           0          0          0          0          0           0           0           0           0          0
    B16           9e-05      9e-05          0          0           0           0           0           0           0           0           0           0           0          0          0          0          0           0           0           0           0          0
    B17         0.00014    0.00014    0.00014    0.00014     0.00014     0.00014     0.00014     0.00015     0.00015     0.00015           0           0           0          0          0          0          0           0           0           0           0          0
    B18         0.00013    0.00013    0.00013    0.00013     0.00013     0.00013     0.00013     0.00013     0.00013     0.00013     0.00013     0.00013     0.00013    0.00015    0.00016    0.00016    0.00016     0.00019    -0.00213    -0.00205           0          0
    B19         0.00011          0          0          0           0           0           0           0           0           0           0           0           0          0          0          0          0           0           0           0           0          0
    B20         0.00011    0.00011    0.00011    0.00011     0.00011     0.00011     0.00011     0.00011     0.00011     0.00011     0.00011     0.00011     0.00011    0.00011    0.00011     0.0001          0           0           0           0           0          0
    B22           8e-05      8e-05      8e-05      8e-05           0           0           0           0           0           0           0           0           0          0          0          0          0           0           0           0           0          0
    B24          0.0001     0.0001     0.0001     0.0001      0.0001      0.0001       9e-05       9e-05      0.0001      0.0001      0.0001      0.0001           0          0          0          0          0           0           0           0           0          0
    C1            4e-05      5e-05      5e-05      3e-05       3e-05       4e-05       4e-05       4e-05       6e-05       5e-05       6e-05       6e-05       5e-05      4e-05      5e-05     0.0001     0.0001     0.00018    -0.00329     -0.0032    -0.00347     -2e-05
    C2            9e-05     0.0001     0.0001      7e-05       7e-05       6e-05       4e-05       3e-05       2e-05       2e-05       1e-05       1e-05           0     -1e-05          0          0          0           0           0           0           0          0
    C3            9e-05      9e-05      9e-05      8e-05       8e-05       8e-05     0.00011       9e-05       4e-05       4e-05       4e-05       3e-05       2e-05     -1e-05     -3e-05     -8e-05     -6e-05           0           0           0           0          0
    C4            5e-05      6e-05      6e-05      4e-05       4e-05       4e-05       4e-05       2e-05      -3e-05           0           0           0           0          0          0          0          0           0           0           0           0          0
    C5          0.00011    0.00011    0.00011    0.00013     0.00012     0.00012     0.00011     0.00011      0.0001      0.0001      0.0001      0.0001     0.00011    0.00013    0.00012      7e-05      7e-05     0.00018    -0.00184    -0.00175    -0.00201          0
    C6            9e-05      9e-05      9e-05          0           0           0           0           0           0           0           0           0           0          0          0          0          0           0           0           0           0          0
    C7           0.0001     0.0001     0.0001     0.0001     0.00011     0.00011       9e-05      0.0001           0           0           0           0           0          0          0          0          0           0           0           0           0          0
    C8          0.00014    0.00014    0.00014    0.00014     0.00014     0.00015     0.00014           0           0           0           0           0           0          0          0          0          0           0           0           0           0          0
    C9                0          0          0          0           0           0           0           0           0           0           0           0           0          0          0          0          0           0           0           0           0          0
    C10          -1e-05     -2e-05     -2e-05     -1e-05      -1e-05      -1e-05      -1e-05      -2e-05      -2e-05      -2e-05      -2e-05      -2e-05      -2e-05     -4e-05     -4e-05     -4e-05     -4e-05      -5e-05           0           0           0          0
    C11          -2e-05     -3e-05     -3e-05     -3e-05      -3e-05      -2e-05           0           0           0           0           0           0           0          0          0          0          0           0           0           0           0          0
    C12           3e-05      2e-05      3e-05      2e-05       2e-05       2e-05       2e-05       2e-05       2e-05       2e-05       2e-05       2e-05       4e-05      6e-05      5e-05          0          0           0           0           0           0          0
    C13          -1e-05     -1e-05     -1e-05     -2e-05      -2e-05      -2e-05      -3e-05      -2e-05      -1e-05      -1e-05      -2e-05           0           0          0          0          0          0           0           0           0           0          0
    C14        -0.00011    -0.0001    -0.0001    -0.0001     -0.0001     -0.0001     -0.0001      -9e-05     -0.0001     -0.0001     -0.0001     -0.0001     -0.0001     -8e-05     -8e-05     -9e-05     -8e-05      -5e-05    -0.00035           0           0          0
    C15           8e-05      8e-05      8e-05      8e-05       7e-05           0           0           0           0           0           0           0           0          0          0          0          0           0           0           0           0          0
    C16           1e-05      1e-05          0          0           0           0           0           0           0           0           0           0           0          0          0          0          0           0           0           0           0          0
    C17          -2e-05     -2e-05     -2e-05     -3e-05      -3e-05      -3e-05      -4e-05      -3e-05      -2e-05      -3e-05           0           0           0          0          0          0          0           0           0           0           0          0
    C18         -0.0001    -0.0001    -0.0001    -0.0001    -0.00011    -0.00011    -0.00012    -0.00011    -0.00011    -0.00011    -0.00011    -0.00011    -0.00012      1e-05      1e-05      3e-05      3e-05       1e-05     0.00034     0.00028           0          0
    C19          0.0001          0          0          0           0           0           0           0           0           0           0           0           0          0          0          0          0           0           0           0           0          0
    C20          0.0001     0.0001     0.0001     0.0001      0.0001      0.0001     0.00012     0.00011       9e-05       9e-05       9e-05       9e-05       9e-05      7e-05      7e-05      5e-05          0           0           0           0           0          0
    C22           1e-05      1e-05      1e-05     -1e-05           0           0           0           0           0           0           0           0           0          0          0          0          0           0           0           0           0          0
    C24           9e-05      9e-05      9e-05      9e-05       9e-05       9e-05       6e-05       8e-05     0.00011     0.00011     0.00011     0.00011           0          0          0          0          0           0           0           0           0          0
    gDiffA1     0.00012    0.00012    0.00012    0.00012     0.00012     0.00012     0.00012     0.00012     0.00012     0.00012     0.00012     0.00012     0.00012    0.00012    0.00012    0.00012    0.00012     0.00012     0.00012     0.00012     0.00012    0.00012
    gDiffA2      0.0001     0.0001     0.0001     0.0001      0.0001      0.0001      0.0001      0.0001      0.0001      0.0001      0.0001      0.0001      0.0001     0.0001     0.0001     0.0001     0.0001      0.0001      0.0001      0.0001      0.0001     0.0001
    gDiffB1     0.00269    0.00269    0.00269    0.00269     0.00269     0.00269     0.00269     0.00269     0.00269     0.00269     0.00269     0.00269     0.00269    0.00269    0.00269    0.00269    0.00269     0.00269     0.00269     0.00269     0.00269    0.00269
    gDiffB2     0.00038    0.00038    0.00038    0.00038     0.00038     0.00038     0.00038     0.00038     0.00038     0.00038     0.00038     0.00038     0.00038    0.00038    0.00038    0.00038    0.00038     0.00038     0.00038     0.00038     0.00038    0.00038
    gDiffC1     -0.0003    -0.0003    -0.0003    -0.0003     -0.0003     -0.0003     -0.0003     -0.0003     -0.0003     -0.0003     -0.0003     -0.0003     -0.0003    -0.0003    -0.0003    -0.0003    -0.0003     -0.0003     -0.0003     -0.0003     -0.0003    -0.0003
    gDiffC2      -1e-05     -1e-05     -1e-05     -1e-05      -1e-05      -1e-05      -1e-05      -1e-05      -1e-05      -1e-05      -1e-05      -1e-05      -1e-05     -1e-05     -1e-05     -1e-05     -1e-05      -1e-05      -1e-05      -1e-05      -1e-05     -1e-05

>> >> >> >> >> >> >> >> 