MATLAB is selecting SOFTWARE OPENGL rendering.

                            < M A T L A B (R) >
                  Copyright 1984-2021 The MathWorks, Inc.
             R2021a Update 4 (9.10.0.1710957) 64-bit (glnxa64)
                                July 1, 2021

 
To get started, type doc.
For product information, visit www.mathworks.com.
 
>> >> >> >> >> >> >> >> >> >> >> >> >> >> >> >> >> >> >> >> >> >> >> >> >> >> >> >> >> >> >> >> >> >> >> >> >> >> >> >> >> >> >> >> >> >> >> >> >> >> >> >> >> >> >> >> >> >> >> >> >> >> >> >> >> >> >> >> >> >> >> >> >> >> >> >> >> >> >> >> >> >> >> >> >> >> >> >> >> >> >> >> >> >> >> >> >> >> >> >> >> >> >> >> >> >> >> >> >> >> >> >> >> >> >> >> >> Starting parallel pool (parpool) using the 'local' profile ...
Connected to the parallel pool (number of workers: 4).
[Warning: MATLAB has disabled some advanced graphics rendering features by
switching to software OpenGL. For more information, click <a
href="matlab:opengl('problems')">here</a>.] 

Local minimum possible.

fminunc stopped because it cannot decrease the objective function
along the current search direction.

>> >> 
d0_end_only =

    0.0550
    0.0652
    0.0770
    0.0906
    0.1062

>> >> >> >> >> >> 
final_tab_endMem =

  6x1 table

                Coeff 
               _______

    gDiffA1    0.00012
    gDiffA2     0.0001
    gDiffB1    0.00269
    gDiffB2    0.00038
    gDiffC1    -0.0003
    gDiffC2     -1e-05

>> >> >> >> >> >> >> >> >> >> >> >> >> >> >> >> >> >> >> >> >> >> >> >> >> >> >> >> >> >> >> >> >> >> >> 
Local minimum possible.

fminunc stopped because it cannot decrease the objective function
along the current search direction.


d0_progress =

  Columns 1 through 7

    0.0948         0         0         0         0         0         0
    0.1072         0         0         0         0         0         0
    0.1177         0         0         0         0         0         0
    0.1261         0         0         0         0         0         0
    0.1322         0         0         0         0         0         0

  Columns 8 through 14

         0         0         0         0         0         0         0
         0         0         0         0         0         0         0
         0         0         0         0         0         0         0
         0         0         0         0         0         0         0
         0         0         0         0         0         0         0

  Columns 15 through 21

         0         0         0         0         0         0         0
         0         0         0         0         0         0         0
         0         0         0         0         0         0         0
         0         0         0         0         0         0         0
         0         0         0         0         0         0         0

  Column 22

         0
         0
         0
         0
         0

Combo 1 are these terms and this Value: 8       : 1.398e-01 
Combo 2 are these terms and this Value: 7 20   : 3.261e-01 
Combo 3 are these terms and this Value: 4 8 22 : 2.271e-02 
This was the dropped L term(spot): 8 
There are 21 L terms left. 

Local minimum possible.

fminunc stopped because it cannot decrease the objective function
along the current search direction.


d0_progress =

  Columns 1 through 7

    0.0948    0.0931         0         0         0         0         0
    0.1072    0.1063         0         0         0         0         0
    0.1177    0.1173         0         0         0         0         0
    0.1261    0.1260         0         0         0         0         0
    0.1322    0.1323         0         0         0         0         0

  Columns 8 through 14

         0         0         0         0         0         0         0
         0         0         0         0         0         0         0
         0         0         0         0         0         0         0
         0         0         0         0         0         0         0
         0         0         0         0         0         0         0

  Columns 15 through 21

         0         0         0         0         0         0         0
         0         0         0         0         0         0         0
         0         0         0         0         0         0         0
         0         0         0         0         0         0         0
         0         0         0         0         0         0         0

  Column 22

         0
         0
         0
         0
         0

Combo 1 are these terms and this Value: 16       : 9.570e-02 
Combo 2 are these terms and this Value: 4 7   : 6.094e-02 
Combo 3 are these terms and this Value: 15 18 19 : 5.699e-04 
This was the dropped L term(spot): 15 
There are 20 L terms left. 

Local minimum possible.

fminunc stopped because it cannot decrease the objective function
along the current search direction.


d0_progress =

  Columns 1 through 7

    0.0948    0.0931    0.0988         0         0         0         0
    0.1072    0.1063    0.1108         0         0         0         0
    0.1177    0.1173    0.1209         0         0         0         0
    0.1261    0.1260    0.1289         0         0         0         0
    0.1322    0.1323    0.1348         0         0         0         0

  Columns 8 through 14

         0         0         0         0         0         0         0
         0         0         0         0         0         0         0
         0         0         0         0         0         0         0
         0         0         0         0         0         0         0
         0         0         0         0         0         0         0

  Columns 15 through 21

         0         0         0         0         0         0         0
         0         0         0         0         0         0         0
         0         0         0         0         0         0         0
         0         0         0         0         0         0         0
         0         0         0         0         0         0         0

  Column 22

         0
         0
         0
         0
         0

Combo 1 are these terms and this Value: 16       : 2.092e-01 
Combo 2 are these terms and this Value: 18 20   : 7.684e-01 
Combo 3 are these terms and this Value: 1 6 22 : 1.263e-01 
This was the dropped L term(spot): 22 
There are 19 L terms left. 

Local minimum possible.

fminunc stopped because it cannot decrease the objective function
along the current search direction.


d0_progress =

  Columns 1 through 7

    0.0948    0.0931    0.0988    0.0918         0         0         0
    0.1072    0.1063    0.1108    0.1043         0         0         0
    0.1177    0.1173    0.1209    0.1150         0         0         0
    0.1261    0.1260    0.1289    0.1238         0         0         0
    0.1322    0.1323    0.1348    0.1306         0         0         0

  Columns 8 through 14

         0         0         0         0         0         0         0
         0         0         0         0         0         0         0
         0         0         0         0         0         0         0
         0         0         0         0         0         0         0
         0         0         0         0         0         0         0

  Columns 15 through 21

         0         0         0         0         0         0         0
         0         0         0         0         0         0         0
         0         0         0         0         0         0         0
         0         0         0         0         0         0         0
         0         0         0         0         0         0         0

  Column 22

         0
         0
         0
         0
         0

Combo 1 are these terms and this Value: 12       : 3.788e-02 
Combo 2 are these terms and this Value: 11 19   : 8.512e-02 
Combo 3 are these terms and this Value: 11 18 19 : 5.836e-02 
This was the dropped L term(spot): 18 
There are 18 L terms left. 

Local minimum possible.

fminunc stopped because it cannot decrease the objective function
along the current search direction.


d0_progress =

  Columns 1 through 7

    0.0948    0.0931    0.0988    0.0918    0.0999         0         0
    0.1072    0.1063    0.1108    0.1043    0.1096         0         0
    0.1177    0.1173    0.1209    0.1150    0.1191         0         0
    0.1261    0.1260    0.1289    0.1238    0.1284         0         0
    0.1322    0.1323    0.1348    0.1306    0.1373         0         0

  Columns 8 through 14

         0         0         0         0         0         0         0
         0         0         0         0         0         0         0
         0         0         0         0         0         0         0
         0         0         0         0         0         0         0
         0         0         0         0         0         0         0

  Columns 15 through 21

         0         0         0         0         0         0         0
         0         0         0         0         0         0         0
         0         0         0         0         0         0         0
         0         0         0         0         0         0         0
         0         0         0         0         0         0         0

  Column 22

         0
         0
         0
         0
         0

Combo 1 are these terms and this Value: 4       : 2.433e-02 
Combo 2 are these terms and this Value: 12 21   : 5.026e-03 
Combo 3 are these terms and this Value: 4 7 20 : 2.157e-03 
This was the dropped L term(spot): 4 
There are 17 L terms left. 

Local minimum possible.

fminunc stopped because it cannot decrease the objective function
along the current search direction.


d0_progress =

  Columns 1 through 7

    0.0948    0.0931    0.0988    0.0918    0.0999    0.1001         0
    0.1072    0.1063    0.1108    0.1043    0.1096    0.1098         0
    0.1177    0.1173    0.1209    0.1150    0.1191    0.1194         0
    0.1261    0.1260    0.1289    0.1238    0.1284    0.1288         0
    0.1322    0.1323    0.1348    0.1306    0.1373    0.1377         0

  Columns 8 through 14

         0         0         0         0         0         0         0
         0         0         0         0         0         0         0
         0         0         0         0         0         0         0
         0         0         0         0         0         0         0
         0         0         0         0         0         0         0

  Columns 15 through 21

         0         0         0         0         0         0         0
         0         0         0         0         0         0         0
         0         0         0         0         0         0         0
         0         0         0         0         0         0         0
         0         0         0         0         0         0         0

  Column 22

         0
         0
         0
         0
         0

Combo 1 are these terms and this Value: 16       : 7.777e-02 
Combo 2 are these terms and this Value: 12 13   : 5.850e-02 
Combo 3 are these terms and this Value: 1 6 13 : 1.064e-02 
This was the dropped L term(spot): 13 
There are 16 L terms left. 

Local minimum possible.

fminunc stopped because it cannot decrease the objective function
along the current search direction.


d0_progress =

  Columns 1 through 7

    0.0948    0.0931    0.0988    0.0918    0.0999    0.1001    0.1002
    0.1072    0.1063    0.1108    0.1043    0.1096    0.1098    0.1101
    0.1177    0.1173    0.1209    0.1150    0.1191    0.1194    0.1198
    0.1261    0.1260    0.1289    0.1238    0.1284    0.1288    0.1292
    0.1322    0.1323    0.1348    0.1306    0.1373    0.1377    0.1382

  Columns 8 through 14

         0         0         0         0         0         0         0
         0         0         0         0         0         0         0
         0         0         0         0         0         0         0
         0         0         0         0         0         0         0
         0         0         0         0         0         0         0

  Columns 15 through 21

         0         0         0         0         0         0         0
         0         0         0         0         0         0         0
         0         0         0         0         0         0         0
         0         0         0         0         0         0         0
         0         0         0         0         0         0         0

  Column 22

         0
         0
         0
         0
         0

Combo 1 are these terms and this Value: 16       : 4.933e-02 
Combo 2 are these terms and this Value: 7 21   : 7.400e-02 
Combo 3 are these terms and this Value: 2 6 21 : 2.565e-02 
This was the dropped L term(spot): 21 
There are 15 L terms left. 

Local minimum possible.

fminunc stopped because it cannot decrease the objective function
along the current search direction.


d0_progress =

  Columns 1 through 7

    0.0948    0.0931    0.0988    0.0918    0.0999    0.1001    0.1002
    0.1072    0.1063    0.1108    0.1043    0.1096    0.1098    0.1101
    0.1177    0.1173    0.1209    0.1150    0.1191    0.1194    0.1198
    0.1261    0.1260    0.1289    0.1238    0.1284    0.1288    0.1292
    0.1322    0.1323    0.1348    0.1306    0.1373    0.1377    0.1382

  Columns 8 through 14

    0.1002         0         0         0         0         0         0
    0.1100         0         0         0         0         0         0
    0.1196         0         0         0         0         0         0
    0.1289         0         0         0         0         0         0
    0.1379         0         0         0         0         0         0

  Columns 15 through 21

         0         0         0         0         0         0         0
         0         0         0         0         0         0         0
         0         0         0         0         0         0         0
         0         0         0         0         0         0         0
         0         0         0         0         0         0         0

  Column 22

         0
         0
         0
         0
         0

Combo 1 are these terms and this Value: 16       : 1.118e-01 
Combo 2 are these terms and this Value: 7 20   : 1.416e-01 
Combo 3 are these terms and this Value: 1 6 12 : 9.387e-02 
This was the dropped L term(spot): 12 
There are 14 L terms left. 

Local minimum possible.

fminunc stopped because it cannot decrease the objective function
along the current search direction.


d0_progress =

  Columns 1 through 7

    0.0948    0.0931    0.0988    0.0918    0.0999    0.1001    0.1002
    0.1072    0.1063    0.1108    0.1043    0.1096    0.1098    0.1101
    0.1177    0.1173    0.1209    0.1150    0.1191    0.1194    0.1198
    0.1261    0.1260    0.1289    0.1238    0.1284    0.1288    0.1292
    0.1322    0.1323    0.1348    0.1306    0.1373    0.1377    0.1382

  Columns 8 through 14

    0.1002    0.1045         0         0         0         0         0
    0.1100    0.1094         0         0         0         0         0
    0.1196    0.1147         0         0         0         0         0
    0.1289    0.1205         0         0         0         0         0
    0.1379    0.1268         0         0         0         0         0

  Columns 15 through 21

         0         0         0         0         0         0         0
         0         0         0         0         0         0         0
         0         0         0         0         0         0         0
         0         0         0         0         0         0         0
         0         0         0         0         0         0         0

  Column 22

         0
         0
         0
         0
         0

Combo 1 are these terms and this Value: 16       : 2.402e-02 
Combo 2 are these terms and this Value: 7 20   : 3.212e-02 
Combo 3 are these terms and this Value: 2 6 16 : 1.397e-02 
This was the dropped L term(spot): 16 
There are 13 L terms left. 

Local minimum possible.

fminunc stopped because it cannot decrease the objective function
along the current search direction.


d0_progress =

  Columns 1 through 7

    0.0948    0.0931    0.0988    0.0918    0.0999    0.1001    0.1002
    0.1072    0.1063    0.1108    0.1043    0.1096    0.1098    0.1101
    0.1177    0.1173    0.1209    0.1150    0.1191    0.1194    0.1198
    0.1261    0.1260    0.1289    0.1238    0.1284    0.1288    0.1292
    0.1322    0.1323    0.1348    0.1306    0.1373    0.1377    0.1382

  Columns 8 through 14

    0.1002    0.1045    0.1041         0         0         0         0
    0.1100    0.1094    0.1075         0         0         0         0
    0.1196    0.1147    0.1114         0         0         0         0
    0.1289    0.1205    0.1158         0         0         0         0
    0.1379    0.1268    0.1208         0         0         0         0

  Columns 15 through 21

         0         0         0         0         0         0         0
         0         0         0         0         0         0         0
         0         0         0         0         0         0         0
         0         0         0         0         0         0         0
         0         0         0         0         0         0         0

  Column 22

         0
         0
         0
         0
         0

Combo 1 are these terms and this Value: 7       : 1.004e+00 
Combo 2 are these terms and this Value: 2 6   : 2.415e-02 
Combo 3 are these terms and this Value: 1 6 11 : 1.758e-02 
This was the dropped L term(spot): 11 
There are 12 L terms left. 

Local minimum possible.

fminunc stopped because it cannot decrease the objective function
along the current search direction.


d0_progress =

  Columns 1 through 7

    0.0948    0.0931    0.0988    0.0918    0.0999    0.1001    0.1002
    0.1072    0.1063    0.1108    0.1043    0.1096    0.1098    0.1101
    0.1177    0.1173    0.1209    0.1150    0.1191    0.1194    0.1198
    0.1261    0.1260    0.1289    0.1238    0.1284    0.1288    0.1292
    0.1322    0.1323    0.1348    0.1306    0.1373    0.1377    0.1382

  Columns 8 through 14

    0.1002    0.1045    0.1041    0.0984         0         0         0
    0.1100    0.1094    0.1075    0.1016         0         0         0
    0.1196    0.1147    0.1114    0.1057         0         0         0
    0.1289    0.1205    0.1158    0.1109         0         0         0
    0.1379    0.1268    0.1208    0.1173         0         0         0

  Columns 15 through 21

         0         0         0         0         0         0         0
         0         0         0         0         0         0         0
         0         0         0         0         0         0         0
         0         0         0         0         0         0         0
         0         0         0         0         0         0         0

  Column 22

         0
         0
         0
         0
         0

Combo 1 are these terms and this Value: 3       : 5.895e-02 
Combo 2 are these terms and this Value: 1 5   : 4.074e-02 
Combo 3 are these terms and this Value: 1 3 5 : 7.770e-02 
This was the dropped L term(spot): 1 
There are 11 L terms left. 

Local minimum possible.

fminunc stopped because it cannot decrease the objective function
along the current search direction.


d0_progress =

  Columns 1 through 7

    0.0948    0.0931    0.0988    0.0918    0.0999    0.1001    0.1002
    0.1072    0.1063    0.1108    0.1043    0.1096    0.1098    0.1101
    0.1177    0.1173    0.1209    0.1150    0.1191    0.1194    0.1198
    0.1261    0.1260    0.1289    0.1238    0.1284    0.1288    0.1292
    0.1322    0.1323    0.1348    0.1306    0.1373    0.1377    0.1382

  Columns 8 through 14

    0.1002    0.1045    0.1041    0.0984    0.1183         0         0
    0.1100    0.1094    0.1075    0.1016    0.1210         0         0
    0.1196    0.1147    0.1114    0.1057    0.1247         0         0
    0.1289    0.1205    0.1158    0.1109    0.1296         0         0
    0.1379    0.1268    0.1208    0.1173    0.1358         0         0

  Columns 15 through 21

         0         0         0         0         0         0         0
         0         0         0         0         0         0         0
         0         0         0         0         0         0         0
         0         0         0         0         0         0         0
         0         0         0         0         0         0         0

  Column 22

         0
         0
         0
         0
         0

Combo 1 are these terms and this Value: 3       : 2.953e-02 
Combo 2 are these terms and this Value: 7 19   : 1.586e-01 
Combo 3 are these terms and this Value: 2 5 6 : 1.030e-01 
This was the dropped L term(spot): 5 
There are 10 L terms left. 

Local minimum possible.

fminunc stopped because it cannot decrease the objective function
along the current search direction.


d0_progress =

  Columns 1 through 7

    0.0948    0.0931    0.0988    0.0918    0.0999    0.1001    0.1002
    0.1072    0.1063    0.1108    0.1043    0.1096    0.1098    0.1101
    0.1177    0.1173    0.1209    0.1150    0.1191    0.1194    0.1198
    0.1261    0.1260    0.1289    0.1238    0.1284    0.1288    0.1292
    0.1322    0.1323    0.1348    0.1306    0.1373    0.1377    0.1382

  Columns 8 through 14

    0.1002    0.1045    0.1041    0.0984    0.1183    0.1177         0
    0.1100    0.1094    0.1075    0.1016    0.1210    0.1204         0
    0.1196    0.1147    0.1114    0.1057    0.1247    0.1240         0
    0.1289    0.1205    0.1158    0.1109    0.1296    0.1287         0
    0.1379    0.1268    0.1208    0.1173    0.1358    0.1344         0

  Columns 15 through 21

         0         0         0         0         0         0         0
         0         0         0         0         0         0         0
         0         0         0         0         0         0         0
         0         0         0         0         0         0         0
         0         0         0         0         0         0         0

  Column 22

         0
         0
         0
         0
         0

Combo 1 are these terms and this Value: 3       : 1.902e-02 
Combo 2 are these terms and this Value: 2 6   : 1.644e-02 
Combo 3 are these terms and this Value: 2 3 6 : 4.805e-02 
This was the dropped L term(spot): 6 
There are 9 L terms left. 

Local minimum possible.

fminunc stopped because it cannot decrease the objective function
along the current search direction.


d0_progress =

  Columns 1 through 7

    0.0948    0.0931    0.0988    0.0918    0.0999    0.1001    0.1002
    0.1072    0.1063    0.1108    0.1043    0.1096    0.1098    0.1101
    0.1177    0.1173    0.1209    0.1150    0.1191    0.1194    0.1198
    0.1261    0.1260    0.1289    0.1238    0.1284    0.1288    0.1292
    0.1322    0.1323    0.1348    0.1306    0.1373    0.1377    0.1382

  Columns 8 through 14

    0.1002    0.1045    0.1041    0.0984    0.1183    0.1177    0.1167
    0.1100    0.1094    0.1075    0.1016    0.1210    0.1204    0.1189
    0.1196    0.1147    0.1114    0.1057    0.1247    0.1240    0.1223
    0.1289    0.1205    0.1158    0.1109    0.1296    0.1287    0.1271
    0.1379    0.1268    0.1208    0.1173    0.1358    0.1344    0.1333

  Columns 15 through 21

         0         0         0         0         0         0         0
         0         0         0         0         0         0         0
         0         0         0         0         0         0         0
         0         0         0         0         0         0         0
         0         0         0         0         0         0         0

  Column 22

         0
         0
         0
         0
         0

Combo 1 are these terms and this Value: 3       : 7.452e-03 
Combo 2 are these terms and this Value: 7 19   : 1.740e-01 
Combo 3 are these terms and this Value: 3 7 19 : 3.486e-01 
This was the dropped L term(spot): 19 
There are 8 L terms left. 

Local minimum possible.

fminunc stopped because it cannot decrease the objective function
along the current search direction.


d0_progress =

  Columns 1 through 7

    0.0948    0.0931    0.0988    0.0918    0.0999    0.1001    0.1002
    0.1072    0.1063    0.1108    0.1043    0.1096    0.1098    0.1101
    0.1177    0.1173    0.1209    0.1150    0.1191    0.1194    0.1198
    0.1261    0.1260    0.1289    0.1238    0.1284    0.1288    0.1292
    0.1322    0.1323    0.1348    0.1306    0.1373    0.1377    0.1382

  Columns 8 through 14

    0.1002    0.1045    0.1041    0.0984    0.1183    0.1177    0.1167
    0.1100    0.1094    0.1075    0.1016    0.1210    0.1204    0.1189
    0.1196    0.1147    0.1114    0.1057    0.1247    0.1240    0.1223
    0.1289    0.1205    0.1158    0.1109    0.1296    0.1287    0.1271
    0.1379    0.1268    0.1208    0.1173    0.1358    0.1344    0.1333

  Columns 15 through 21

    0.1149         0         0         0         0         0         0
    0.1170         0         0         0         0         0         0
    0.1205         0         0         0         0         0         0
    0.1255         0         0         0         0         0         0
    0.1323         0         0         0         0         0         0

  Column 22

         0
         0
         0
         0
         0

Combo 1 are these terms and this Value: 3       : 1.157e-01 
Combo 2 are these terms and this Value: 7 20   : 1.816e-01 
Combo 3 are these terms and this Value: 3 7 20 : 1.908e-01 
This was the dropped L term(spot): 20 
There are 7 L terms left. 

Local minimum possible.

fminunc stopped because it cannot decrease the objective function
along the current search direction.


d0_progress =

  Columns 1 through 7

    0.0948    0.0931    0.0988    0.0918    0.0999    0.1001    0.1002
    0.1072    0.1063    0.1108    0.1043    0.1096    0.1098    0.1101
    0.1177    0.1173    0.1209    0.1150    0.1191    0.1194    0.1198
    0.1261    0.1260    0.1289    0.1238    0.1284    0.1288    0.1292
    0.1322    0.1323    0.1348    0.1306    0.1373    0.1377    0.1382

  Columns 8 through 14

    0.1002    0.1045    0.1041    0.0984    0.1183    0.1177    0.1167
    0.1100    0.1094    0.1075    0.1016    0.1210    0.1204    0.1189
    0.1196    0.1147    0.1114    0.1057    0.1247    0.1240    0.1223
    0.1289    0.1205    0.1158    0.1109    0.1296    0.1287    0.1271
    0.1379    0.1268    0.1208    0.1173    0.1358    0.1344    0.1333

  Columns 15 through 21

    0.1149    0.1143         0         0         0         0         0
    0.1170    0.1155         0         0         0         0         0
    0.1205    0.1187         0         0         0         0         0
    0.1255    0.1239         0         0         0         0         0
    0.1323    0.1314         0         0         0         0         0

  Column 22

         0
         0
         0
         0
         0

Combo 1 are these terms and this Value: 3       : 8.587e-01 
Combo 2 are these terms and this Value: 3 7   : 3.549e-01 
Combo 3 are these terms and this Value: 2 3 7 : 2.340e+00 
This was the dropped L term(spot): 3 
There are 6 L terms left. 

Local minimum possible.

fminunc stopped because it cannot decrease the objective function
along the current search direction.


d0_progress =

  Columns 1 through 7

    0.0948    0.0931    0.0988    0.0918    0.0999    0.1001    0.1002
    0.1072    0.1063    0.1108    0.1043    0.1096    0.1098    0.1101
    0.1177    0.1173    0.1209    0.1150    0.1191    0.1194    0.1198
    0.1261    0.1260    0.1289    0.1238    0.1284    0.1288    0.1292
    0.1322    0.1323    0.1348    0.1306    0.1373    0.1377    0.1382

  Columns 8 through 14

    0.1002    0.1045    0.1041    0.0984    0.1183    0.1177    0.1167
    0.1100    0.1094    0.1075    0.1016    0.1210    0.1204    0.1189
    0.1196    0.1147    0.1114    0.1057    0.1247    0.1240    0.1223
    0.1289    0.1205    0.1158    0.1109    0.1296    0.1287    0.1271
    0.1379    0.1268    0.1208    0.1173    0.1358    0.1344    0.1333

  Columns 15 through 21

    0.1149    0.1143    0.1144         0         0         0         0
    0.1170    0.1155    0.1141         0         0         0         0
    0.1205    0.1187    0.1162         0         0         0         0
    0.1255    0.1239    0.1211         0         0         0         0
    0.1323    0.1314    0.1289         0         0         0         0

  Column 22

         0
         0
         0
         0
         0

Combo 1 are these terms and this Value: 7       : 2.450e+00 
Combo 2 are these terms and this Value: 10 14   : 3.112e-01 
Combo 3 are these terms and this Value: 2 7 14 : 2.372e+00 
This was the dropped L term(spot): 14 
There are 5 L terms left. 

Local minimum possible.

fminunc stopped because it cannot decrease the objective function
along the current search direction.


d0_progress =

  Columns 1 through 7

    0.0948    0.0931    0.0988    0.0918    0.0999    0.1001    0.1002
    0.1072    0.1063    0.1108    0.1043    0.1096    0.1098    0.1101
    0.1177    0.1173    0.1209    0.1150    0.1191    0.1194    0.1198
    0.1261    0.1260    0.1289    0.1238    0.1284    0.1288    0.1292
    0.1322    0.1323    0.1348    0.1306    0.1373    0.1377    0.1382

  Columns 8 through 14

    0.1002    0.1045    0.1041    0.0984    0.1183    0.1177    0.1167
    0.1100    0.1094    0.1075    0.1016    0.1210    0.1204    0.1189
    0.1196    0.1147    0.1114    0.1057    0.1247    0.1240    0.1223
    0.1289    0.1205    0.1158    0.1109    0.1296    0.1287    0.1271
    0.1379    0.1268    0.1208    0.1173    0.1358    0.1344    0.1333

  Columns 15 through 21

    0.1149    0.1143    0.1144    0.1294         0         0         0
    0.1170    0.1155    0.1141    0.1305         0         0         0
    0.1205    0.1187    0.1162    0.1340         0         0         0
    0.1255    0.1239    0.1211    0.1399         0         0         0
    0.1323    0.1314    0.1289    0.1486         0         0         0

  Column 22

         0
         0
         0
         0
         0

Combo 1 are these terms and this Value: 7       : 2.398e-01 
Combo 2 are these terms and this Value: 2 7   : 2.258e+00 
Combo 3 are these terms and this Value: 2 7 10 : 3.923e+00 
This was the dropped L term(spot): 7 
There are 4 L terms left. 

Local minimum possible.

fminunc stopped because it cannot decrease the objective function
along the current search direction.


d0_progress =

  Columns 1 through 7

    0.0948    0.0931    0.0988    0.0918    0.0999    0.1001    0.1002
    0.1072    0.1063    0.1108    0.1043    0.1096    0.1098    0.1101
    0.1177    0.1173    0.1209    0.1150    0.1191    0.1194    0.1198
    0.1261    0.1260    0.1289    0.1238    0.1284    0.1288    0.1292
    0.1322    0.1323    0.1348    0.1306    0.1373    0.1377    0.1382

  Columns 8 through 14

    0.1002    0.1045    0.1041    0.0984    0.1183    0.1177    0.1167
    0.1100    0.1094    0.1075    0.1016    0.1210    0.1204    0.1189
    0.1196    0.1147    0.1114    0.1057    0.1247    0.1240    0.1223
    0.1289    0.1205    0.1158    0.1109    0.1296    0.1287    0.1271
    0.1379    0.1268    0.1208    0.1173    0.1358    0.1344    0.1333

  Columns 15 through 21

    0.1149    0.1143    0.1144    0.1294    0.1195         0         0
    0.1170    0.1155    0.1141    0.1305    0.1217         0         0
    0.1205    0.1187    0.1162    0.1340    0.1264         0         0
    0.1255    0.1239    0.1211    0.1399    0.1336         0         0
    0.1323    0.1314    0.1289    0.1486    0.1436         0         0

  Column 22

         0
         0
         0
         0
         0

Combo 1 are these terms and this Value: 10       : 3.312e+00 
Combo 2 are these terms and this Value: 2 10   : 1.450e+01 
Combo 3 are these terms and this Value: 2 9 17 : 3.525e+01 
This was the dropped L term(spot): 10 
There are 3 L terms left. 

Local minimum possible.

fminunc stopped because it cannot decrease the objective function
along the current search direction.


d0_progress =

  Columns 1 through 7

    0.0948    0.0931    0.0988    0.0918    0.0999    0.1001    0.1002
    0.1072    0.1063    0.1108    0.1043    0.1096    0.1098    0.1101
    0.1177    0.1173    0.1209    0.1150    0.1191    0.1194    0.1198
    0.1261    0.1260    0.1289    0.1238    0.1284    0.1288    0.1292
    0.1322    0.1323    0.1348    0.1306    0.1373    0.1377    0.1382

  Columns 8 through 14

    0.1002    0.1045    0.1041    0.0984    0.1183    0.1177    0.1167
    0.1100    0.1094    0.1075    0.1016    0.1210    0.1204    0.1189
    0.1196    0.1147    0.1114    0.1057    0.1247    0.1240    0.1223
    0.1289    0.1205    0.1158    0.1109    0.1296    0.1287    0.1271
    0.1379    0.1268    0.1208    0.1173    0.1358    0.1344    0.1333

  Columns 15 through 21

    0.1149    0.1143    0.1144    0.1294    0.1195    0.0641         0
    0.1170    0.1155    0.1141    0.1305    0.1217    0.0747         0
    0.1205    0.1187    0.1162    0.1340    0.1264    0.0867         0
    0.1255    0.1239    0.1211    0.1399    0.1336    0.1004         0
    0.1323    0.1314    0.1289    0.1486    0.1436    0.1158         0

  Column 22

         0
         0
         0
         0
         0

Combo 1 are these terms and this Value: 2       : 1.373e-01 
Combo 2 are these terms and this Value: 2 17   : 7.194e-01 
Combo 3 are these terms and this Value: 2 9 17 : 1.795e+00 
This was the dropped L term(spot): 2 
There are 2 L terms left. 

Local minimum possible.

fminunc stopped because it cannot decrease the objective function
along the current search direction.


d0_progress =

  Columns 1 through 7

    0.0948    0.0931    0.0988    0.0918    0.0999    0.1001    0.1002
    0.1072    0.1063    0.1108    0.1043    0.1096    0.1098    0.1101
    0.1177    0.1173    0.1209    0.1150    0.1191    0.1194    0.1198
    0.1261    0.1260    0.1289    0.1238    0.1284    0.1288    0.1292
    0.1322    0.1323    0.1348    0.1306    0.1373    0.1377    0.1382

  Columns 8 through 14

    0.1002    0.1045    0.1041    0.0984    0.1183    0.1177    0.1167
    0.1100    0.1094    0.1075    0.1016    0.1210    0.1204    0.1189
    0.1196    0.1147    0.1114    0.1057    0.1247    0.1240    0.1223
    0.1289    0.1205    0.1158    0.1109    0.1296    0.1287    0.1271
    0.1379    0.1268    0.1208    0.1173    0.1358    0.1344    0.1333

  Columns 15 through 21

    0.1149    0.1143    0.1144    0.1294    0.1195    0.0641    0.0639
    0.1170    0.1155    0.1141    0.1305    0.1217    0.0747    0.0745
    0.1205    0.1187    0.1162    0.1340    0.1264    0.0867    0.0866
    0.1255    0.1239    0.1211    0.1399    0.1336    0.1004    0.1003
    0.1323    0.1314    0.1289    0.1486    0.1436    0.1158    0.1158

  Column 22

         0
         0
         0
         0
         0

This was the dropped L term(spot): 17 
There are 1 L terms left. 

Local minimum possible.

fminunc stopped because it cannot decrease the objective function
along the current search direction.


d0_progress =

  Columns 1 through 7

    0.0948    0.0931    0.0988    0.0918    0.0999    0.1001    0.1002
    0.1072    0.1063    0.1108    0.1043    0.1096    0.1098    0.1101
    0.1177    0.1173    0.1209    0.1150    0.1191    0.1194    0.1198
    0.1261    0.1260    0.1289    0.1238    0.1284    0.1288    0.1292
    0.1322    0.1323    0.1348    0.1306    0.1373    0.1377    0.1382

  Columns 8 through 14

    0.1002    0.1045    0.1041    0.0984    0.1183    0.1177    0.1167
    0.1100    0.1094    0.1075    0.1016    0.1210    0.1204    0.1189
    0.1196    0.1147    0.1114    0.1057    0.1247    0.1240    0.1223
    0.1289    0.1205    0.1158    0.1109    0.1296    0.1287    0.1271
    0.1379    0.1268    0.1208    0.1173    0.1358    0.1344    0.1333

  Columns 15 through 21

    0.1149    0.1143    0.1144    0.1294    0.1195    0.0641    0.0639
    0.1170    0.1155    0.1141    0.1305    0.1217    0.0747    0.0745
    0.1205    0.1187    0.1162    0.1340    0.1264    0.0867    0.0866
    0.1255    0.1239    0.1211    0.1399    0.1336    0.1004    0.1003
    0.1323    0.1314    0.1289    0.1486    0.1436    0.1158    0.1158

  Column 22

    0.0585
    0.0688
    0.0806
    0.0942
    0.1095

This was the dropped L term(spot): 9 
There are 0 L terms left. 
>> >> >> >> >> >> 
all_tab =

  72x22 table

                 Var1        Var2        Var3        Var4       Var5       Var6       Var7       Var8        Var9       Var10       Var11       Var12       Var13       Var14       Var15       Var16       Var17       Var18       Var19       Var20       Var21       Var22  
               ________    ________    ________    ________    _______    _______    _______    _______    ________    ________    ________    ________    ________    ________    ________    ________    ________    ________    ________    ________    ________    ________

    A1           0.0001      0.0001      0.0001      0.0001     0.0001     0.0001     0.0001     0.0001      0.0001      0.0001      0.0001           0           0           0           0           0           0           0           0           0           0           0
    A2           0.0001      0.0001      0.0001      0.0001     0.0001     0.0001     0.0001     0.0001      0.0001      0.0001      0.0001      0.0001      0.0001      0.0001      0.0001      0.0001      0.0001      0.0001      0.0001      0.0001           0           0
    A3           0.0001      0.0001      0.0001      0.0001     0.0001     0.0001     0.0001     0.0001      0.0001      0.0001      0.0001      0.0001      0.0001      0.0001      0.0001      0.0001           0           0           0           0           0           0
    A4           0.0001      0.0001      0.0001      0.0001     0.0001          0          0          0           0           0           0           0           0           0           0           0           0           0           0           0           0           0
    A5           0.0001      0.0001      0.0001      0.0001     0.0001     0.0001     0.0001     0.0001      0.0001      0.0001      0.0001      0.0001           0           0           0           0           0           0           0           0           0           0
    A6           0.0001      0.0001      0.0001      0.0001     0.0001     0.0001     0.0001     0.0001      0.0001      0.0001      0.0001      0.0001      0.0001           0           0           0           0           0           0           0           0           0
    A7           0.0001      0.0001      0.0001      0.0001     0.0001     0.0001     0.0001     0.0001      0.0001      0.0001      0.0001      0.0001      0.0001      0.0001      0.0001      0.0001      0.0001      0.0001           0           0           0           0
    A8           0.0001           0           0           0          0          0          0          0           0           0           0           0           0           0           0           0           0           0           0           0           0           0
    A9           0.0001      0.0001      0.0001      0.0001     0.0001     0.0001     0.0001     0.0001      0.0001      0.0001      0.0001      0.0001      0.0001      0.0001      0.0001      0.0001      0.0001      0.0001      0.0001      0.0001      0.0001      0.0001
    A10          0.0001      0.0001      0.0001      0.0001     0.0001     0.0001     0.0001     0.0001      0.0001      0.0001      0.0001      0.0001      0.0001      0.0001      0.0001      0.0001      0.0001      0.0001      0.0001           0           0           0
    A11          0.0001      0.0001      0.0001      0.0001     0.0001     0.0001     0.0001     0.0001      0.0001      0.0001           0           0           0           0           0           0           0           0           0           0           0           0
    A12          0.0001      0.0001      0.0001      0.0001     0.0001     0.0001     0.0001     0.0001           0           0           0           0           0           0           0           0           0           0           0           0           0           0
    A13          0.0001      0.0001      0.0001      0.0001     0.0001     0.0001          0          0           0           0           0           0           0           0           0           0           0           0           0           0           0           0
    A14          0.0001      0.0001      0.0001      0.0001     0.0001     0.0001     0.0001     0.0001      0.0001      0.0001      0.0001      0.0001      0.0001      0.0001      0.0001      0.0001      0.0001           0           0           0           0           0
    A15          0.0001      0.0001           0           0          0          0          0          0           0           0           0           0           0           0           0           0           0           0           0           0           0           0
    A16          0.0001      0.0001      0.0001      0.0001     0.0001     0.0001     0.0001     0.0001      0.0001           0           0           0           0           0           0           0           0           0           0           0           0           0
    A17          0.0001      0.0001      0.0001      0.0001     0.0001     0.0001     0.0001     0.0001      0.0001      0.0001      0.0001      0.0001      0.0001      0.0001      0.0001      0.0001      0.0001      0.0001      0.0001      0.0001      0.0001           0
    A18          0.0001      0.0001      0.0001      0.0001          0          0          0          0           0           0           0           0           0           0           0           0           0           0           0           0           0           0
    A19          0.0001      0.0001      0.0001      0.0001     0.0001     0.0001     0.0001     0.0001      0.0001      0.0001      0.0001      0.0001      0.0001      0.0001           0           0           0           0           0           0           0           0
    A20          0.0001      0.0001      0.0001      0.0001     0.0001     0.0001     0.0001     0.0001      0.0001      0.0001      0.0001      0.0001      0.0001      0.0001      0.0001           0           0           0           0           0           0           0
    A22          0.0001      0.0001      0.0001      0.0001     0.0001     0.0001     0.0001          0           0           0           0           0           0           0           0           0           0           0           0           0           0           0
    A24          0.0001      0.0001      0.0001           0          0          0          0          0           0           0           0           0           0           0           0           0           0           0           0           0           0           0
    B1           0.0001      0.0001     0.00011     0.00011    0.00012    0.00012    0.00012    0.00012     0.00012     0.00012     0.00013           0           0           0           0           0           0           0           0           0           0           0
    B2           0.0001      0.0001      0.0001      0.0001    0.00012    0.00012    0.00012    0.00012     0.00012     0.00012     0.00013     0.00014     0.00014     0.00012     0.00012     0.00012     0.00012     0.00012     0.00012     0.00012           0           0
    B3           0.0001      0.0001      0.0001      0.0001     0.0001     0.0001     0.0001     0.0001      0.0001      0.0001       9e-05       9e-05       9e-05       9e-05       9e-05      0.0001           0           0           0           0           0           0
    B4           0.0001      0.0001      0.0001      0.0001      9e-05          0          0          0           0           0           0           0           0           0           0           0           0           0           0           0           0           0
    B5           0.0001      0.0001       9e-05       9e-05      8e-05      8e-05      8e-05      8e-05       8e-05       8e-05       7e-05       4e-05           0           0           0           0           0           0           0           0           0           0
    B6           0.0001      0.0001      0.0001      0.0001      8e-05      8e-05      8e-05      8e-05       8e-05       8e-05       7e-05       7e-05       7e-05           0           0           0           0           0           0           0           0           0
    B7           0.0001      0.0001      0.0001      0.0001     0.0001     0.0001     0.0001     0.0001      0.0001      0.0001     0.00011     0.00012     0.00012     0.00011     0.00011     0.00011      0.0001      0.0001           0           0           0           0
    B8           0.0001           0           0           0          0          0          0          0           0           0           0           0           0           0           0           0           0           0           0           0           0           0
    B9            6e-05       5e-05       3e-05       3e-05    -0.0001    -0.0001    -0.0001    -0.0001    -0.00011    -0.00011     -0.0001    -0.00011    -0.00011    -0.00012    -0.00013    -0.00014    -0.00014    -0.00014    -0.00014    -0.00014    -0.00014    -0.00014
    B10         0.00011     0.00011     0.00012     0.00012    0.00014    0.00014    0.00014    0.00014     0.00014     0.00014     0.00015     0.00018     0.00018     0.00018     0.00018     0.00019     0.00019     0.00019     0.00019           0           0           0
    B11           9e-05       9e-05       9e-05       9e-05      8e-05      8e-05      8e-05      8e-05       8e-05       8e-05           0           0           0           0           0           0           0           0           0           0           0           0
    B12           9e-05       9e-05       9e-05       9e-05     0.0001     0.0001     0.0001     0.0001           0           0           0           0           0           0           0           0           0           0           0           0           0           0
    B13          0.0001      0.0001       9e-05       9e-05      9e-05      9e-05          0          0           0           0           0           0           0           0           0           0           0           0           0           0           0           0
    B14           7e-05       7e-05       7e-05       7e-05      8e-05      8e-05      8e-05      8e-05       8e-05       8e-05       8e-05       8e-05       8e-05       8e-05       8e-05       8e-05       8e-05           0           0           0           0           0
    B15          0.0001      0.0001           0           0          0          0          0          0           0           0           0           0           0           0           0           0           0           0           0           0           0           0
    B16          0.0001      0.0001      0.0001      0.0001      9e-05      9e-05      9e-05      9e-05       9e-05           0           0           0           0           0           0           0           0           0           0           0           0           0
    B17           8e-05       8e-05       8e-05       9e-05     0.0001     0.0001     0.0001     0.0001      0.0001      0.0001      0.0001     0.00011     0.00011     0.00012     0.00012     0.00012     0.00012     0.00012     0.00012     0.00013     0.00013           0
    B18           9e-05       9e-05       9e-05       9e-05          0          0          0          0           0           0           0           0           0           0           0           0           0           0           0           0           0           0
    B19          0.0001      0.0001      0.0001      0.0001    0.00011    0.00011    0.00011    0.00011     0.00011     0.00011      0.0001      0.0001      0.0001      0.0001           0           0           0           0           0           0           0           0
    B20          0.0001      0.0001      0.0001      0.0001     0.0001     0.0001     0.0001     0.0001      0.0001      0.0001      0.0001      0.0001      0.0001      0.0001      0.0001           0           0           0           0           0           0           0
    B22          0.0001       9e-05       9e-05       9e-05      8e-05      8e-05      8e-05          0           0           0           0           0           0           0           0           0           0           0           0           0           0           0
    B24          0.0001      0.0001      0.0001           0          0          0          0          0           0           0           0           0           0           0           0           0           0           0           0           0           0           0
    C1           0.0001      0.0001      0.0001      0.0001      8e-05      8e-05      8e-05      8e-05       9e-05      0.0001     0.00011           0           0           0           0           0           0           0           0           0           0           0
    C2            7e-05       7e-05       7e-05       8e-05    0.00011    0.00011    0.00011    0.00011     0.00011     0.00011     0.00012     0.00013     0.00012           0       1e-05       2e-05       4e-05       3e-05       4e-05      -2e-05           0           0
    C3          0.00011     0.00011      0.0001      0.0001      7e-05      7e-05      7e-05      7e-05       7e-05       7e-05           0      -1e-05      -1e-05      -2e-05           0       3e-05           0           0           0           0           0           0
    C4            9e-05       8e-05       7e-05       7e-05      1e-05          0          0          0           0           0           0           0           0           0           0           0           0           0           0           0           0           0
    C5           0.0001      0.0001      0.0001      0.0001    0.00012    0.00012    0.00012    0.00012     0.00011      0.0001      0.0001           0           0           0           0           0           0           0           0           0           0           0
    C6          0.00014     0.00014     0.00013     0.00013     0.0001     0.0001     0.0001     0.0001      0.0001      0.0001      0.0001      0.0001      0.0001           0           0           0           0           0           0           0           0           0
    C7            9e-05       9e-05      0.0001      0.0001    0.00012    0.00012    0.00012    0.00012     0.00013     0.00013     0.00018     0.00021     0.00021     0.00019     0.00017     0.00015     0.00012     0.00012           0           0           0           0
    C8           0.0001           0           0           0          0          0          0          0           0           0           0           0           0           0           0           0           0           0           0           0           0           0
    C9           -4e-05      -4e-05      -3e-05      -3e-05          0          0          0          0           0           0           0      -1e-05      -1e-05           0           0           0           0           0           0       2e-05       2e-05       2e-05
    C10               0           0           0           0          0          0     -1e-05     -1e-05           0           0      -1e-05      -1e-05      -1e-05      -1e-05      -1e-05      -1e-05      -1e-05      -2e-05      -2e-05           0           0           0
    C11               0       1e-05       1e-05       2e-05      1e-05      1e-05      1e-05      1e-05       2e-05       2e-05           0           0           0           0           0           0           0           0           0           0           0           0
    C12               0           0       2e-05       1e-05      1e-05      1e-05      1e-05      1e-05           0           0           0           0           0           0           0           0           0           0           0           0           0           0
    C13           5e-05       5e-05       4e-05       3e-05     -3e-05     -3e-05          0          0           0           0           0           0           0           0           0           0           0           0           0           0           0           0
    C14        -0.00012    -0.00012    -0.00013    -0.00012    -0.0001    -0.0001    -0.0001    -0.0001    -0.00011    -0.00011    -0.00012      -8e-05      -8e-05      -9e-05      -9e-05      -9e-05      -8e-05           0           0           0           0           0
    C15           8e-05       8e-05           0           0          0          0          0          0           0           0           0           0           0           0           0           0           0           0           0           0           0           0
    C16           8e-05       8e-05       8e-05       7e-05      5e-05      5e-05      5e-05      5e-05       5e-05           0           0           0           0           0           0           0           0           0           0           0           0           0
    C17          -7e-05      -7e-05      -7e-05      -6e-05     -8e-05     -8e-05     -8e-05     -8e-05      -9e-05      -9e-05      -8e-05    -0.00012    -0.00012    -0.00012    -0.00012    -0.00011    -0.00011    -0.00014    -0.00012      -3e-05      -3e-05           0
    C18          -2e-05      -2e-05      -3e-05      -3e-05          0          0          0          0           0           0           0           0           0           0           0           0           0           0           0           0           0           0
    C19         0.00012     0.00012     0.00011     0.00011     0.0001    0.00011    0.00011    0.00011     0.00011     0.00011       5e-05       5e-05       5e-05       4e-05           0           0           0           0           0           0           0           0
    C20         0.00011     0.00011     0.00011      0.0001     0.0001     0.0001     0.0001     0.0001      0.0001      0.0001       8e-05       9e-05       9e-05       7e-05       8e-05           0           0           0           0           0           0           0
    C22           8e-05       7e-05       6e-05       6e-05     -3e-05     -3e-05     -3e-05          0           0           0           0           0           0           0           0           0           0           0           0           0           0           0
    C24           9e-05       9e-05       9e-05           0          0          0          0          0           0           0           0           0           0           0           0           0           0           0           0           0           0           0
    gDiffA1     0.00012     0.00012     0.00012     0.00012    0.00012    0.00012    0.00012    0.00012     0.00012     0.00012     0.00012     0.00012     0.00012     0.00012     0.00012     0.00012     0.00012     0.00012     0.00012     0.00012     0.00012     0.00012
    gDiffA2      0.0001      0.0001      0.0001      0.0001     0.0001     0.0001     0.0001     0.0001      0.0001      0.0001      0.0001      0.0001      0.0001      0.0001      0.0001      0.0001      0.0001      0.0001      0.0001      0.0001      0.0001      0.0001
    gDiffB1     0.00269     0.00269     0.00269     0.00269    0.00269    0.00269    0.00269    0.00269     0.00269     0.00269     0.00269     0.00269     0.00269     0.00269     0.00269     0.00269     0.00269     0.00269     0.00269     0.00269     0.00269     0.00269
    gDiffB2     0.00038     0.00038     0.00038     0.00038    0.00038    0.00038    0.00038    0.00038     0.00038     0.00038     0.00038     0.00038     0.00038     0.00038     0.00038     0.00038     0.00038     0.00038     0.00038     0.00038     0.00038     0.00038
    gDiffC1     -0.0003     -0.0003     -0.0003     -0.0003    -0.0003    -0.0003    -0.0003    -0.0003     -0.0003     -0.0003     -0.0003     -0.0003     -0.0003     -0.0003     -0.0003     -0.0003     -0.0003     -0.0003     -0.0003     -0.0003     -0.0003     -0.0003
    gDiffC2      -1e-05      -1e-05      -1e-05      -1e-05     -1e-05     -1e-05     -1e-05     -1e-05      -1e-05      -1e-05      -1e-05      -1e-05      -1e-05      -1e-05      -1e-05      -1e-05      -1e-05      -1e-05      -1e-05      -1e-05      -1e-05      -1e-05

>> >> >> >> >> >> >> >> 