MATLAB is selecting SOFTWARE OPENGL rendering.

                            < M A T L A B (R) >
                  Copyright 1984-2021 The MathWorks, Inc.
             R2021a Update 4 (9.10.0.1710957) 64-bit (glnxa64)
                                July 1, 2021

 
To get started, type doc.
For product information, visit www.mathworks.com.
 
>> >> >> >> >> >> >> >> >> >> >> >> >> >> >> >> >> >> >> >> >> >> >> >> >> >> >> >> >> >> >> >> >> >> >> >> >> >> >> >> >> >> >> >> >> >> >> >> >> >> >> >> >> >> >> >> >> >> >> >> >> >> >> >> >> >> >> >> >> >> >> >> >> >> >> >> >> >> >> >> >> >> >> >> >> >> >> >> >> >> >> >> >> >> >> >> >> >> >> >> >> >> >> >> >> >> >> >> >> >> >> >> >> >> >> Starting parallel pool (parpool) using the 'local' profile ...
Connected to the parallel pool (number of workers: 4).
[Warning: MATLAB has disabled some advanced graphics rendering features by
switching to software OpenGL. For more information, click <a
href="matlab:opengl('problems')">here</a>.] 

Local minimum possible.

fminunc stopped because it cannot decrease the objective function
along the current search direction.

>> >> 
d0_end_only =

    0.0272
    0.0293
    0.0316
    0.0341
    0.0368

>> >> >> >> >> >> >> 
final_tab_endMem =

  6x1 table

                Coeff  
               ________

    gDiffA1       9e-05
    gDiffA2      0.0001
    gDiffB1    -0.00066
    gDiffB2       1e-05
    gDiffC1     0.00012
    gDiffC2       5e-05

>> >> >> >> >> >> >> >> >> >> >> >> >> >> 
Local minimum possible.

fminunc stopped because it cannot decrease the objective function
along the current search direction.

>> >> >> >> >> 
Local minimum possible.

fminunc stopped because it cannot decrease the objective function
along the current search direction.

>> >> >> >> >> >> >> >> >> >> >> >> >> >> >> >> 
Local minimum possible.

fminunc stopped because it cannot decrease the objective function
along the current search direction.


d0_progress =

  Columns 1 through 7

    0.0910         0         0         0         0         0         0
    0.0922         0         0         0         0         0         0
    0.0935         0         0         0         0         0         0
    0.0949         0         0         0         0         0         0
    0.0963         0         0         0         0         0         0

  Columns 8 through 14

         0         0         0         0         0         0         0
         0         0         0         0         0         0         0
         0         0         0         0         0         0         0
         0         0         0         0         0         0         0
         0         0         0         0         0         0         0

  Columns 15 through 21

         0         0         0         0         0         0         0
         0         0         0         0         0         0         0
         0         0         0         0         0         0         0
         0         0         0         0         0         0         0
         0         0         0         0         0         0         0

  Column 22

         0
         0
         0
         0
         0

Combo 1 are these terms and this Value: 11       : 2.597e-03 
Combo 2 are these terms and this Value: 11 16   : 3.266e-02 
Combo 3 are these terms and this Value: 1 12 16 : 1.316e-02 
This was the dropped L term(spot): 1 
There are 21 L terms left. 

Local minimum possible.

fminunc stopped because it cannot decrease the objective function
along the current search direction.


d0_progress =

  Columns 1 through 7

    0.0910    0.0997         0         0         0         0         0
    0.0922    0.1018         0         0         0         0         0
    0.0935    0.1039         0         0         0         0         0
    0.0949    0.1060         0         0         0         0         0
    0.0963    0.1081         0         0         0         0         0

  Columns 8 through 14

         0         0         0         0         0         0         0
         0         0         0         0         0         0         0
         0         0         0         0         0         0         0
         0         0         0         0         0         0         0
         0         0         0         0         0         0         0

  Columns 15 through 21

         0         0         0         0         0         0         0
         0         0         0         0         0         0         0
         0         0         0         0         0         0         0
         0         0         0         0         0         0         0
         0         0         0         0         0         0         0

  Column 22

         0
         0
         0
         0
         0

Combo 1 are these terms and this Value: 12       : 2.402e-02 
Combo 2 are these terms and this Value: 4 7   : 3.118e-02 
Combo 3 are these terms and this Value: 4 11 22 : 1.177e-02 
This was the dropped L term(spot): 4 
There are 20 L terms left. 

Local minimum possible.

fminunc stopped because it cannot decrease the objective function
along the current search direction.


d0_progress =

  Columns 1 through 7

    0.0910    0.0997    0.1011         0         0         0         0
    0.0922    0.1018    0.1030         0         0         0         0
    0.0935    0.1039    0.1050         0         0         0         0
    0.0949    0.1060    0.1070         0         0         0         0
    0.0963    0.1081    0.1090         0         0         0         0

  Columns 8 through 14

         0         0         0         0         0         0         0
         0         0         0         0         0         0         0
         0         0         0         0         0         0         0
         0         0         0         0         0         0         0
         0         0         0         0         0         0         0

  Columns 15 through 21

         0         0         0         0         0         0         0
         0         0         0         0         0         0         0
         0         0         0         0         0         0         0
         0         0         0         0         0         0         0
         0         0         0         0         0         0         0

  Column 22

         0
         0
         0
         0
         0

Combo 1 are these terms and this Value: 12       : 1.132e-02 
Combo 2 are these terms and this Value: 7 11   : 5.086e-03 
Combo 3 are these terms and this Value: 7 11 12 : 1.834e-02 
This was the dropped L term(spot): 7 
There are 19 L terms left. 

Local minimum possible.

fminunc stopped because it cannot decrease the objective function
along the current search direction.


d0_progress =

  Columns 1 through 7

    0.0910    0.0997    0.1011    0.1011         0         0         0
    0.0922    0.1018    0.1030    0.1034         0         0         0
    0.0935    0.1039    0.1050    0.1058         0         0         0
    0.0949    0.1060    0.1070    0.1080         0         0         0
    0.0963    0.1081    0.1090    0.1101         0         0         0

  Columns 8 through 14

         0         0         0         0         0         0         0
         0         0         0         0         0         0         0
         0         0         0         0         0         0         0
         0         0         0         0         0         0         0
         0         0         0         0         0         0         0

  Columns 15 through 21

         0         0         0         0         0         0         0
         0         0         0         0         0         0         0
         0         0         0         0         0         0         0
         0         0         0         0         0         0         0
         0         0         0         0         0         0         0

  Column 22

         0
         0
         0
         0
         0

Combo 1 are these terms and this Value: 11       : 9.688e-03 
Combo 2 are these terms and this Value: 15 16   : 5.784e-03 
Combo 3 are these terms and this Value: 2 6 11 : 1.029e-02 
This was the dropped L term(spot): 16 
There are 18 L terms left. 

Local minimum possible.

fminunc stopped because it cannot decrease the objective function
along the current search direction.


d0_progress =

  Columns 1 through 7

    0.0910    0.0997    0.1011    0.1011    0.1040         0         0
    0.0922    0.1018    0.1030    0.1034    0.1069         0         0
    0.0935    0.1039    0.1050    0.1058    0.1097         0         0
    0.0949    0.1060    0.1070    0.1080    0.1124         0         0
    0.0963    0.1081    0.1090    0.1101    0.1149         0         0

  Columns 8 through 14

         0         0         0         0         0         0         0
         0         0         0         0         0         0         0
         0         0         0         0         0         0         0
         0         0         0         0         0         0         0
         0         0         0         0         0         0         0

  Columns 15 through 21

         0         0         0         0         0         0         0
         0         0         0         0         0         0         0
         0         0         0         0         0         0         0
         0         0         0         0         0         0         0
         0         0         0         0         0         0         0

  Column 22

         0
         0
         0
         0
         0

Combo 1 are these terms and this Value: 11       : 3.591e-03 
Combo 2 are these terms and this Value: 2 6   : 9.999e-03 
Combo 3 are these terms and this Value: 2 6 11 : 2.384e-03 
This was the dropped L term(spot): 11 
There are 17 L terms left. 

Local minimum possible.

fminunc stopped because it cannot decrease the objective function
along the current search direction.


d0_progress =

  Columns 1 through 7

    0.0910    0.0997    0.1011    0.1011    0.1040    0.1043         0
    0.0922    0.1018    0.1030    0.1034    0.1069    0.1074         0
    0.0935    0.1039    0.1050    0.1058    0.1097    0.1105         0
    0.0949    0.1060    0.1070    0.1080    0.1124    0.1134         0
    0.0963    0.1081    0.1090    0.1101    0.1149    0.1160         0

  Columns 8 through 14

         0         0         0         0         0         0         0
         0         0         0         0         0         0         0
         0         0         0         0         0         0         0
         0         0         0         0         0         0         0
         0         0         0         0         0         0         0

  Columns 15 through 21

         0         0         0         0         0         0         0
         0         0         0         0         0         0         0
         0         0         0         0         0         0         0
         0         0         0         0         0         0         0
         0         0         0         0         0         0         0

  Column 22

         0
         0
         0
         0
         0

Combo 1 are these terms and this Value: 12       : 3.168e-02 
Combo 2 are these terms and this Value: 2 6   : 1.376e-01 
Combo 3 are these terms and this Value: 12 20 22 : 7.460e-02 
This was the dropped L term(spot): 12 
There are 16 L terms left. 

Local minimum possible.

fminunc stopped because it cannot decrease the objective function
along the current search direction.


d0_progress =

  Columns 1 through 7

    0.0910    0.0997    0.1011    0.1011    0.1040    0.1043    0.1044
    0.0922    0.1018    0.1030    0.1034    0.1069    0.1074    0.1075
    0.0935    0.1039    0.1050    0.1058    0.1097    0.1105    0.1105
    0.0949    0.1060    0.1070    0.1080    0.1124    0.1134    0.1134
    0.0963    0.1081    0.1090    0.1101    0.1149    0.1160    0.1161

  Columns 8 through 14

         0         0         0         0         0         0         0
         0         0         0         0         0         0         0
         0         0         0         0         0         0         0
         0         0         0         0         0         0         0
         0         0         0         0         0         0         0

  Columns 15 through 21

         0         0         0         0         0         0         0
         0         0         0         0         0         0         0
         0         0         0         0         0         0         0
         0         0         0         0         0         0         0
         0         0         0         0         0         0         0

  Column 22

         0
         0
         0
         0
         0

Combo 1 are these terms and this Value: 15       : 6.725e-01 
Combo 2 are these terms and this Value: 2 6   : 1.688e-01 
Combo 3 are these terms and this Value: 3 8 22 : 2.092e-02 
This was the dropped L term(spot): 22 
There are 15 L terms left. 

Local minimum possible.

fminunc stopped because it cannot decrease the objective function
along the current search direction.


d0_progress =

  Columns 1 through 7

    0.0910    0.0997    0.1011    0.1011    0.1040    0.1043    0.1044
    0.0922    0.1018    0.1030    0.1034    0.1069    0.1074    0.1075
    0.0935    0.1039    0.1050    0.1058    0.1097    0.1105    0.1105
    0.0949    0.1060    0.1070    0.1080    0.1124    0.1134    0.1134
    0.0963    0.1081    0.1090    0.1101    0.1149    0.1160    0.1161

  Columns 8 through 14

    0.1067         0         0         0         0         0         0
    0.1105         0         0         0         0         0         0
    0.1144         0         0         0         0         0         0
    0.1182         0         0         0         0         0         0
    0.1220         0         0         0         0         0         0

  Columns 15 through 21

         0         0         0         0         0         0         0
         0         0         0         0         0         0         0
         0         0         0         0         0         0         0
         0         0         0         0         0         0         0
         0         0         0         0         0         0         0

  Column 22

         0
         0
         0
         0
         0

Combo 1 are these terms and this Value: 15       : 1.315e-02 
Combo 2 are these terms and this Value: 8 17   : 7.802e-02 
Combo 3 are these terms and this Value: 2 6 15 : 1.967e-01 
This was the dropped L term(spot): 8 
There are 14 L terms left. 

Local minimum possible.

fminunc stopped because it cannot decrease the objective function
along the current search direction.


d0_progress =

  Columns 1 through 7

    0.0910    0.0997    0.1011    0.1011    0.1040    0.1043    0.1044
    0.0922    0.1018    0.1030    0.1034    0.1069    0.1074    0.1075
    0.0935    0.1039    0.1050    0.1058    0.1097    0.1105    0.1105
    0.0949    0.1060    0.1070    0.1080    0.1124    0.1134    0.1134
    0.0963    0.1081    0.1090    0.1101    0.1149    0.1160    0.1161

  Columns 8 through 14

    0.1067    0.1099         0         0         0         0         0
    0.1105    0.1142         0         0         0         0         0
    0.1144    0.1185         0         0         0         0         0
    0.1182    0.1225         0         0         0         0         0
    0.1220    0.1263         0         0         0         0         0

  Columns 15 through 21

         0         0         0         0         0         0         0
         0         0         0         0         0         0         0
         0         0         0         0         0         0         0
         0         0         0         0         0         0         0
         0         0         0         0         0         0         0

  Column 22

         0
         0
         0
         0
         0

Combo 1 are these terms and this Value: 17       : 2.742e-01 
Combo 2 are these terms and this Value: 3 15   : 3.492e-02 
Combo 3 are these terms and this Value: 3 15 17 : 3.168e-02 
This was the dropped L term(spot): 17 
There are 13 L terms left. 

Local minimum possible.

fminunc stopped because it cannot decrease the objective function
along the current search direction.


d0_progress =

  Columns 1 through 7

    0.0910    0.0997    0.1011    0.1011    0.1040    0.1043    0.1044
    0.0922    0.1018    0.1030    0.1034    0.1069    0.1074    0.1075
    0.0935    0.1039    0.1050    0.1058    0.1097    0.1105    0.1105
    0.0949    0.1060    0.1070    0.1080    0.1124    0.1134    0.1134
    0.0963    0.1081    0.1090    0.1101    0.1149    0.1160    0.1161

  Columns 8 through 14

    0.1067    0.1099    0.1104         0         0         0         0
    0.1105    0.1142    0.1146         0         0         0         0
    0.1144    0.1185    0.1186         0         0         0         0
    0.1182    0.1225    0.1225         0         0         0         0
    0.1220    0.1263    0.1261         0         0         0         0

  Columns 15 through 21

         0         0         0         0         0         0         0
         0         0         0         0         0         0         0
         0         0         0         0         0         0         0
         0         0         0         0         0         0         0
         0         0         0         0         0         0         0

  Column 22

         0
         0
         0
         0
         0

Combo 1 are these terms and this Value: 15       : 5.667e-01 
Combo 2 are these terms and this Value: 15 21   : 3.585e-01 
Combo 3 are these terms and this Value: 2 6 15 : 6.914e-01 
This was the dropped L term(spot): 15 
There are 12 L terms left. 

Local minimum possible.

fminunc stopped because it cannot decrease the objective function
along the current search direction.


d0_progress =

  Columns 1 through 7

    0.0910    0.0997    0.1011    0.1011    0.1040    0.1043    0.1044
    0.0922    0.1018    0.1030    0.1034    0.1069    0.1074    0.1075
    0.0935    0.1039    0.1050    0.1058    0.1097    0.1105    0.1105
    0.0949    0.1060    0.1070    0.1080    0.1124    0.1134    0.1134
    0.0963    0.1081    0.1090    0.1101    0.1149    0.1160    0.1161

  Columns 8 through 14

    0.1067    0.1099    0.1104    0.1108         0         0         0
    0.1105    0.1142    0.1146    0.1134         0         0         0
    0.1144    0.1185    0.1186    0.1162         0         0         0
    0.1182    0.1225    0.1225    0.1192         0         0         0
    0.1220    0.1263    0.1261    0.1223         0         0         0

  Columns 15 through 21

         0         0         0         0         0         0         0
         0         0         0         0         0         0         0
         0         0         0         0         0         0         0
         0         0         0         0         0         0         0
         0         0         0         0         0         0         0

  Column 22

         0
         0
         0
         0
         0

Combo 1 are these terms and this Value: 21       : 8.336e-02 
Combo 2 are these terms and this Value: 3 20   : 1.949e-04 
Combo 3 are these terms and this Value: 2 6 21 : 4.958e-02 
This was the dropped L term(spot): 3 
There are 11 L terms left. 

Local minimum possible.

fminunc stopped because it cannot decrease the objective function
along the current search direction.


d0_progress =

  Columns 1 through 7

    0.0910    0.0997    0.1011    0.1011    0.1040    0.1043    0.1044
    0.0922    0.1018    0.1030    0.1034    0.1069    0.1074    0.1075
    0.0935    0.1039    0.1050    0.1058    0.1097    0.1105    0.1105
    0.0949    0.1060    0.1070    0.1080    0.1124    0.1134    0.1134
    0.0963    0.1081    0.1090    0.1101    0.1149    0.1160    0.1161

  Columns 8 through 14

    0.1067    0.1099    0.1104    0.1108    0.1120         0         0
    0.1105    0.1142    0.1146    0.1134    0.1147         0         0
    0.1144    0.1185    0.1186    0.1162    0.1174         0         0
    0.1182    0.1225    0.1225    0.1192    0.1203         0         0
    0.1220    0.1263    0.1261    0.1223    0.1232         0         0

  Columns 15 through 21

         0         0         0         0         0         0         0
         0         0         0         0         0         0         0
         0         0         0         0         0         0         0
         0         0         0         0         0         0         0
         0         0         0         0         0         0         0

  Column 22

         0
         0
         0
         0
         0

Combo 1 are these terms and this Value: 21       : 7.598e-02 
Combo 2 are these terms and this Value: 19 21   : 4.668e-01 
Combo 3 are these terms and this Value: 2 6 21 : 4.585e-01 
This was the dropped L term(spot): 21 
There are 10 L terms left. 

Local minimum possible.

fminunc stopped because it cannot decrease the objective function
along the current search direction.


d0_progress =

  Columns 1 through 7

    0.0910    0.0997    0.1011    0.1011    0.1040    0.1043    0.1044
    0.0922    0.1018    0.1030    0.1034    0.1069    0.1074    0.1075
    0.0935    0.1039    0.1050    0.1058    0.1097    0.1105    0.1105
    0.0949    0.1060    0.1070    0.1080    0.1124    0.1134    0.1134
    0.0963    0.1081    0.1090    0.1101    0.1149    0.1160    0.1161

  Columns 8 through 14

    0.1067    0.1099    0.1104    0.1108    0.1120    0.1128         0
    0.1105    0.1142    0.1146    0.1134    0.1147    0.1155         0
    0.1144    0.1185    0.1186    0.1162    0.1174    0.1183         0
    0.1182    0.1225    0.1225    0.1192    0.1203    0.1211         0
    0.1220    0.1263    0.1261    0.1223    0.1232    0.1239         0

  Columns 15 through 21

         0         0         0         0         0         0         0
         0         0         0         0         0         0         0
         0         0         0         0         0         0         0
         0         0         0         0         0         0         0
         0         0         0         0         0         0         0

  Column 22

         0
         0
         0
         0
         0

Combo 1 are these terms and this Value: 19       : 5.679e-01 
Combo 2 are these terms and this Value: 2 6   : 3.930e-01 
Combo 3 are these terms and this Value: 2 6 19 : 1.381e+00 
This was the dropped L term(spot): 6 
There are 9 L terms left. 

Local minimum possible.

fminunc stopped because it cannot decrease the objective function
along the current search direction.


d0_progress =

  Columns 1 through 7

    0.0910    0.0997    0.1011    0.1011    0.1040    0.1043    0.1044
    0.0922    0.1018    0.1030    0.1034    0.1069    0.1074    0.1075
    0.0935    0.1039    0.1050    0.1058    0.1097    0.1105    0.1105
    0.0949    0.1060    0.1070    0.1080    0.1124    0.1134    0.1134
    0.0963    0.1081    0.1090    0.1101    0.1149    0.1160    0.1161

  Columns 8 through 14

    0.1067    0.1099    0.1104    0.1108    0.1120    0.1128    0.1171
    0.1105    0.1142    0.1146    0.1134    0.1147    0.1155    0.1195
    0.1144    0.1185    0.1186    0.1162    0.1174    0.1183    0.1226
    0.1182    0.1225    0.1225    0.1192    0.1203    0.1211    0.1262
    0.1220    0.1263    0.1261    0.1223    0.1232    0.1239    0.1302

  Columns 15 through 21

         0         0         0         0         0         0         0
         0         0         0         0         0         0         0
         0         0         0         0         0         0         0
         0         0         0         0         0         0         0
         0         0         0         0         0         0         0

  Column 22

         0
         0
         0
         0
         0

Combo 1 are these terms and this Value: 19       : 3.295e-01 
Combo 2 are these terms and this Value: 19 20   : 4.942e-02 
Combo 3 are these terms and this Value: 2 19 20 : 7.445e+00 
This was the dropped L term(spot): 19 
There are 8 L terms left. 

Local minimum possible.

fminunc stopped because it cannot decrease the objective function
along the current search direction.


d0_progress =

  Columns 1 through 7

    0.0910    0.0997    0.1011    0.1011    0.1040    0.1043    0.1044
    0.0922    0.1018    0.1030    0.1034    0.1069    0.1074    0.1075
    0.0935    0.1039    0.1050    0.1058    0.1097    0.1105    0.1105
    0.0949    0.1060    0.1070    0.1080    0.1124    0.1134    0.1134
    0.0963    0.1081    0.1090    0.1101    0.1149    0.1160    0.1161

  Columns 8 through 14

    0.1067    0.1099    0.1104    0.1108    0.1120    0.1128    0.1171
    0.1105    0.1142    0.1146    0.1134    0.1147    0.1155    0.1195
    0.1144    0.1185    0.1186    0.1162    0.1174    0.1183    0.1226
    0.1182    0.1225    0.1225    0.1192    0.1203    0.1211    0.1262
    0.1220    0.1263    0.1261    0.1223    0.1232    0.1239    0.1302

  Columns 15 through 21

    0.1173         0         0         0         0         0         0
    0.1191         0         0         0         0         0         0
    0.1215         0         0         0         0         0         0
    0.1246         0         0         0         0         0         0
    0.1281         0         0         0         0         0         0

  Column 22

         0
         0
         0
         0
         0

Combo 1 are these terms and this Value: 20       : 4.268e-01 
Combo 2 are these terms and this Value: 2 20   : 9.367e+00 
Combo 3 are these terms and this Value: 2 5 20 : 7.308e+00 
This was the dropped L term(spot): 5 
There are 7 L terms left. 

Local minimum possible.

fminunc stopped because it cannot decrease the objective function
along the current search direction.


d0_progress =

  Columns 1 through 7

    0.0910    0.0997    0.1011    0.1011    0.1040    0.1043    0.1044
    0.0922    0.1018    0.1030    0.1034    0.1069    0.1074    0.1075
    0.0935    0.1039    0.1050    0.1058    0.1097    0.1105    0.1105
    0.0949    0.1060    0.1070    0.1080    0.1124    0.1134    0.1134
    0.0963    0.1081    0.1090    0.1101    0.1149    0.1160    0.1161

  Columns 8 through 14

    0.1067    0.1099    0.1104    0.1108    0.1120    0.1128    0.1171
    0.1105    0.1142    0.1146    0.1134    0.1147    0.1155    0.1195
    0.1144    0.1185    0.1186    0.1162    0.1174    0.1183    0.1226
    0.1182    0.1225    0.1225    0.1192    0.1203    0.1211    0.1262
    0.1220    0.1263    0.1261    0.1223    0.1232    0.1239    0.1302

  Columns 15 through 21

    0.1173    0.1170         0         0         0         0         0
    0.1191    0.1205         0         0         0         0         0
    0.1215    0.1231         0         0         0         0         0
    0.1246    0.1246         0         0         0         0         0
    0.1281    0.1252         0         0         0         0         0

  Column 22

         0
         0
         0
         0
         0

Combo 1 are these terms and this Value: 20       : 2.260e-01 
Combo 2 are these terms and this Value: 2 20   : 5.608e+00 
Combo 3 are these terms and this Value: 2 13 20 : 1.020e+01 
This was the dropped L term(spot): 20 
There are 6 L terms left. 

Local minimum possible.

fminunc stopped because it cannot decrease the objective function
along the current search direction.


d0_progress =

  Columns 1 through 7

    0.0910    0.0997    0.1011    0.1011    0.1040    0.1043    0.1044
    0.0922    0.1018    0.1030    0.1034    0.1069    0.1074    0.1075
    0.0935    0.1039    0.1050    0.1058    0.1097    0.1105    0.1105
    0.0949    0.1060    0.1070    0.1080    0.1124    0.1134    0.1134
    0.0963    0.1081    0.1090    0.1101    0.1149    0.1160    0.1161

  Columns 8 through 14

    0.1067    0.1099    0.1104    0.1108    0.1120    0.1128    0.1171
    0.1105    0.1142    0.1146    0.1134    0.1147    0.1155    0.1195
    0.1144    0.1185    0.1186    0.1162    0.1174    0.1183    0.1226
    0.1182    0.1225    0.1225    0.1192    0.1203    0.1211    0.1262
    0.1220    0.1263    0.1261    0.1223    0.1232    0.1239    0.1302

  Columns 15 through 21

    0.1173    0.1170    0.1176         0         0         0         0
    0.1191    0.1205    0.1203         0         0         0         0
    0.1215    0.1231    0.1223         0         0         0         0
    0.1246    0.1246    0.1236         0         0         0         0
    0.1281    0.1252    0.1242         0         0         0         0

  Column 22

         0
         0
         0
         0
         0

Combo 1 are these terms and this Value: 2       : 5.133e+00 
Combo 2 are these terms and this Value: 2 13   : 9.974e+00 
Combo 3 are these terms and this Value: 2 13 14 : 3.948e+01 
This was the dropped L term(spot): 2 
There are 5 L terms left. 

Local minimum possible.

fminunc stopped because it cannot decrease the objective function
along the current search direction.


d0_progress =

  Columns 1 through 7

    0.0910    0.0997    0.1011    0.1011    0.1040    0.1043    0.1044
    0.0922    0.1018    0.1030    0.1034    0.1069    0.1074    0.1075
    0.0935    0.1039    0.1050    0.1058    0.1097    0.1105    0.1105
    0.0949    0.1060    0.1070    0.1080    0.1124    0.1134    0.1134
    0.0963    0.1081    0.1090    0.1101    0.1149    0.1160    0.1161

  Columns 8 through 14

    0.1067    0.1099    0.1104    0.1108    0.1120    0.1128    0.1171
    0.1105    0.1142    0.1146    0.1134    0.1147    0.1155    0.1195
    0.1144    0.1185    0.1186    0.1162    0.1174    0.1183    0.1226
    0.1182    0.1225    0.1225    0.1192    0.1203    0.1211    0.1262
    0.1220    0.1263    0.1261    0.1223    0.1232    0.1239    0.1302

  Columns 15 through 21

    0.1173    0.1170    0.1176    0.0930         0         0         0
    0.1191    0.1205    0.1203    0.0935         0         0         0
    0.1215    0.1231    0.1223    0.0940         0         0         0
    0.1246    0.1246    0.1236    0.0945         0         0         0
    0.1281    0.1252    0.1242    0.0951         0         0         0

  Column 22

         0
         0
         0
         0
         0

Combo 1 are these terms and this Value: 13       : 3.441e-01 
Combo 2 are these terms and this Value: 13 14   : 1.070e+01 
Combo 3 are these terms and this Value: 10 13 14 : 2.312e+01 
This was the dropped L term(spot): 13 
There are 4 L terms left. 

Local minimum possible.

fminunc stopped because it cannot decrease the objective function
along the current search direction.


d0_progress =

  Columns 1 through 7

    0.0910    0.0997    0.1011    0.1011    0.1040    0.1043    0.1044
    0.0922    0.1018    0.1030    0.1034    0.1069    0.1074    0.1075
    0.0935    0.1039    0.1050    0.1058    0.1097    0.1105    0.1105
    0.0949    0.1060    0.1070    0.1080    0.1124    0.1134    0.1134
    0.0963    0.1081    0.1090    0.1101    0.1149    0.1160    0.1161

  Columns 8 through 14

    0.1067    0.1099    0.1104    0.1108    0.1120    0.1128    0.1171
    0.1105    0.1142    0.1146    0.1134    0.1147    0.1155    0.1195
    0.1144    0.1185    0.1186    0.1162    0.1174    0.1183    0.1226
    0.1182    0.1225    0.1225    0.1192    0.1203    0.1211    0.1262
    0.1220    0.1263    0.1261    0.1223    0.1232    0.1239    0.1302

  Columns 15 through 21

    0.1173    0.1170    0.1176    0.0930    0.0931         0         0
    0.1191    0.1205    0.1203    0.0935    0.0936         0         0
    0.1215    0.1231    0.1223    0.0940    0.0941         0         0
    0.1246    0.1246    0.1236    0.0945    0.0946         0         0
    0.1281    0.1252    0.1242    0.0951    0.0952         0         0

  Column 22

         0
         0
         0
         0
         0

Combo 1 are these terms and this Value: 14       : 1.262e+01 
Combo 2 are these terms and this Value: 10 14   : 1.928e+01 
Combo 3 are these terms and this Value: 9 10 18 : 4.425e+01 
This was the dropped L term(spot): 14 
There are 3 L terms left. 

Local minimum possible.

fminunc stopped because it cannot decrease the objective function
along the current search direction.


d0_progress =

  Columns 1 through 7

    0.0910    0.0997    0.1011    0.1011    0.1040    0.1043    0.1044
    0.0922    0.1018    0.1030    0.1034    0.1069    0.1074    0.1075
    0.0935    0.1039    0.1050    0.1058    0.1097    0.1105    0.1105
    0.0949    0.1060    0.1070    0.1080    0.1124    0.1134    0.1134
    0.0963    0.1081    0.1090    0.1101    0.1149    0.1160    0.1161

  Columns 8 through 14

    0.1067    0.1099    0.1104    0.1108    0.1120    0.1128    0.1171
    0.1105    0.1142    0.1146    0.1134    0.1147    0.1155    0.1195
    0.1144    0.1185    0.1186    0.1162    0.1174    0.1183    0.1226
    0.1182    0.1225    0.1225    0.1192    0.1203    0.1211    0.1262
    0.1220    0.1263    0.1261    0.1223    0.1232    0.1239    0.1302

  Columns 15 through 21

    0.1173    0.1170    0.1176    0.0930    0.0931    0.1367         0
    0.1191    0.1205    0.1203    0.0935    0.0936    0.1363         0
    0.1215    0.1231    0.1223    0.0940    0.0941    0.1358         0
    0.1246    0.1246    0.1236    0.0945    0.0946    0.1353         0
    0.1281    0.1252    0.1242    0.0951    0.0952    0.1347         0

  Column 22

         0
         0
         0
         0
         0

Combo 1 are these terms and this Value: 10       : 5.584e+01 
Combo 2 are these terms and this Value: 9 10   : 2.061e+02 
Combo 3 are these terms and this Value: 9 10 18 : 1.801e+02 
This was the dropped L term(spot): 18 
There are 2 L terms left. 

Local minimum possible.

fminunc stopped because it cannot decrease the objective function
along the current search direction.


d0_progress =

  Columns 1 through 7

    0.0910    0.0997    0.1011    0.1011    0.1040    0.1043    0.1044
    0.0922    0.1018    0.1030    0.1034    0.1069    0.1074    0.1075
    0.0935    0.1039    0.1050    0.1058    0.1097    0.1105    0.1105
    0.0949    0.1060    0.1070    0.1080    0.1124    0.1134    0.1134
    0.0963    0.1081    0.1090    0.1101    0.1149    0.1160    0.1161

  Columns 8 through 14

    0.1067    0.1099    0.1104    0.1108    0.1120    0.1128    0.1171
    0.1105    0.1142    0.1146    0.1134    0.1147    0.1155    0.1195
    0.1144    0.1185    0.1186    0.1162    0.1174    0.1183    0.1226
    0.1182    0.1225    0.1225    0.1192    0.1203    0.1211    0.1262
    0.1220    0.1263    0.1261    0.1223    0.1232    0.1239    0.1302

  Columns 15 through 21

    0.1173    0.1170    0.1176    0.0930    0.0931    0.1367    0.0430
    0.1191    0.1205    0.1203    0.0935    0.0936    0.1363    0.0449
    0.1215    0.1231    0.1223    0.0940    0.0941    0.1358    0.0469
    0.1246    0.1246    0.1236    0.0945    0.0946    0.1353    0.0490
    0.1281    0.1252    0.1242    0.0951    0.0952    0.1347    0.0513

  Column 22

         0
         0
         0
         0
         0

This was the dropped L term(spot): 10 
There are 1 L terms left. 

Local minimum possible.

fminunc stopped because it cannot decrease the objective function
along the current search direction.


d0_progress =

  Columns 1 through 7

    0.0910    0.0997    0.1011    0.1011    0.1040    0.1043    0.1044
    0.0922    0.1018    0.1030    0.1034    0.1069    0.1074    0.1075
    0.0935    0.1039    0.1050    0.1058    0.1097    0.1105    0.1105
    0.0949    0.1060    0.1070    0.1080    0.1124    0.1134    0.1134
    0.0963    0.1081    0.1090    0.1101    0.1149    0.1160    0.1161

  Columns 8 through 14

    0.1067    0.1099    0.1104    0.1108    0.1120    0.1128    0.1171
    0.1105    0.1142    0.1146    0.1134    0.1147    0.1155    0.1195
    0.1144    0.1185    0.1186    0.1162    0.1174    0.1183    0.1226
    0.1182    0.1225    0.1225    0.1192    0.1203    0.1211    0.1262
    0.1220    0.1263    0.1261    0.1223    0.1232    0.1239    0.1302

  Columns 15 through 21

    0.1173    0.1170    0.1176    0.0930    0.0931    0.1367    0.0430
    0.1191    0.1205    0.1203    0.0935    0.0936    0.1363    0.0449
    0.1215    0.1231    0.1223    0.0940    0.0941    0.1358    0.0469
    0.1246    0.1246    0.1236    0.0945    0.0946    0.1353    0.0490
    0.1281    0.1252    0.1242    0.0951    0.0952    0.1347    0.0513

  Column 22

    0.0253
    0.0274
    0.0297
    0.0322
    0.0348

This was the dropped L term(spot): 9 
There are 0 L terms left. 
>> >> >> >> >> >> 
all_tab =

  72x22 table

                 Var1        Var2        Var3        Var4        Var5        Var6        Var7        Var8        Var9       Var10       Var11       Var12       Var13       Var14       Var15       Var16       Var17       Var18       Var19       Var20       Var21       Var22  
               ________    ________    ________    ________    ________    ________    ________    ________    ________    ________    ________    ________    ________    ________    ________    ________    ________    ________    ________    ________    ________    ________

    A1           0.0001           0           0           0           0           0           0           0           0           0           0           0           0           0           0           0           0           0           0           0           0           0
    A2           0.0001      0.0001      0.0001      0.0001      0.0001      0.0001      0.0001      0.0001      0.0001      0.0001      0.0001      0.0001      0.0001      0.0001      0.0001      0.0001      0.0001           0           0           0           0           0
    A3           0.0001      0.0001      0.0001      0.0001      0.0001      0.0001      0.0001      0.0001      0.0001      0.0001      0.0001           0           0           0           0           0           0           0           0           0           0           0
    A4           0.0001      0.0001           0           0           0           0           0           0           0           0           0           0           0           0           0           0           0           0           0           0           0           0
    A5           0.0001      0.0001      0.0001      0.0001      0.0001      0.0001      0.0001      0.0001      0.0001      0.0001      0.0001      0.0001      0.0001      0.0001      0.0001           0           0           0           0           0           0           0
    A6           0.0001      0.0001      0.0001      0.0001      0.0001      0.0001      0.0001      0.0001      0.0001      0.0001      0.0001      0.0001      0.0001           0           0           0           0           0           0           0           0           0
    A7           0.0001      0.0001      0.0001           0           0           0           0           0           0           0           0           0           0           0           0           0           0           0           0           0           0           0
    A8           0.0001      0.0001      0.0001      0.0001      0.0001      0.0001      0.0001      0.0001           0           0           0           0           0           0           0           0           0           0           0           0           0           0
    A9           0.0001      0.0001      0.0001      0.0001      0.0001      0.0001      0.0001      0.0001      0.0001      0.0001      0.0001      0.0001      0.0001      0.0001      0.0001      0.0001      0.0001      0.0001      0.0001       9e-05       9e-05      0.0001
    A10          0.0001      0.0001      0.0001      0.0001      0.0001      0.0001      0.0001      0.0001      0.0001      0.0001      0.0001      0.0001      0.0001      0.0001      0.0001      0.0001      0.0001      0.0001      0.0001     0.00011     0.00011           0
    A11          0.0001      0.0001      0.0001      0.0001      0.0001           0           0           0           0           0           0           0           0           0           0           0           0           0           0           0           0           0
    A12          0.0001      0.0001      0.0001      0.0001      0.0001      0.0001           0           0           0           0           0           0           0           0           0           0           0           0           0           0           0           0
    A13          0.0001      0.0001      0.0001      0.0001      0.0001      0.0001      0.0001      0.0001      0.0001      0.0001      0.0001      0.0001      0.0001      0.0001      0.0001      0.0001      0.0001      0.0001           0           0           0           0
    A14          0.0001      0.0001      0.0001      0.0001      0.0001      0.0001      0.0001      0.0001      0.0001      0.0001      0.0001      0.0001      0.0001      0.0001      0.0001      0.0001      0.0001      0.0001      0.0001           0           0           0
    A15          0.0001      0.0001      0.0001      0.0001      0.0001      0.0001      0.0001      0.0001      0.0001      0.0001           0           0           0           0           0           0           0           0           0           0           0           0
    A16          0.0001      0.0001      0.0001      0.0001           0           0           0           0           0           0           0           0           0           0           0           0           0           0           0           0           0           0
    A17          0.0001      0.0001      0.0001      0.0001      0.0001      0.0001      0.0001      0.0001      0.0001           0           0           0           0           0           0           0           0           0           0           0           0           0
    A18          0.0001      0.0001      0.0001      0.0001      0.0001      0.0001      0.0001      0.0001      0.0001      0.0001      0.0001      0.0001      0.0001      0.0001      0.0001      0.0001      0.0001      0.0001      0.0001      0.0001           0           0
    A19          0.0001      0.0001      0.0001      0.0001      0.0001      0.0001      0.0001      0.0001      0.0001      0.0001      0.0001      0.0001      0.0001      0.0001           0           0           0           0           0           0           0           0
    A20          0.0001      0.0001      0.0001      0.0001      0.0001      0.0001      0.0001      0.0001      0.0001      0.0001      0.0001      0.0001      0.0001      0.0001      0.0001      0.0001           0           0           0           0           0           0
    A22          0.0001      0.0001      0.0001      0.0001      0.0001      0.0001      0.0001      0.0001      0.0001      0.0001      0.0001      0.0001           0           0           0           0           0           0           0           0           0           0
    A24          0.0001      0.0001      0.0001      0.0001      0.0001      0.0001      0.0001           0           0           0           0           0           0           0           0           0           0           0           0           0           0           0
    B1          0.00018           0           0           0           0           0           0           0           0           0           0           0           0           0           0           0           0           0           0           0           0           0
    B2          0.00016     0.00016     0.00016     0.00016     0.00016     0.00016     0.00016     0.00017     0.00017     0.00017     0.00017     0.00017     0.00017     0.00017     0.00017     0.00015     0.00016           0           0           0           0           0
    B3          0.00012     0.00012     0.00012     0.00012     0.00012     0.00012     0.00012     0.00012     0.00011     0.00011     0.00011           0           0           0           0           0           0           0           0           0           0           0
    B4          0.00011     0.00011           0           0           0           0           0           0           0           0           0           0           0           0           0           0           0           0           0           0           0           0
    B5                0           0           0           0           0           0           0           0           0           0      -1e-05      -1e-05      -1e-05      -1e-05      -1e-05           0           0           0           0           0           0           0
    B6            2e-05       2e-05       2e-05       2e-05       2e-05       2e-05       2e-05       2e-05       2e-05       2e-05       1e-05       1e-05       1e-05           0           0           0           0           0           0           0           0           0
    B7           0.0001      0.0001      0.0001           0           0           0           0           0           0           0           0           0           0           0           0           0           0           0           0           0           0           0
    B8           0.0001      0.0001      0.0001      0.0001      0.0001      0.0001      0.0001     0.00011           0           0           0           0           0           0           0           0           0           0           0           0           0           0
    B9         -0.00043    -0.00043    -0.00043    -0.00043    -0.00042    -0.00042    -0.00042    -0.00042    -0.00041    -0.00041    -0.00039    -0.00039    -0.00039    -0.00036    -0.00036    -0.00036    -0.00036    -0.00027    -0.00027    -0.00034    -0.00033     0.00017
    B10         0.00041     0.00041     0.00041     0.00041     0.00041     0.00041     0.00041     0.00041      0.0004      0.0004      0.0004      0.0004      0.0004     0.00039     0.00039     0.00039     0.00039     0.00036     0.00036     0.00103     0.00102           0
    B11           4e-05       4e-05       4e-05       4e-05       4e-05           0           0           0           0           0           0           0           0           0           0           0           0           0           0           0           0           0
    B12         0.00015     0.00015     0.00015     0.00015     0.00015     0.00015           0           0           0           0           0           0           0           0           0           0           0           0           0           0           0           0
    B13           9e-05       9e-05       9e-05       9e-05       9e-05       9e-05       9e-05       9e-05       9e-05       9e-05       9e-05      0.0001      0.0001      0.0001      0.0001      0.0001      0.0001      0.0001           0           0           0           0
    B14         0.00014     0.00014     0.00014     0.00014     0.00014     0.00014     0.00014     0.00014     0.00014     0.00014     0.00014     0.00014     0.00014     0.00014     0.00014     0.00014     0.00014     0.00013     0.00013           0           0           0
    B15          0.0001      0.0001      0.0001      0.0001      0.0001      0.0001      0.0001      0.0001      0.0001      0.0001           0           0           0           0           0           0           0           0           0           0           0           0
    B16           8e-05       8e-05       8e-05       8e-05           0           0           0           0           0           0           0           0           0           0           0           0           0           0           0           0           0           0
    B17         0.00025     0.00024     0.00024     0.00024     0.00024     0.00024     0.00024     0.00024     0.00024           0           0           0           0           0           0           0           0           0           0           0           0           0
    B18         0.00019     0.00019     0.00019     0.00019     0.00019     0.00019     0.00019     0.00019     0.00019     0.00019     0.00019     0.00019     0.00019     0.00019     0.00019     0.00019     0.00019     0.00021     0.00021     0.00023           0           0
    B19         0.00012     0.00012     0.00012     0.00012     0.00012     0.00012     0.00012     0.00012     0.00012     0.00012     0.00011     0.00011     0.00011     0.00011           0           0           0           0           0           0           0           0
    B20         0.00012     0.00012     0.00012     0.00012     0.00012     0.00012     0.00012     0.00011     0.00011     0.00011     0.00011     0.00011     0.00011     0.00011     0.00011     0.00011           0           0           0           0           0           0
    B22           3e-05       3e-05       3e-05       3e-05       3e-05       3e-05       3e-05       3e-05       3e-05       3e-05       3e-05       3e-05           0           0           0           0           0           0           0           0           0           0
    B24           9e-05       9e-05       9e-05       9e-05       9e-05       9e-05       9e-05           0           0           0           0           0           0           0           0           0           0           0           0           0           0           0
    C1           -2e-05           0           0           0           0           0           0           0           0           0           0           0           0           0           0           0           0           0           0           0           0           0
    C2            6e-05       6e-05       6e-05       6e-05       6e-05       6e-05       6e-05       7e-05       7e-05       7e-05       8e-05       8e-05       8e-05       2e-05       2e-05      -8e-05      -6e-05           0           0           0           0           0
    C3            8e-05       8e-05       8e-05       8e-05       7e-05       7e-05       7e-05       6e-05       2e-05       2e-05      -3e-05           0           0           0           0           0           0           0           0           0           0           0
    C4            3e-05       3e-05           0           0           0           0           0           0           0           0           0           0           0           0           0           0           0           0           0           0           0           0
    C5            7e-05       7e-05       7e-05       7e-05       7e-05       7e-05       7e-05       8e-05       7e-05       7e-05       5e-05       5e-05       5e-05       7e-05       6e-05           0           0           0           0           0           0           0
    C6            7e-05       7e-05       7e-05       7e-05       7e-05       7e-05       7e-05       7e-05       7e-05       7e-05       7e-05       7e-05       7e-05           0           0           0           0           0           0           0           0           0
    C7          0.00011     0.00011     0.00011           0           0           0           0           0           0           0           0           0           0           0           0           0           0           0           0           0           0           0
    C8          0.00016     0.00016     0.00016     0.00016     0.00016     0.00016     0.00016     0.00017           0           0           0           0           0           0           0           0           0           0           0           0           0           0
    C9            5e-05       5e-05       5e-05       5e-05       4e-05       4e-05       4e-05       4e-05       4e-05       4e-05       3e-05       3e-05       3e-05       2e-05       2e-05       2e-05       2e-05       1e-05       1e-05       1e-05       4e-05      -3e-05
    C10          -2e-05      -2e-05      -2e-05      -2e-05      -2e-05      -2e-05      -2e-05      -2e-05      -1e-05      -1e-05      -1e-05      -1e-05      -1e-05      -1e-05      -1e-05      -1e-05      -1e-05      -2e-05      -2e-05    -0.00011    -0.00016           0
    C11          -1e-05      -2e-05      -2e-05           0      -1e-05           0           0           0           0           0           0           0           0           0           0           0           0           0           0           0           0           0
    C12          -3e-05      -3e-05      -2e-05      -2e-05      -2e-05      -2e-05           0           0           0           0           0           0           0           0           0           0           0           0           0           0           0           0
    C13        -0.00011    -0.00011     -0.0001     -0.0001     -0.0001     -0.0001     -0.0001     -0.0001     -0.0001      -9e-05      -8e-05      -8e-05      -8e-05      -6e-05      -6e-05      -6e-05      -6e-05      -1e-05           0           0           0           0
    C14        -0.00014    -0.00013    -0.00013    -0.00013    -0.00014    -0.00014    -0.00014    -0.00013    -0.00014    -0.00013    -0.00013    -0.00013    -0.00013    -0.00012    -0.00012    -0.00013    -0.00013    -0.00017    -0.00017           0           0           0
    C15           6e-05       6e-05       6e-05       6e-05       6e-05       6e-05       6e-05       7e-05      0.0001      0.0001           0           0           0           0           0           0           0           0           0           0           0           0
    C16          -9e-05      -9e-05      -9e-05      -9e-05           0           0           0           0           0           0           0           0           0           0           0           0           0           0           0           0           0           0
    C17               0      -1e-05      -2e-05      -2e-05      -2e-05      -2e-05      -2e-05      -3e-05      -3e-05           0           0           0           0           0           0           0           0           0           0           0           0           0
    C18        -0.00023    -0.00024    -0.00024    -0.00024    -0.00024    -0.00025    -0.00025    -0.00025    -0.00025    -0.00025    -0.00026    -0.00026    -0.00026    -0.00028    -0.00028    -0.00028    -0.00028     -0.0002     -0.0002    -0.00037           0           0
    C19         0.00011      0.0001     0.00011      0.0001      0.0001      0.0001      0.0001       9e-05       6e-05       6e-05       1e-05       1e-05           0           0           0           0           0           0           0           0           0           0
    C20          0.0001      0.0001      0.0001      0.0001      0.0001      0.0001      0.0001       9e-05       8e-05       8e-05       6e-05       6e-05       6e-05       6e-05       6e-05       2e-05           0           0           0           0           0           0
    C22          -5e-05      -4e-05      -4e-05      -4e-05      -4e-05      -4e-05      -4e-05      -3e-05      -2e-05      -2e-05           0           0           0           0           0           0           0           0           0           0           0           0
    C24           9e-05       9e-05       9e-05       9e-05       9e-05       9e-05       9e-05           0           0           0           0           0           0           0           0           0           0           0           0           0           0           0
    gDiffA1       9e-05       9e-05       9e-05       9e-05       9e-05       9e-05       9e-05       9e-05       9e-05       9e-05       9e-05       9e-05       9e-05       9e-05       9e-05       9e-05       9e-05       9e-05       9e-05       9e-05       9e-05       9e-05
    gDiffA2      0.0001      0.0001      0.0001      0.0001      0.0001      0.0001      0.0001      0.0001      0.0001      0.0001      0.0001      0.0001      0.0001      0.0001      0.0001      0.0001      0.0001      0.0001      0.0001      0.0001      0.0001      0.0001
    gDiffB1    -0.00066    -0.00066    -0.00066    -0.00066    -0.00066    -0.00066    -0.00066    -0.00066    -0.00066    -0.00066    -0.00066    -0.00066    -0.00066    -0.00066    -0.00066    -0.00066    -0.00066    -0.00066    -0.00066    -0.00066    -0.00066    -0.00066
    gDiffB2       1e-05       1e-05       1e-05       1e-05       1e-05       1e-05       1e-05       1e-05       1e-05       1e-05       1e-05       1e-05       1e-05       1e-05       1e-05       1e-05       1e-05       1e-05       1e-05       1e-05       1e-05       1e-05
    gDiffC1     0.00012     0.00012     0.00012     0.00012     0.00012     0.00012     0.00012     0.00012     0.00012     0.00012     0.00012     0.00012     0.00012     0.00012     0.00012     0.00012     0.00012     0.00012     0.00012     0.00012     0.00012     0.00012
    gDiffC2       5e-05       5e-05       5e-05       5e-05       5e-05       5e-05       5e-05       5e-05       5e-05       5e-05       5e-05       5e-05       5e-05       5e-05       5e-05       5e-05       5e-05       5e-05       5e-05       5e-05       5e-05       5e-05

>> >> >> >> >> >> >> >> 