MATLAB is selecting SOFTWARE OPENGL rendering.

                            < M A T L A B (R) >
                  Copyright 1984-2021 The MathWorks, Inc.
             R2021a Update 4 (9.10.0.1710957) 64-bit (glnxa64)
                                July 1, 2021

 
To get started, type doc.
For product information, visit www.mathworks.com.
 
>> >> >> >> >> >> >> >> >> >> >> >> >> >> >> >> >> >> >> >> >> >> >> >> >> >> >> >> >> >> >> >> >> >> >> >> >> >> >> >> >> >> >> >> >> >> >> >> >> >> >> >> >> >> >> >> >> >> >> >> >> >> >> >> >> >> >> >> >> >> >> >> >> >> >> >> >> >> >> >> >> >> >> >> >> >> >> >> >> >> >> >> >> >> >> >> >> >> >> >> >> >> >> >> >> >> >> >> >> >> >> >> >> >> >> Starting parallel pool (parpool) using the 'local' profile ...
Connected to the parallel pool (number of workers: 4).
[Warning: MATLAB has disabled some advanced graphics rendering features by
switching to software OpenGL. For more information, click <a
href="matlab:opengl('problems')">here</a>.] 

Local minimum possible.

fminunc stopped because it cannot decrease the objective function
along the current search direction.

>> >> 
d0_end_only =

    0.0272
    0.0293
    0.0316
    0.0341
    0.0368

>> >> >> >> >> >> >> 
final_tab_endMem =

  6x1 table

                Coeff  
               ________

    gDiffA1       9e-05
    gDiffA2      0.0001
    gDiffB1    -0.00066
    gDiffB2       1e-05
    gDiffC1     0.00012
    gDiffC2       5e-05

>> >> >> >> >> >> >> >> >> >> >> >> >> >> >> >> >> >> >> >> >> >> >> >> >> >> >> >> >> >> >> >> >> >> >> 
Local minimum possible.

fminunc stopped because it cannot decrease the objective function
along the current search direction.


d0_progress =

  Columns 1 through 7

    0.0931         0         0         0         0         0         0
    0.0962         0         0         0         0         0         0
    0.0981         0         0         0         0         0         0
    0.0988         0         0         0         0         0         0
    0.0983         0         0         0         0         0         0

  Columns 8 through 14

         0         0         0         0         0         0         0
         0         0         0         0         0         0         0
         0         0         0         0         0         0         0
         0         0         0         0         0         0         0
         0         0         0         0         0         0         0

  Columns 15 through 21

         0         0         0         0         0         0         0
         0         0         0         0         0         0         0
         0         0         0         0         0         0         0
         0         0         0         0         0         0         0
         0         0         0         0         0         0         0

  Column 22

         0
         0
         0
         0
         0

Combo 1 are these terms and this Value: 8       : 4.099e-02 
Combo 2 are these terms and this Value: 12 15   : 7.175e-02 
Combo 3 are these terms and this Value: 8 11 20 : 5.746e-02 
This was the dropped L term(spot): 8 
There are 21 L terms left. 

Local minimum possible.

fminunc stopped because it cannot decrease the objective function
along the current search direction.


d0_progress =

  Columns 1 through 7

    0.0931    0.0644         0         0         0         0         0
    0.0962    0.0673         0         0         0         0         0
    0.0981    0.0687         0         0         0         0         0
    0.0988    0.0686         0         0         0         0         0
    0.0983    0.0670         0         0         0         0         0

  Columns 8 through 14

         0         0         0         0         0         0         0
         0         0         0         0         0         0         0
         0         0         0         0         0         0         0
         0         0         0         0         0         0         0
         0         0         0         0         0         0         0

  Columns 15 through 21

         0         0         0         0         0         0         0
         0         0         0         0         0         0         0
         0         0         0         0         0         0         0
         0         0         0         0         0         0         0
         0         0         0         0         0         0         0

  Column 22

         0
         0
         0
         0
         0

Combo 1 are these terms and this Value: 18       : 1.314e-01 
Combo 2 are these terms and this Value: 12 15   : 1.884e-01 
Combo 3 are these terms and this Value: 12 15 16 : 1.660e-01 
This was the dropped L term(spot): 16 
There are 20 L terms left. 

Local minimum possible.

fminunc stopped because it cannot decrease the objective function
along the current search direction.


d0_progress =

  Columns 1 through 7

    0.0931    0.0644    0.1080         0         0         0         0
    0.0962    0.0673    0.1196         0         0         0         0
    0.0981    0.0687    0.1294         0         0         0         0
    0.0988    0.0686    0.1372         0         0         0         0
    0.0983    0.0670    0.1432         0         0         0         0

  Columns 8 through 14

         0         0         0         0         0         0         0
         0         0         0         0         0         0         0
         0         0         0         0         0         0         0
         0         0         0         0         0         0         0
         0         0         0         0         0         0         0

  Columns 15 through 21

         0         0         0         0         0         0         0
         0         0         0         0         0         0         0
         0         0         0         0         0         0         0
         0         0         0         0         0         0         0
         0         0         0         0         0         0         0

  Column 22

         0
         0
         0
         0
         0

Combo 1 are these terms and this Value: 22       : 7.804e-02 
Combo 2 are these terms and this Value: 20 21   : 2.661e-02 
Combo 3 are these terms and this Value: 3 7 21 : 1.096e-02 
This was the dropped L term(spot): 7 
There are 19 L terms left. 

Local minimum possible.

fminunc stopped because it cannot decrease the objective function
along the current search direction.


d0_progress =

  Columns 1 through 7

    0.0931    0.0644    0.1080    0.0770         0         0         0
    0.0962    0.0673    0.1196    0.0821         0         0         0
    0.0981    0.0687    0.1294    0.0853         0         0         0
    0.0988    0.0686    0.1372    0.0867         0         0         0
    0.0983    0.0670    0.1432    0.0862         0         0         0

  Columns 8 through 14

         0         0         0         0         0         0         0
         0         0         0         0         0         0         0
         0         0         0         0         0         0         0
         0         0         0         0         0         0         0
         0         0         0         0         0         0         0

  Columns 15 through 21

         0         0         0         0         0         0         0
         0         0         0         0         0         0         0
         0         0         0         0         0         0         0
         0         0         0         0         0         0         0
         0         0         0         0         0         0         0

  Column 22

         0
         0
         0
         0
         0

Combo 1 are these terms and this Value: 12       : 9.094e-03 
Combo 2 are these terms and this Value: 12 15   : 1.070e-02 
Combo 3 are these terms and this Value: 11 12 20 : 2.071e-01 
This was the dropped L term(spot): 12 
There are 18 L terms left. 

Local minimum possible.

fminunc stopped because it cannot decrease the objective function
along the current search direction.


d0_progress =

  Columns 1 through 7

    0.0931    0.0644    0.1080    0.0770    0.1049         0         0
    0.0962    0.0673    0.1196    0.0821    0.1111         0         0
    0.0981    0.0687    0.1294    0.0853    0.1151         0         0
    0.0988    0.0686    0.1372    0.0867    0.1168         0         0
    0.0983    0.0670    0.1432    0.0862    0.1162         0         0

  Columns 8 through 14

         0         0         0         0         0         0         0
         0         0         0         0         0         0         0
         0         0         0         0         0         0         0
         0         0         0         0         0         0         0
         0         0         0         0         0         0         0

  Columns 15 through 21

         0         0         0         0         0         0         0
         0         0         0         0         0         0         0
         0         0         0         0         0         0         0
         0         0         0         0         0         0         0
         0         0         0         0         0         0         0

  Column 22

         0
         0
         0
         0
         0

Combo 1 are these terms and this Value: 22       : 3.146e-02 
Combo 2 are these terms and this Value: 4 11   : 2.750e-02 
Combo 3 are these terms and this Value: 4 11 22 : 1.744e-02 
This was the dropped L term(spot): 22 
There are 17 L terms left. 

Local minimum possible.

fminunc stopped because it cannot decrease the objective function
along the current search direction.


d0_progress =

  Columns 1 through 7

    0.0931    0.0644    0.1080    0.0770    0.1049    0.0891         0
    0.0962    0.0673    0.1196    0.0821    0.1111    0.0944         0
    0.0981    0.0687    0.1294    0.0853    0.1151    0.0987         0
    0.0988    0.0686    0.1372    0.0867    0.1168    0.1019         0
    0.0983    0.0670    0.1432    0.0862    0.1162    0.1038         0

  Columns 8 through 14

         0         0         0         0         0         0         0
         0         0         0         0         0         0         0
         0         0         0         0         0         0         0
         0         0         0         0         0         0         0
         0         0         0         0         0         0         0

  Columns 15 through 21

         0         0         0         0         0         0         0
         0         0         0         0         0         0         0
         0         0         0         0         0         0         0
         0         0         0         0         0         0         0
         0         0         0         0         0         0         0

  Column 22

         0
         0
         0
         0
         0

Combo 1 are these terms and this Value: 15       : 4.902e-01 
Combo 2 are these terms and this Value: 11 19   : 5.621e-01 
Combo 3 are these terms and this Value: 2 3 6 : 2.025e-02 
This was the dropped L term(spot): 3 
There are 16 L terms left. 

Local minimum possible.

fminunc stopped because it cannot decrease the objective function
along the current search direction.


d0_progress =

  Columns 1 through 7

    0.0931    0.0644    0.1080    0.0770    0.1049    0.0891    0.0919
    0.0962    0.0673    0.1196    0.0821    0.1111    0.0944    0.0970
    0.0981    0.0687    0.1294    0.0853    0.1151    0.0987    0.1011
    0.0988    0.0686    0.1372    0.0867    0.1168    0.1019    0.1041
    0.0983    0.0670    0.1432    0.0862    0.1162    0.1038    0.1060

  Columns 8 through 14

         0         0         0         0         0         0         0
         0         0         0         0         0         0         0
         0         0         0         0         0         0         0
         0         0         0         0         0         0         0
         0         0         0         0         0         0         0

  Columns 15 through 21

         0         0         0         0         0         0         0
         0         0         0         0         0         0         0
         0         0         0         0         0         0         0
         0         0         0         0         0         0         0
         0         0         0         0         0         0         0

  Column 22

         0
         0
         0
         0
         0

Combo 1 are these terms and this Value: 20       : 3.598e-02 
Combo 2 are these terms and this Value: 15 20   : 6.234e-02 
Combo 3 are these terms and this Value: 1 6 20 : 2.138e-02 
This was the dropped L term(spot): 20 
There are 15 L terms left. 

Local minimum possible.

fminunc stopped because it cannot decrease the objective function
along the current search direction.


d0_progress =

  Columns 1 through 7

    0.0931    0.0644    0.1080    0.0770    0.1049    0.0891    0.0919
    0.0962    0.0673    0.1196    0.0821    0.1111    0.0944    0.0970
    0.0981    0.0687    0.1294    0.0853    0.1151    0.0987    0.1011
    0.0988    0.0686    0.1372    0.0867    0.1168    0.1019    0.1041
    0.0983    0.0670    0.1432    0.0862    0.1162    0.1038    0.1060

  Columns 8 through 14

    0.0840         0         0         0         0         0         0
    0.0891         0         0         0         0         0         0
    0.0932         0         0         0         0         0         0
    0.0963         0         0         0         0         0         0
    0.0982         0         0         0         0         0         0

  Columns 15 through 21

         0         0         0         0         0         0         0
         0         0         0         0         0         0         0
         0         0         0         0         0         0         0
         0         0         0         0         0         0         0
         0         0         0         0         0         0         0

  Column 22

         0
         0
         0
         0
         0

Combo 1 are these terms and this Value: 15       : 2.438e-01 
Combo 2 are these terms and this Value: 1 6   : 1.537e-01 
Combo 3 are these terms and this Value: 1 6 15 : 1.683e-01 
This was the dropped L term(spot): 1 
There are 14 L terms left. 

Local minimum possible.

fminunc stopped because it cannot decrease the objective function
along the current search direction.


d0_progress =

  Columns 1 through 7

    0.0931    0.0644    0.1080    0.0770    0.1049    0.0891    0.0919
    0.0962    0.0673    0.1196    0.0821    0.1111    0.0944    0.0970
    0.0981    0.0687    0.1294    0.0853    0.1151    0.0987    0.1011
    0.0988    0.0686    0.1372    0.0867    0.1168    0.1019    0.1041
    0.0983    0.0670    0.1432    0.0862    0.1162    0.1038    0.1060

  Columns 8 through 14

    0.0840    0.0832         0         0         0         0         0
    0.0891    0.0890         0         0         0         0         0
    0.0932    0.0934         0         0         0         0         0
    0.0963    0.0965         0         0         0         0         0
    0.0982    0.0982         0         0         0         0         0

  Columns 15 through 21

         0         0         0         0         0         0         0
         0         0         0         0         0         0         0
         0         0         0         0         0         0         0
         0         0         0         0         0         0         0
         0         0         0         0         0         0         0

  Column 22

         0
         0
         0
         0
         0

Combo 1 are these terms and this Value: 15       : 2.990e-01 
Combo 2 are these terms and this Value: 4 11   : 5.399e-02 
Combo 3 are these terms and this Value: 4 11 15 : 1.564e-01 
This was the dropped L term(spot): 11 
There are 13 L terms left. 

Local minimum possible.

fminunc stopped because it cannot decrease the objective function
along the current search direction.


d0_progress =

  Columns 1 through 7

    0.0931    0.0644    0.1080    0.0770    0.1049    0.0891    0.0919
    0.0962    0.0673    0.1196    0.0821    0.1111    0.0944    0.0970
    0.0981    0.0687    0.1294    0.0853    0.1151    0.0987    0.1011
    0.0988    0.0686    0.1372    0.0867    0.1168    0.1019    0.1041
    0.0983    0.0670    0.1432    0.0862    0.1162    0.1038    0.1060

  Columns 8 through 14

    0.0840    0.0832    0.1246         0         0         0         0
    0.0891    0.0890    0.1276         0         0         0         0
    0.0932    0.0934    0.1307         0         0         0         0
    0.0963    0.0965    0.1338         0         0         0         0
    0.0982    0.0982    0.1370         0         0         0         0

  Columns 15 through 21

         0         0         0         0         0         0         0
         0         0         0         0         0         0         0
         0         0         0         0         0         0         0
         0         0         0         0         0         0         0
         0         0         0         0         0         0         0

  Column 22

         0
         0
         0
         0
         0

Combo 1 are these terms and this Value: 19       : 1.258e-01 
Combo 2 are these terms and this Value: 15 19   : 1.107e-01 
Combo 3 are these terms and this Value: 13 14 19 : 8.477e-01 
This was the dropped L term(spot): 19 
There are 12 L terms left. 

Local minimum possible.

fminunc stopped because it cannot decrease the objective function
along the current search direction.


d0_progress =

  Columns 1 through 7

    0.0931    0.0644    0.1080    0.0770    0.1049    0.0891    0.0919
    0.0962    0.0673    0.1196    0.0821    0.1111    0.0944    0.0970
    0.0981    0.0687    0.1294    0.0853    0.1151    0.0987    0.1011
    0.0988    0.0686    0.1372    0.0867    0.1168    0.1019    0.1041
    0.0983    0.0670    0.1432    0.0862    0.1162    0.1038    0.1060

  Columns 8 through 14

    0.0840    0.0832    0.1246    0.1178         0         0         0
    0.0891    0.0890    0.1276    0.1192         0         0         0
    0.0932    0.0934    0.1307    0.1212         0         0         0
    0.0963    0.0965    0.1338    0.1237         0         0         0
    0.0982    0.0982    0.1370    0.1266         0         0         0

  Columns 15 through 21

         0         0         0         0         0         0         0
         0         0         0         0         0         0         0
         0         0         0         0         0         0         0
         0         0         0         0         0         0         0
         0         0         0         0         0         0         0

  Column 22

         0
         0
         0
         0
         0

Combo 1 are these terms and this Value: 4       : 9.350e-01 
Combo 2 are these terms and this Value: 2 6   : 3.175e-01 
Combo 3 are these terms and this Value: 2 6 15 : 2.333e+00 
This was the dropped L term(spot): 6 
There are 11 L terms left. 

Local minimum possible.

fminunc stopped because it cannot decrease the objective function
along the current search direction.


d0_progress =

  Columns 1 through 7

    0.0931    0.0644    0.1080    0.0770    0.1049    0.0891    0.0919
    0.0962    0.0673    0.1196    0.0821    0.1111    0.0944    0.0970
    0.0981    0.0687    0.1294    0.0853    0.1151    0.0987    0.1011
    0.0988    0.0686    0.1372    0.0867    0.1168    0.1019    0.1041
    0.0983    0.0670    0.1432    0.0862    0.1162    0.1038    0.1060

  Columns 8 through 14

    0.0840    0.0832    0.1246    0.1178    0.0691         0         0
    0.0891    0.0890    0.1276    0.1192    0.0715         0         0
    0.0932    0.0934    0.1307    0.1212    0.0742         0         0
    0.0963    0.0965    0.1338    0.1237    0.0773         0         0
    0.0982    0.0982    0.1370    0.1266    0.0806         0         0

  Columns 15 through 21

         0         0         0         0         0         0         0
         0         0         0         0         0         0         0
         0         0         0         0         0         0         0
         0         0         0         0         0         0         0
         0         0         0         0         0         0         0

  Column 22

         0
         0
         0
         0
         0

Combo 1 are these terms and this Value: 2       : 4.675e-01 
Combo 2 are these terms and this Value: 4 18   : 2.476e-01 
Combo 3 are these terms and this Value: 2 4 18 : 1.072e+00 
This was the dropped L term(spot): 4 
There are 10 L terms left. 

Local minimum possible.

fminunc stopped because it cannot decrease the objective function
along the current search direction.


d0_progress =

  Columns 1 through 7

    0.0931    0.0644    0.1080    0.0770    0.1049    0.0891    0.0919
    0.0962    0.0673    0.1196    0.0821    0.1111    0.0944    0.0970
    0.0981    0.0687    0.1294    0.0853    0.1151    0.0987    0.1011
    0.0988    0.0686    0.1372    0.0867    0.1168    0.1019    0.1041
    0.0983    0.0670    0.1432    0.0862    0.1162    0.1038    0.1060

  Columns 8 through 14

    0.0840    0.0832    0.1246    0.1178    0.0691    0.0686         0
    0.0891    0.0890    0.1276    0.1192    0.0715    0.0695         0
    0.0932    0.0934    0.1307    0.1212    0.0742    0.0709         0
    0.0963    0.0965    0.1338    0.1237    0.0773    0.0727         0
    0.0982    0.0982    0.1370    0.1266    0.0806    0.0749         0

  Columns 15 through 21

         0         0         0         0         0         0         0
         0         0         0         0         0         0         0
         0         0         0         0         0         0         0
         0         0         0         0         0         0         0
         0         0         0         0         0         0         0

  Column 22

         0
         0
         0
         0
         0

Combo 1 are these terms and this Value: 18       : 7.818e-01 
Combo 2 are these terms and this Value: 2 18   : 2.046e-01 
Combo 3 are these terms and this Value: 2 15 18 : 1.855e+00 
This was the dropped L term(spot): 18 
There are 9 L terms left. 

Local minimum possible.

fminunc stopped because it cannot decrease the objective function
along the current search direction.


d0_progress =

  Columns 1 through 7

    0.0931    0.0644    0.1080    0.0770    0.1049    0.0891    0.0919
    0.0962    0.0673    0.1196    0.0821    0.1111    0.0944    0.0970
    0.0981    0.0687    0.1294    0.0853    0.1151    0.0987    0.1011
    0.0988    0.0686    0.1372    0.0867    0.1168    0.1019    0.1041
    0.0983    0.0670    0.1432    0.0862    0.1162    0.1038    0.1060

  Columns 8 through 14

    0.0840    0.0832    0.1246    0.1178    0.0691    0.0686    0.0688
    0.0891    0.0890    0.1276    0.1192    0.0715    0.0695    0.0699
    0.0932    0.0934    0.1307    0.1212    0.0742    0.0709    0.0714
    0.0963    0.0965    0.1338    0.1237    0.0773    0.0727    0.0731
    0.0982    0.0982    0.1370    0.1266    0.0806    0.0749    0.0751

  Columns 15 through 21

         0         0         0         0         0         0         0
         0         0         0         0         0         0         0
         0         0         0         0         0         0         0
         0         0         0         0         0         0         0
         0         0         0         0         0         0         0

  Column 22

         0
         0
         0
         0
         0

Combo 1 are these terms and this Value: 2       : 5.501e-01 
Combo 2 are these terms and this Value: 2 5   : 9.639e-01 
Combo 3 are these terms and this Value: 2 5 15 : 2.465e+00 
This was the dropped L term(spot): 2 
There are 8 L terms left. 

Local minimum possible.

fminunc stopped because it cannot decrease the objective function
along the current search direction.


d0_progress =

  Columns 1 through 7

    0.0931    0.0644    0.1080    0.0770    0.1049    0.0891    0.0919
    0.0962    0.0673    0.1196    0.0821    0.1111    0.0944    0.0970
    0.0981    0.0687    0.1294    0.0853    0.1151    0.0987    0.1011
    0.0988    0.0686    0.1372    0.0867    0.1168    0.1019    0.1041
    0.0983    0.0670    0.1432    0.0862    0.1162    0.1038    0.1060

  Columns 8 through 14

    0.0840    0.0832    0.1246    0.1178    0.0691    0.0686    0.0688
    0.0891    0.0890    0.1276    0.1192    0.0715    0.0695    0.0699
    0.0932    0.0934    0.1307    0.1212    0.0742    0.0709    0.0714
    0.0963    0.0965    0.1338    0.1237    0.0773    0.0727    0.0731
    0.0982    0.0982    0.1370    0.1266    0.0806    0.0749    0.0751

  Columns 15 through 21

    0.0901         0         0         0         0         0         0
    0.0925         0         0         0         0         0         0
    0.0949         0         0         0         0         0         0
    0.0973         0         0         0         0         0         0
    0.0997         0         0         0         0         0         0

  Column 22

         0
         0
         0
         0
         0

Combo 1 are these terms and this Value: 15       : 3.086e-01 
Combo 2 are these terms and this Value: 5 15   : 1.666e+00 
Combo 3 are these terms and this Value: 5 13 15 : 5.025e+00 
This was the dropped L term(spot): 15 
There are 7 L terms left. 

Local minimum possible.

fminunc stopped because it cannot decrease the objective function
along the current search direction.


d0_progress =

  Columns 1 through 7

    0.0931    0.0644    0.1080    0.0770    0.1049    0.0891    0.0919
    0.0962    0.0673    0.1196    0.0821    0.1111    0.0944    0.0970
    0.0981    0.0687    0.1294    0.0853    0.1151    0.0987    0.1011
    0.0988    0.0686    0.1372    0.0867    0.1168    0.1019    0.1041
    0.0983    0.0670    0.1432    0.0862    0.1162    0.1038    0.1060

  Columns 8 through 14

    0.0840    0.0832    0.1246    0.1178    0.0691    0.0686    0.0688
    0.0891    0.0890    0.1276    0.1192    0.0715    0.0695    0.0699
    0.0932    0.0934    0.1307    0.1212    0.0742    0.0709    0.0714
    0.0963    0.0965    0.1338    0.1237    0.0773    0.0727    0.0731
    0.0982    0.0982    0.1370    0.1266    0.0806    0.0749    0.0751

  Columns 15 through 21

    0.0901    0.1098         0         0         0         0         0
    0.0925    0.1116         0         0         0         0         0
    0.0949    0.1135         0         0         0         0         0
    0.0973    0.1153         0         0         0         0         0
    0.0997    0.1169         0         0         0         0         0

  Column 22

         0
         0
         0
         0
         0

Combo 1 are these terms and this Value: 5       : 3.078e+00 
Combo 2 are these terms and this Value: 13 14   : 1.304e+01 
Combo 3 are these terms and this Value: 5 13 14 : 2.081e+01 
This was the dropped L term(spot): 13 
There are 6 L terms left. 

Local minimum possible.

fminunc stopped because it cannot decrease the objective function
along the current search direction.


d0_progress =

  Columns 1 through 7

    0.0931    0.0644    0.1080    0.0770    0.1049    0.0891    0.0919
    0.0962    0.0673    0.1196    0.0821    0.1111    0.0944    0.0970
    0.0981    0.0687    0.1294    0.0853    0.1151    0.0987    0.1011
    0.0988    0.0686    0.1372    0.0867    0.1168    0.1019    0.1041
    0.0983    0.0670    0.1432    0.0862    0.1162    0.1038    0.1060

  Columns 8 through 14

    0.0840    0.0832    0.1246    0.1178    0.0691    0.0686    0.0688
    0.0891    0.0890    0.1276    0.1192    0.0715    0.0695    0.0699
    0.0932    0.0934    0.1307    0.1212    0.0742    0.0709    0.0714
    0.0963    0.0965    0.1338    0.1237    0.0773    0.0727    0.0731
    0.0982    0.0982    0.1370    0.1266    0.0806    0.0749    0.0751

  Columns 15 through 21

    0.0901    0.1098    0.1123         0         0         0         0
    0.0925    0.1116    0.1144         0         0         0         0
    0.0949    0.1135    0.1163         0         0         0         0
    0.0973    0.1153    0.1182         0         0         0         0
    0.0997    0.1169    0.1201         0         0         0         0

  Column 22

         0
         0
         0
         0
         0

Combo 1 are these terms and this Value: 5       : 5.526e+00 
Combo 2 are these terms and this Value: 5 14   : 2.626e+01 
Combo 3 are these terms and this Value: 5 14 21 : 4.794e+01 
This was the dropped L term(spot): 5 
There are 5 L terms left. 

Local minimum possible.

fminunc stopped because it cannot decrease the objective function
along the current search direction.


d0_progress =

  Columns 1 through 7

    0.0931    0.0644    0.1080    0.0770    0.1049    0.0891    0.0919
    0.0962    0.0673    0.1196    0.0821    0.1111    0.0944    0.0970
    0.0981    0.0687    0.1294    0.0853    0.1151    0.0987    0.1011
    0.0988    0.0686    0.1372    0.0867    0.1168    0.1019    0.1041
    0.0983    0.0670    0.1432    0.0862    0.1162    0.1038    0.1060

  Columns 8 through 14

    0.0840    0.0832    0.1246    0.1178    0.0691    0.0686    0.0688
    0.0891    0.0890    0.1276    0.1192    0.0715    0.0695    0.0699
    0.0932    0.0934    0.1307    0.1212    0.0742    0.0709    0.0714
    0.0963    0.0965    0.1338    0.1237    0.0773    0.0727    0.0731
    0.0982    0.0982    0.1370    0.1266    0.0806    0.0749    0.0751

  Columns 15 through 21

    0.0901    0.1098    0.1123    0.1163         0         0         0
    0.0925    0.1116    0.1144    0.1163         0         0         0
    0.0949    0.1135    0.1163    0.1163         0         0         0
    0.0973    0.1153    0.1182    0.1162         0         0         0
    0.0997    0.1169    0.1201    0.1162         0         0         0

  Column 22

         0
         0
         0
         0
         0

Combo 1 are these terms and this Value: 21       : 4.279e+00 
Combo 2 are these terms and this Value: 14 21   : 1.907e+01 
Combo 3 are these terms and this Value: 10 14 21 : 2.486e+01 
This was the dropped L term(spot): 21 
There are 4 L terms left. 

Local minimum possible.

fminunc stopped because it cannot decrease the objective function
along the current search direction.


d0_progress =

  Columns 1 through 7

    0.0931    0.0644    0.1080    0.0770    0.1049    0.0891    0.0919
    0.0962    0.0673    0.1196    0.0821    0.1111    0.0944    0.0970
    0.0981    0.0687    0.1294    0.0853    0.1151    0.0987    0.1011
    0.0988    0.0686    0.1372    0.0867    0.1168    0.1019    0.1041
    0.0983    0.0670    0.1432    0.0862    0.1162    0.1038    0.1060

  Columns 8 through 14

    0.0840    0.0832    0.1246    0.1178    0.0691    0.0686    0.0688
    0.0891    0.0890    0.1276    0.1192    0.0715    0.0695    0.0699
    0.0932    0.0934    0.1307    0.1212    0.0742    0.0709    0.0714
    0.0963    0.0965    0.1338    0.1237    0.0773    0.0727    0.0731
    0.0982    0.0982    0.1370    0.1266    0.0806    0.0749    0.0751

  Columns 15 through 21

    0.0901    0.1098    0.1123    0.1163    0.0631         0         0
    0.0925    0.1116    0.1144    0.1163    0.0643         0         0
    0.0949    0.1135    0.1163    0.1163    0.0656         0         0
    0.0973    0.1153    0.1182    0.1162    0.0669         0         0
    0.0997    0.1169    0.1201    0.1162    0.0684         0         0

  Column 22

         0
         0
         0
         0
         0

Combo 1 are these terms and this Value: 10       : 1.036e+01 
Combo 2 are these terms and this Value: 10 14   : 4.968e+00 
Combo 3 are these terms and this Value: 9 10 17 : 4.744e+00 
This was the dropped L term(spot): 10 
There are 3 L terms left. 

Local minimum possible.

fminunc stopped because it cannot decrease the objective function
along the current search direction.


d0_progress =

  Columns 1 through 7

    0.0931    0.0644    0.1080    0.0770    0.1049    0.0891    0.0919
    0.0962    0.0673    0.1196    0.0821    0.1111    0.0944    0.0970
    0.0981    0.0687    0.1294    0.0853    0.1151    0.0987    0.1011
    0.0988    0.0686    0.1372    0.0867    0.1168    0.1019    0.1041
    0.0983    0.0670    0.1432    0.0862    0.1162    0.1038    0.1060

  Columns 8 through 14

    0.0840    0.0832    0.1246    0.1178    0.0691    0.0686    0.0688
    0.0891    0.0890    0.1276    0.1192    0.0715    0.0695    0.0699
    0.0932    0.0934    0.1307    0.1212    0.0742    0.0709    0.0714
    0.0963    0.0965    0.1338    0.1237    0.0773    0.0727    0.0731
    0.0982    0.0982    0.1370    0.1266    0.0806    0.0749    0.0751

  Columns 15 through 21

    0.0901    0.1098    0.1123    0.1163    0.0631    0.0294         0
    0.0925    0.1116    0.1144    0.1163    0.0643    0.0314         0
    0.0949    0.1135    0.1163    0.1163    0.0656    0.0335         0
    0.0973    0.1153    0.1182    0.1162    0.0669    0.0358         0
    0.0997    0.1169    0.1201    0.1162    0.0684    0.0383         0

  Column 22

         0
         0
         0
         0
         0

Combo 1 are these terms and this Value: 9       : 1.098e+00 
Combo 2 are these terms and this Value: 14 17   : 2.242e+00 
Combo 3 are these terms and this Value: 9 14 17 : 4.690e-01 
This was the dropped L term(spot): 9 
There are 2 L terms left. 

Local minimum possible.

fminunc stopped because it cannot decrease the objective function
along the current search direction.


d0_progress =

  Columns 1 through 7

    0.0931    0.0644    0.1080    0.0770    0.1049    0.0891    0.0919
    0.0962    0.0673    0.1196    0.0821    0.1111    0.0944    0.0970
    0.0981    0.0687    0.1294    0.0853    0.1151    0.0987    0.1011
    0.0988    0.0686    0.1372    0.0867    0.1168    0.1019    0.1041
    0.0983    0.0670    0.1432    0.0862    0.1162    0.1038    0.1060

  Columns 8 through 14

    0.0840    0.0832    0.1246    0.1178    0.0691    0.0686    0.0688
    0.0891    0.0890    0.1276    0.1192    0.0715    0.0695    0.0699
    0.0932    0.0934    0.1307    0.1212    0.0742    0.0709    0.0714
    0.0963    0.0965    0.1338    0.1237    0.0773    0.0727    0.0731
    0.0982    0.0982    0.1370    0.1266    0.0806    0.0749    0.0751

  Columns 15 through 21

    0.0901    0.1098    0.1123    0.1163    0.0631    0.0294    0.0260
    0.0925    0.1116    0.1144    0.1163    0.0643    0.0314    0.0280
    0.0949    0.1135    0.1163    0.1163    0.0656    0.0335    0.0302
    0.0973    0.1153    0.1182    0.1162    0.0669    0.0358    0.0326
    0.0997    0.1169    0.1201    0.1162    0.0684    0.0383    0.0351

  Column 22

         0
         0
         0
         0
         0

This was the dropped L term(spot): 14 
There are 1 L terms left. 

Local minimum possible.

fminunc stopped because it cannot decrease the objective function
along the current search direction.


d0_progress =

  Columns 1 through 7

    0.0931    0.0644    0.1080    0.0770    0.1049    0.0891    0.0919
    0.0962    0.0673    0.1196    0.0821    0.1111    0.0944    0.0970
    0.0981    0.0687    0.1294    0.0853    0.1151    0.0987    0.1011
    0.0988    0.0686    0.1372    0.0867    0.1168    0.1019    0.1041
    0.0983    0.0670    0.1432    0.0862    0.1162    0.1038    0.1060

  Columns 8 through 14

    0.0840    0.0832    0.1246    0.1178    0.0691    0.0686    0.0688
    0.0891    0.0890    0.1276    0.1192    0.0715    0.0695    0.0699
    0.0932    0.0934    0.1307    0.1212    0.0742    0.0709    0.0714
    0.0963    0.0965    0.1338    0.1237    0.0773    0.0727    0.0731
    0.0982    0.0982    0.1370    0.1266    0.0806    0.0749    0.0751

  Columns 15 through 21

    0.0901    0.1098    0.1123    0.1163    0.0631    0.0294    0.0260
    0.0925    0.1116    0.1144    0.1163    0.0643    0.0314    0.0280
    0.0949    0.1135    0.1163    0.1163    0.0656    0.0335    0.0302
    0.0973    0.1153    0.1182    0.1162    0.0669    0.0358    0.0326
    0.0997    0.1169    0.1201    0.1162    0.0684    0.0383    0.0351

  Column 22

    0.0272
    0.0293
    0.0316
    0.0341
    0.0368

This was the dropped L term(spot): 17 
There are 0 L terms left. 
>> >> >> >> >> >> 
all_tab =

  72x22 table

                 Var1        Var2        Var3        Var4        Var5        Var6        Var7        Var8        Var9       Var10       Var11       Var12       Var13       Var14       Var15       Var16       Var17       Var18       Var19       Var20       Var21       Var22  
               ________    ________    ________    ________    ________    ________    ________    ________    ________    ________    ________    ________    ________    ________    ________    ________    ________    ________    ________    ________    ________    ________

    A1           0.0001      0.0001      0.0001      0.0001      0.0001      0.0001      0.0001      0.0001           0           0           0           0           0           0           0           0           0           0           0           0           0           0
    A2           0.0001      0.0001      0.0001      0.0001      0.0001      0.0001      0.0001      0.0001      0.0001      0.0001      0.0001      0.0001      0.0001      0.0001           0           0           0           0           0           0           0           0
    A3           0.0001      0.0001      0.0001      0.0001      0.0001      0.0001           0           0           0           0           0           0           0           0           0           0           0           0           0           0           0           0
    A4           0.0001      0.0001      0.0001      0.0001      0.0001      0.0001      0.0001      0.0001      0.0001      0.0001      0.0001      0.0001           0           0           0           0           0           0           0           0           0           0
    A5           0.0001      0.0001      0.0001      0.0001      0.0001      0.0001      0.0001      0.0001      0.0001      0.0001      0.0001      0.0001      0.0001      0.0001      0.0001      0.0001      0.0001           0           0           0           0           0
    A6           0.0001      0.0001      0.0001      0.0001      0.0001      0.0001      0.0001      0.0001      0.0001      0.0001      0.0001           0           0           0           0           0           0           0           0           0           0           0
    A7           0.0001      0.0001      0.0001           0           0           0           0           0           0           0           0           0           0           0           0           0           0           0           0           0           0           0
    A8           0.0001           0           0           0           0           0           0           0           0           0           0           0           0           0           0           0           0           0           0           0           0           0
    A9           0.0001      0.0001      0.0001      0.0001      0.0001      0.0001      0.0001      0.0001      0.0001      0.0001      0.0001      0.0001      0.0001      0.0001      0.0001      0.0001      0.0001      0.0001      0.0001      0.0001           0           0
    A10          0.0001      0.0001      0.0001      0.0001      0.0001      0.0001      0.0001      0.0001      0.0001      0.0001      0.0001      0.0001      0.0001      0.0001      0.0001      0.0001      0.0001      0.0001      0.0001           0           0           0
    A11          0.0001      0.0001      0.0001      0.0001      0.0001      0.0001      0.0001      0.0001      0.0001           0           0           0           0           0           0           0           0           0           0           0           0           0
    A12          0.0001      0.0001      0.0001      0.0001           0           0           0           0           0           0           0           0           0           0           0           0           0           0           0           0           0           0
    A13          0.0001      0.0001      0.0001      0.0001      0.0001      0.0001      0.0001      0.0001      0.0001      0.0001      0.0001      0.0001      0.0001      0.0001      0.0001      0.0001           0           0           0           0           0           0
    A14          0.0001      0.0001      0.0001      0.0001      0.0001      0.0001      0.0001      0.0001      0.0001      0.0001      0.0001      0.0001      0.0001      0.0001      0.0001      0.0001      0.0001      0.0001      0.0001      0.0001      0.0001           0
    A15          0.0001      0.0001      0.0001      0.0001      0.0001      0.0001      0.0001      0.0001      0.0001      0.0001      0.0001      0.0001      0.0001      0.0001      0.0001           0           0           0           0           0           0           0
    A16          0.0001      0.0001           0           0           0           0           0           0           0           0           0           0           0           0           0           0           0           0           0           0           0           0
    A17          0.0001      0.0001      0.0001      0.0001      0.0001      0.0001      0.0001      0.0001      0.0001      0.0001      0.0001      0.0001      0.0001      0.0001      0.0001      0.0001      0.0001      0.0001      0.0001      0.0001      0.0001      0.0001
    A18          0.0001      0.0001      0.0001      0.0001      0.0001      0.0001      0.0001      0.0001      0.0001      0.0001      0.0001      0.0001      0.0001           0           0           0           0           0           0           0           0           0
    A19          0.0001      0.0001      0.0001      0.0001      0.0001      0.0001      0.0001      0.0001      0.0001      0.0001           0           0           0           0           0           0           0           0           0           0           0           0
    A20          0.0001      0.0001      0.0001      0.0001      0.0001      0.0001      0.0001           0           0           0           0           0           0           0           0           0           0           0           0           0           0           0
    A22          0.0001      0.0001      0.0001      0.0001      0.0001      0.0001      0.0001      0.0001      0.0001      0.0001      0.0001      0.0001      0.0001      0.0001      0.0001      0.0001      0.0001      0.0001           0           0           0           0
    A24          0.0001      0.0001      0.0001      0.0001      0.0001           0           0           0           0           0           0           0           0           0           0           0           0           0           0           0           0           0
    B1           0.0001      0.0001     0.00011      0.0001     0.00011      0.0001      0.0001      0.0001           0           0           0           0           0           0           0           0           0           0           0           0           0           0
    B2           0.0001      0.0001     0.00011      0.0001      0.0001      0.0001      0.0001      0.0001      0.0001      0.0001      0.0001       9e-05       9e-05       9e-05           0           0           0           0           0           0           0           0
    B3           0.0001      0.0001      0.0001      0.0001      0.0001      0.0001           0           0           0           0           0           0           0           0           0           0           0           0           0           0           0           0
    B4           0.0001      0.0001      0.0001      0.0001      0.0001      0.0001      0.0001      0.0001      0.0001      0.0001      0.0001      0.0001           0           0           0           0           0           0           0           0           0           0
    B5           0.0001      0.0001       9e-05      0.0001       9e-05      0.0001      0.0001      0.0001       8e-05       9e-05       9e-05       9e-05       9e-05       9e-05       9e-05       9e-05       9e-05           0           0           0           0           0
    B6           0.0001      0.0001       9e-05      0.0001      0.0001      0.0001      0.0001      0.0001      0.0001      0.0001      0.0001           0           0           0           0           0           0           0           0           0           0           0
    B7           0.0001      0.0001      0.0001           0           0           0           0           0           0           0           0           0           0           0           0           0           0           0           0           0           0           0
    B8           0.0001           0           0           0           0           0           0           0           0           0           0           0           0           0           0           0           0           0           0           0           0           0
    B9            5e-05       5e-05      -9e-05       5e-05      -2e-05       5e-05       4e-05       5e-05       5e-05       5e-05       4e-05       5e-05       5e-05       5e-05      -6e-05       3e-05       3e-05    -0.00022       6e-05      0.0001           0           0
    B10         0.00012     0.00012     0.00016     0.00012     0.00015     0.00013     0.00013     0.00013     0.00013     0.00012     0.00012     0.00012     0.00012     0.00013     0.00014     0.00012     0.00012     0.00023     0.00012           0           0           0
    B11           9e-05       9e-05       7e-05       9e-05       8e-05       9e-05       9e-05       8e-05       8e-05           0           0           0           0           0           0           0           0           0           0           0           0           0
    B12           8e-05       8e-05      0.0001       9e-05           0           0           0           0           0           0           0           0           0           0           0           0           0           0           0           0           0           0
    B13           9e-05      0.0001       9e-05       9e-05       9e-05       9e-05       9e-05      0.0001      0.0001       9e-05       9e-05      0.0001      0.0001      0.0001       9e-05       9e-05           0           0           0           0           0           0
    B14           6e-05       6e-05       8e-05       6e-05       7e-05       6e-05       6e-05       6e-05       6e-05       7e-05       7e-05       6e-05       6e-05       6e-05       7e-05       6e-05       7e-05       9e-05       6e-05       7e-05       8e-05           0
    B15          0.0001      0.0001      0.0001      0.0001      0.0001      0.0001      0.0001      0.0001      0.0001     0.00011      0.0001      0.0001      0.0001      0.0001       8e-05           0           0           0           0           0           0           0
    B16          0.0001      0.0001           0           0           0           0           0           0           0           0           0           0           0           0           0           0           0           0           0           0           0           0
    B17           8e-05       8e-05      0.0001       8e-05       9e-05       8e-05       8e-05       8e-05       8e-05       6e-05       7e-05       8e-05       8e-05       8e-05       9e-05       7e-05       7e-05     0.00011       8e-05       9e-05       9e-05      -8e-05
    B18           8e-05       9e-05      0.0001       9e-05       9e-05       9e-05       9e-05       9e-05       9e-05       8e-05       8e-05       9e-05       9e-05           0           0           0           0           0           0           0           0           0
    B19          0.0001      0.0001      0.0001      0.0001      0.0001      0.0001      0.0001      0.0001     0.00011      0.0001           0           0           0           0           0           0           0           0           0           0           0           0
    B20          0.0001      0.0001      0.0001      0.0001      0.0001      0.0001      0.0001           0           0           0           0           0           0           0           0           0           0           0           0           0           0           0
    B22           9e-05       9e-05       8e-05       9e-05       8e-05       9e-05       9e-05       9e-05       9e-05       9e-05       9e-05       9e-05       9e-05       9e-05       8e-05       9e-05       9e-05       6e-05           0           0           0           0
    B24          0.0001      0.0001      0.0001      0.0001      0.0001           0           0           0           0           0           0           0           0           0           0           0           0           0           0           0           0           0
    C1            9e-05       9e-05       5e-05       9e-05       9e-05       7e-05       8e-05       9e-05           0           0           0           0           0           0           0           0           0           0           0           0           0           0
    C2            8e-05       8e-05       9e-05       7e-05       6e-05       9e-05       9e-05       9e-05       8e-05     0.00012     0.00012           0       1e-05           0           0           0           0           0           0           0           0           0
    C3          0.00011     0.00011      0.0001     0.00011      0.0001     0.00011           0           0           0           0           0           0           0           0           0           0           0           0           0           0           0           0
    C4           0.0001      0.0001       7e-05       9e-05       7e-05      0.0001      0.0001      0.0001      0.0001       8e-05     0.00011       9e-05           0           0           0           0           0           0           0           0           0           0
    C5          0.00011      0.0001     0.00015     0.00011     0.00011     0.00013     0.00012     0.00011       2e-05       5e-05       4e-05       2e-05       1e-05           0           0           0       1e-05           0           0           0           0           0
    C6          0.00012     0.00013     0.00011     0.00013     0.00014     0.00011     0.00011     0.00011     0.00012       8e-05       8e-05           0           0           0           0           0           0           0           0           0           0           0
    C7            9e-05       9e-05       9e-05           0           0           0           0           0           0           0           0           0           0           0           0           0           0           0           0           0           0           0
    C8           0.0001           0           0           0           0           0           0           0           0           0           0           0           0           0           0           0           0           0           0           0           0           0
    C9           -5e-05      -4e-05      -3e-05      -5e-05      -4e-05      -5e-05      -5e-05      -5e-05      -5e-05      -7e-05      -6e-05      -4e-05      -4e-05      -4e-05      -3e-05      -6e-05      -6e-05           0      -3e-05      -2e-05           0           0
    C10           2e-05           0       1e-05       1e-05       2e-05       1e-05       1e-05       1e-05       1e-05       2e-05       2e-05           0           0           0       1e-05       2e-05       3e-05           0           0           0           0           0
    C11               0       1e-05      -4e-05       1e-05       1e-05       2e-05           0           0           0           0           0           0           0           0           0           0           0           0           0           0           0           0
    C12          -4e-05      -4e-05       3e-05      -2e-05           0           0           0           0           0           0           0           0           0           0           0           0           0           0           0           0           0           0
    C13           5e-05       4e-05       2e-05       5e-05       3e-05       5e-05       4e-05       5e-05       5e-05       5e-05       5e-05       5e-05       5e-05       5e-05       2e-05       5e-05           0           0           0           0           0           0
    C14        -0.00019    -0.00019    -0.00013    -0.00019    -0.00017    -0.00019    -0.00018    -0.00019    -0.00019    -0.00013    -0.00016    -0.00019    -0.00019    -0.00019    -0.00018    -0.00018    -0.00017    -0.00015    -0.00018    -0.00012      -6e-05           0
    C15           8e-05       8e-05       8e-05       8e-05       9e-05       8e-05       8e-05       8e-05       9e-05     0.00015       9e-05       9e-05       7e-05       7e-05      -7e-05           0           0           0           0           0           0           0
    C16           7e-05       7e-05           0           0           0           0           0           0           0           0           0           0           0           0           0           0           0           0           0           0           0           0
    C17        -0.00011      -6e-05    -0.00012      -8e-05    -0.00012     -0.0001    -0.00011      -9e-05      -9e-05    -0.00016    -0.00015      -7e-05      -7e-05      -7e-05    -0.00013    -0.00018    -0.00018    -0.00019      -6e-05           0           0       1e-05
    C18          -5e-05      -2e-05      -8e-05      -3e-05      -7e-05      -5e-05      -5e-05      -4e-05      -4e-05      -8e-05      -8e-05      -3e-05      -2e-05           0           0           0           0           0           0           0           0           0
    C19         0.00011     0.00011     0.00011     0.00011     0.00011      0.0001     0.00011     0.00011     0.00013       8e-05           0           0           0           0           0           0           0           0           0           0           0           0
    C20          0.0001      0.0001      0.0001      0.0001     0.00011      0.0001      0.0001           0           0           0           0           0           0           0           0           0           0           0           0           0           0           0
    C22           8e-05       8e-05       1e-05       8e-05       4e-05       8e-05       7e-05       8e-05       8e-05       8e-05       7e-05       8e-05       8e-05       8e-05       4e-05       7e-05       7e-05      -5e-05           0           0           0           0
    C24           9e-05       9e-05       9e-05       9e-05       9e-05           0           0           0           0           0           0           0           0           0           0           0           0           0           0           0           0           0
    gDiffA1       9e-05       9e-05       9e-05       9e-05       9e-05       9e-05       9e-05       9e-05       9e-05       9e-05       9e-05       9e-05       9e-05       9e-05       9e-05       9e-05       9e-05       9e-05       9e-05       9e-05       9e-05       9e-05
    gDiffA2      0.0001      0.0001      0.0001      0.0001      0.0001      0.0001      0.0001      0.0001      0.0001      0.0001      0.0001      0.0001      0.0001      0.0001      0.0001      0.0001      0.0001      0.0001      0.0001      0.0001      0.0001      0.0001
    gDiffB1    -0.00066    -0.00066    -0.00066    -0.00066    -0.00066    -0.00066    -0.00066    -0.00066    -0.00066    -0.00066    -0.00066    -0.00066    -0.00066    -0.00066    -0.00066    -0.00066    -0.00066    -0.00066    -0.00066    -0.00066    -0.00066    -0.00066
    gDiffB2       1e-05       1e-05       1e-05       1e-05       1e-05       1e-05       1e-05       1e-05       1e-05       1e-05       1e-05       1e-05       1e-05       1e-05       1e-05       1e-05       1e-05       1e-05       1e-05       1e-05       1e-05       1e-05
    gDiffC1     0.00012     0.00012     0.00012     0.00012     0.00012     0.00012     0.00012     0.00012     0.00012     0.00012     0.00012     0.00012     0.00012     0.00012     0.00012     0.00012     0.00012     0.00012     0.00012     0.00012     0.00012     0.00012
    gDiffC2       5e-05       5e-05       5e-05       5e-05       5e-05       5e-05       5e-05       5e-05       5e-05       5e-05       5e-05       5e-05       5e-05       5e-05       5e-05       5e-05       5e-05       5e-05       5e-05       5e-05       5e-05       5e-05

>> >> >> >> >> >> >> >> 