MATLAB is selecting SOFTWARE OPENGL rendering.

                            < M A T L A B (R) >
                  Copyright 1984-2021 The MathWorks, Inc.
             R2021a Update 4 (9.10.0.1710957) 64-bit (glnxa64)
                                July 1, 2021

 
To get started, type doc.
For product information, visit www.mathworks.com.
 
>> >> >> >> >> >> >> >> >> >> >> >> >> >> >> >> >> >> >> >> >> >> >> >> >> >> >> >> >> >> >> >> >> >> >> >> >> >> >> >> >> >> >> >> >> >> >> >> >> [Warning: Column headers from the file were modified to make them valid MATLAB
identifiers before creating variable names for the table. The original column
headers are saved in the VariableDescriptions property.
Set 'VariableNamingRule' to 'preserve' to use the original column headers as
table variable names.] 
>> >> >> >> >> >> >> >> >> >> >> >> >> >> >> >> >> >> >> >> >> >> >> >> >> >> >> >> >> >> >> >> >> >> >> >> >> >> >> >> >> >> >> >> >> >> >> >> >> >> >> >> >> >> >> >> >> >> >> >> >> >> >> >> >> >> >> >> >> >> >> >> >> >> >> >> >> >> >> >> >> >> >> >> >> >> >> >> Starting parallel pool (parpool) using the 'local' profile ...
Connected to the parallel pool (number of workers: 4).
[Warning: MATLAB has disabled some advanced graphics rendering features by
switching to software OpenGL. For more information, click <a
href="matlab:opengl('problems')">here</a>.] 

Local minimum possible.

fminunc stopped because it cannot decrease the objective function
along the current search direction.

>> >> 
d0_end_only =

    0.0272
    0.0293
    0.0316
    0.0341
    0.0368

>> >> >> >> >> >> 
final_tab_endMem =

  6x1 table

                Coeff  
               ________

    gDiffA1       9e-05
    gDiffA2      0.0001
    gDiffB1    -0.00066
    gDiffB2       1e-05
    gDiffC1     0.00012
    gDiffC2       5e-05

>> >> >> >> >> >> >> >> >> >> >> >> >> >> >> >> >> >> >> >> >> >> >> >> >> >> >> >> >> >> >> >> >> >> >> >> >> >> >> 
Local minimum possible.

fminunc stopped because it cannot decrease the objective function
along the current search direction.


d0_progress =

  Columns 1 through 7

    0.0926         0         0         0         0         0         0
    0.0957         0         0         0         0         0         0
    0.0976         0         0         0         0         0         0
    0.0984         0         0         0         0         0         0
    0.0978         0         0         0         0         0         0

  Columns 8 through 14

         0         0         0         0         0         0         0
         0         0         0         0         0         0         0
         0         0         0         0         0         0         0
         0         0         0         0         0         0         0
         0         0         0         0         0         0         0

  Columns 15 through 21

         0         0         0         0         0         0         0
         0         0         0         0         0         0         0
         0         0         0         0         0         0         0
         0         0         0         0         0         0         0
         0         0         0         0         0         0         0

  Column 22

         0
         0
         0
         0
         0

Combo 1 are these terms and this Value: 8       : 1.525e-02 
Combo 2 are these terms and this Value: 12 15   : 5.442e-02 
Combo 3 are these terms and this Value: 8 11 20 : 5.855e-03 
This was the dropped L term(spot): 8 
There are 21 L terms left. 

Local minimum possible.

fminunc stopped because it cannot decrease the objective function
along the current search direction.


d0_progress =

  Columns 1 through 7

    0.0926    0.0919         0         0         0         0         0
    0.0957    0.0958         0         0         0         0         0
    0.0976    0.0982         0         0         0         0         0
    0.0984    0.0992         0         0         0         0         0
    0.0978    0.0986         0         0         0         0         0

  Columns 8 through 14

         0         0         0         0         0         0         0
         0         0         0         0         0         0         0
         0         0         0         0         0         0         0
         0         0         0         0         0         0         0
         0         0         0         0         0         0         0

  Columns 15 through 21

         0         0         0         0         0         0         0
         0         0         0         0         0         0         0
         0         0         0         0         0         0         0
         0         0         0         0         0         0         0
         0         0         0         0         0         0         0

  Column 22

         0
         0
         0
         0
         0

Combo 1 are these terms and this Value: 15       : 1.116e-02 
Combo 2 are these terms and this Value: 11 20   : 2.433e-02 
Combo 3 are these terms and this Value: 4 11 22 : 2.934e-02 
This was the dropped L term(spot): 11 
There are 20 L terms left. 

Local minimum possible.

fminunc stopped because it cannot decrease the objective function
along the current search direction.


d0_progress =

  Columns 1 through 7

    0.0926    0.0919    0.0892         0         0         0         0
    0.0957    0.0958    0.0961         0         0         0         0
    0.0976    0.0982    0.1016         0         0         0         0
    0.0984    0.0992    0.1055         0         0         0         0
    0.0978    0.0986    0.1077         0         0         0         0

  Columns 8 through 14

         0         0         0         0         0         0         0
         0         0         0         0         0         0         0
         0         0         0         0         0         0         0
         0         0         0         0         0         0         0
         0         0         0         0         0         0         0

  Columns 15 through 21

         0         0         0         0         0         0         0
         0         0         0         0         0         0         0
         0         0         0         0         0         0         0
         0         0         0         0         0         0         0
         0         0         0         0         0         0         0

  Column 22

         0
         0
         0
         0
         0

Combo 1 are these terms and this Value: 12       : 3.239e-04 
Combo 2 are these terms and this Value: 7 12   : 4.987e-03 
Combo 3 are these terms and this Value: 4 12 22 : 1.082e-02 
This was the dropped L term(spot): 12 
There are 19 L terms left. 

Local minimum possible.

fminunc stopped because it cannot decrease the objective function
along the current search direction.


d0_progress =

  Columns 1 through 7

    0.0926    0.0919    0.0892    0.0889         0         0         0
    0.0957    0.0958    0.0961    0.0954         0         0         0
    0.0976    0.0982    0.1016    0.1006         0         0         0
    0.0984    0.0992    0.1055    0.1045         0         0         0
    0.0978    0.0986    0.1077    0.1070         0         0         0

  Columns 8 through 14

         0         0         0         0         0         0         0
         0         0         0         0         0         0         0
         0         0         0         0         0         0         0
         0         0         0         0         0         0         0
         0         0         0         0         0         0         0

  Columns 15 through 21

         0         0         0         0         0         0         0
         0         0         0         0         0         0         0
         0         0         0         0         0         0         0
         0         0         0         0         0         0         0
         0         0         0         0         0         0         0

  Column 22

         0
         0
         0
         0
         0

Combo 1 are these terms and this Value: 20       : 1.171e-01 
Combo 2 are these terms and this Value: 4 15   : 4.313e-02 
Combo 3 are these terms and this Value: 4 16 22 : 1.827e-02 
This was the dropped L term(spot): 16 
There are 18 L terms left. 

Local minimum possible.

fminunc stopped because it cannot decrease the objective function
along the current search direction.


d0_progress =

  Columns 1 through 7

    0.0926    0.0919    0.0892    0.0889    0.0862         0         0
    0.0957    0.0958    0.0961    0.0954    0.0915         0         0
    0.0976    0.0982    0.1016    0.1006    0.0956         0         0
    0.0984    0.0992    0.1055    0.1045    0.0985         0         0
    0.0978    0.0986    0.1077    0.1070    0.1002         0         0

  Columns 8 through 14

         0         0         0         0         0         0         0
         0         0         0         0         0         0         0
         0         0         0         0         0         0         0
         0         0         0         0         0         0         0
         0         0         0         0         0         0         0

  Columns 15 through 21

         0         0         0         0         0         0         0
         0         0         0         0         0         0         0
         0         0         0         0         0         0         0
         0         0         0         0         0         0         0
         0         0         0         0         0         0         0

  Column 22

         0
         0
         0
         0
         0

Combo 1 are these terms and this Value: 15       : 2.479e-01 
Combo 2 are these terms and this Value: 4 7   : 3.384e-02 
Combo 3 are these terms and this Value: 4 7 22 : 5.167e-02 
This was the dropped L term(spot): 7 
There are 17 L terms left. 

Local minimum possible.

fminunc stopped because it cannot decrease the objective function
along the current search direction.


d0_progress =

  Columns 1 through 7

    0.0926    0.0919    0.0892    0.0889    0.0862    0.0815         0
    0.0957    0.0958    0.0961    0.0954    0.0915    0.0867         0
    0.0976    0.0982    0.1016    0.1006    0.0956    0.0909         0
    0.0984    0.0992    0.1055    0.1045    0.0985    0.0941         0
    0.0978    0.0986    0.1077    0.1070    0.1002    0.0961         0

  Columns 8 through 14

         0         0         0         0         0         0         0
         0         0         0         0         0         0         0
         0         0         0         0         0         0         0
         0         0         0         0         0         0         0
         0         0         0         0         0         0         0

  Columns 15 through 21

         0         0         0         0         0         0         0
         0         0         0         0         0         0         0
         0         0         0         0         0         0         0
         0         0         0         0         0         0         0
         0         0         0         0         0         0         0

  Column 22

         0
         0
         0
         0
         0

Combo 1 are these terms and this Value: 15       : 6.650e-01 
Combo 2 are these terms and this Value: 20 22   : 3.707e-02 
Combo 3 are these terms and this Value: 1 4 6 : 1.413e-01 
This was the dropped L term(spot): 22 
There are 16 L terms left. 

Local minimum possible.

fminunc stopped because it cannot decrease the objective function
along the current search direction.


d0_progress =

  Columns 1 through 7

    0.0926    0.0919    0.0892    0.0889    0.0862    0.0815    0.0822
    0.0957    0.0958    0.0961    0.0954    0.0915    0.0867    0.0878
    0.0976    0.0982    0.1016    0.1006    0.0956    0.0909    0.0926
    0.0984    0.0992    0.1055    0.1045    0.0985    0.0941    0.0967
    0.0978    0.0986    0.1077    0.1070    0.1002    0.0961    0.0999

  Columns 8 through 14

         0         0         0         0         0         0         0
         0         0         0         0         0         0         0
         0         0         0         0         0         0         0
         0         0         0         0         0         0         0
         0         0         0         0         0         0         0

  Columns 15 through 21

         0         0         0         0         0         0         0
         0         0         0         0         0         0         0
         0         0         0         0         0         0         0
         0         0         0         0         0         0         0
         0         0         0         0         0         0         0

  Column 22

         0
         0
         0
         0
         0

Combo 1 are these terms and this Value: 4       : 4.937e-01 
Combo 2 are these terms and this Value: 1 6   : 1.780e-01 
Combo 3 are these terms and this Value: 1 4 6 : 3.483e-01 
This was the dropped L term(spot): 1 
There are 15 L terms left. 

Local minimum possible.

fminunc stopped because it cannot decrease the objective function
along the current search direction.


d0_progress =

  Columns 1 through 7

    0.0926    0.0919    0.0892    0.0889    0.0862    0.0815    0.0822
    0.0957    0.0958    0.0961    0.0954    0.0915    0.0867    0.0878
    0.0976    0.0982    0.1016    0.1006    0.0956    0.0909    0.0926
    0.0984    0.0992    0.1055    0.1045    0.0985    0.0941    0.0967
    0.0978    0.0986    0.1077    0.1070    0.1002    0.0961    0.0999

  Columns 8 through 14

    0.0800         0         0         0         0         0         0
    0.0861         0         0         0         0         0         0
    0.0913         0         0         0         0         0         0
    0.0954         0         0         0         0         0         0
    0.0985         0         0         0         0         0         0

  Columns 15 through 21

         0         0         0         0         0         0         0
         0         0         0         0         0         0         0
         0         0         0         0         0         0         0
         0         0         0         0         0         0         0
         0         0         0         0         0         0         0

  Column 22

         0
         0
         0
         0
         0

Combo 1 are these terms and this Value: 21       : 4.827e-02 
Combo 2 are these terms and this Value: 4 21   : 4.123e-02 
Combo 3 are these terms and this Value: 3 4 21 : 2.632e-01 
This was the dropped L term(spot): 21 
There are 14 L terms left. 

Local minimum possible.

fminunc stopped because it cannot decrease the objective function
along the current search direction.


d0_progress =

  Columns 1 through 7

    0.0926    0.0919    0.0892    0.0889    0.0862    0.0815    0.0822
    0.0957    0.0958    0.0961    0.0954    0.0915    0.0867    0.0878
    0.0976    0.0982    0.1016    0.1006    0.0956    0.0909    0.0926
    0.0984    0.0992    0.1055    0.1045    0.0985    0.0941    0.0967
    0.0978    0.0986    0.1077    0.1070    0.1002    0.0961    0.0999

  Columns 8 through 14

    0.0800    0.0790         0         0         0         0         0
    0.0861    0.0852         0         0         0         0         0
    0.0913    0.0906         0         0         0         0         0
    0.0954    0.0950         0         0         0         0         0
    0.0985    0.0985         0         0         0         0         0

  Columns 15 through 21

         0         0         0         0         0         0         0
         0         0         0         0         0         0         0
         0         0         0         0         0         0         0
         0         0         0         0         0         0         0
         0         0         0         0         0         0         0

  Column 22

         0
         0
         0
         0
         0

Combo 1 are these terms and this Value: 4       : 3.372e-02 
Combo 2 are these terms and this Value: 4 13   : 3.150e-01 
Combo 3 are these terms and this Value: 2 6 20 : 4.814e-01 
This was the dropped L term(spot): 4 
There are 13 L terms left. 

Local minimum possible.

fminunc stopped because it cannot decrease the objective function
along the current search direction.


d0_progress =

  Columns 1 through 7

    0.0926    0.0919    0.0892    0.0889    0.0862    0.0815    0.0822
    0.0957    0.0958    0.0961    0.0954    0.0915    0.0867    0.0878
    0.0976    0.0982    0.1016    0.1006    0.0956    0.0909    0.0926
    0.0984    0.0992    0.1055    0.1045    0.0985    0.0941    0.0967
    0.0978    0.0986    0.1077    0.1070    0.1002    0.0961    0.0999

  Columns 8 through 14

    0.0800    0.0790    0.0777         0         0         0         0
    0.0861    0.0852    0.0837         0         0         0         0
    0.0913    0.0906    0.0890         0         0         0         0
    0.0954    0.0950    0.0936         0         0         0         0
    0.0985    0.0985    0.0973         0         0         0         0

  Columns 15 through 21

         0         0         0         0         0         0         0
         0         0         0         0         0         0         0
         0         0         0         0         0         0         0
         0         0         0         0         0         0         0
         0         0         0         0         0         0         0

  Column 22

         0
         0
         0
         0
         0

Combo 1 are these terms and this Value: 13       : 4.605e-02 
Combo 2 are these terms and this Value: 3 13   : 3.318e-01 
Combo 3 are these terms and this Value: 2 6 20 : 2.249e-01 
This was the dropped L term(spot): 20 
There are 12 L terms left. 

Local minimum possible.

fminunc stopped because it cannot decrease the objective function
along the current search direction.


d0_progress =

  Columns 1 through 7

    0.0926    0.0919    0.0892    0.0889    0.0862    0.0815    0.0822
    0.0957    0.0958    0.0961    0.0954    0.0915    0.0867    0.0878
    0.0976    0.0982    0.1016    0.1006    0.0956    0.0909    0.0926
    0.0984    0.0992    0.1055    0.1045    0.0985    0.0941    0.0967
    0.0978    0.0986    0.1077    0.1070    0.1002    0.0961    0.0999

  Columns 8 through 14

    0.0800    0.0790    0.0777    0.0804         0         0         0
    0.0861    0.0852    0.0837    0.0855         0         0         0
    0.0913    0.0906    0.0890    0.0901         0         0         0
    0.0954    0.0950    0.0936    0.0941         0         0         0
    0.0985    0.0985    0.0973    0.0975         0         0         0

  Columns 15 through 21

         0         0         0         0         0         0         0
         0         0         0         0         0         0         0
         0         0         0         0         0         0         0
         0         0         0         0         0         0         0
         0         0         0         0         0         0         0

  Column 22

         0
         0
         0
         0
         0

Combo 1 are these terms and this Value: 13       : 1.472e-01 
Combo 2 are these terms and this Value: 3 15   : 4.822e-01 
Combo 3 are these terms and this Value: 2 3 6 : 4.140e-02 
This was the dropped L term(spot): 3 
There are 11 L terms left. 

Local minimum possible.

fminunc stopped because it cannot decrease the objective function
along the current search direction.


d0_progress =

  Columns 1 through 7

    0.0926    0.0919    0.0892    0.0889    0.0862    0.0815    0.0822
    0.0957    0.0958    0.0961    0.0954    0.0915    0.0867    0.0878
    0.0976    0.0982    0.1016    0.1006    0.0956    0.0909    0.0926
    0.0984    0.0992    0.1055    0.1045    0.0985    0.0941    0.0967
    0.0978    0.0986    0.1077    0.1070    0.1002    0.0961    0.0999

  Columns 8 through 14

    0.0800    0.0790    0.0777    0.0804    0.0757         0         0
    0.0861    0.0852    0.0837    0.0855    0.0803         0         0
    0.0913    0.0906    0.0890    0.0901    0.0844         0         0
    0.0954    0.0950    0.0936    0.0941    0.0880         0         0
    0.0985    0.0985    0.0973    0.0975    0.0911         0         0

  Columns 15 through 21

         0         0         0         0         0         0         0
         0         0         0         0         0         0         0
         0         0         0         0         0         0         0
         0         0         0         0         0         0         0
         0         0         0         0         0         0         0

  Column 22

         0
         0
         0
         0
         0

Combo 1 are these terms and this Value: 13       : 1.950e-02 
Combo 2 are these terms and this Value: 13 15   : 1.039e+00 
Combo 3 are these terms and this Value: 2 6 13 : 1.120e+00 
This was the dropped L term(spot): 13 
There are 10 L terms left. 

Local minimum possible.

fminunc stopped because it cannot decrease the objective function
along the current search direction.


d0_progress =

  Columns 1 through 7

    0.0926    0.0919    0.0892    0.0889    0.0862    0.0815    0.0822
    0.0957    0.0958    0.0961    0.0954    0.0915    0.0867    0.0878
    0.0976    0.0982    0.1016    0.1006    0.0956    0.0909    0.0926
    0.0984    0.0992    0.1055    0.1045    0.0985    0.0941    0.0967
    0.0978    0.0986    0.1077    0.1070    0.1002    0.0961    0.0999

  Columns 8 through 14

    0.0800    0.0790    0.0777    0.0804    0.0757    0.0880         0
    0.0861    0.0852    0.0837    0.0855    0.0803    0.0929         0
    0.0913    0.0906    0.0890    0.0901    0.0844    0.0971         0
    0.0954    0.0950    0.0936    0.0941    0.0880    0.1007         0
    0.0985    0.0985    0.0973    0.0975    0.0911    0.1037         0

  Columns 15 through 21

         0         0         0         0         0         0         0
         0         0         0         0         0         0         0
         0         0         0         0         0         0         0
         0         0         0         0         0         0         0
         0         0         0         0         0         0         0

  Column 22

         0
         0
         0
         0
         0

Combo 1 are these terms and this Value: 15       : 1.072e+00 
Combo 2 are these terms and this Value: 15 19   : 1.350e+00 
Combo 3 are these terms and this Value: 2 6 19 : 2.630e-01 
This was the dropped L term(spot): 19 
There are 9 L terms left. 

Local minimum possible.

fminunc stopped because it cannot decrease the objective function
along the current search direction.


d0_progress =

  Columns 1 through 7

    0.0926    0.0919    0.0892    0.0889    0.0862    0.0815    0.0822
    0.0957    0.0958    0.0961    0.0954    0.0915    0.0867    0.0878
    0.0976    0.0982    0.1016    0.1006    0.0956    0.0909    0.0926
    0.0984    0.0992    0.1055    0.1045    0.0985    0.0941    0.0967
    0.0978    0.0986    0.1077    0.1070    0.1002    0.0961    0.0999

  Columns 8 through 14

    0.0800    0.0790    0.0777    0.0804    0.0757    0.0880    0.0629
    0.0861    0.0852    0.0837    0.0855    0.0803    0.0929    0.0655
    0.0913    0.0906    0.0890    0.0901    0.0844    0.0971    0.0676
    0.0954    0.0950    0.0936    0.0941    0.0880    0.1007    0.0693
    0.0985    0.0985    0.0973    0.0975    0.0911    0.1037    0.0706

  Columns 15 through 21

         0         0         0         0         0         0         0
         0         0         0         0         0         0         0
         0         0         0         0         0         0         0
         0         0         0         0         0         0         0
         0         0         0         0         0         0         0

  Column 22

         0
         0
         0
         0
         0

Combo 1 are these terms and this Value: 5       : 1.369e-02 
Combo 2 are these terms and this Value: 5 15   : 2.751e-01 
Combo 3 are these terms and this Value: 5 10 14 : 9.897e-01 
This was the dropped L term(spot): 5 
There are 8 L terms left. 

Local minimum possible.

fminunc stopped because it cannot decrease the objective function
along the current search direction.


d0_progress =

  Columns 1 through 7

    0.0926    0.0919    0.0892    0.0889    0.0862    0.0815    0.0822
    0.0957    0.0958    0.0961    0.0954    0.0915    0.0867    0.0878
    0.0976    0.0982    0.1016    0.1006    0.0956    0.0909    0.0926
    0.0984    0.0992    0.1055    0.1045    0.0985    0.0941    0.0967
    0.0978    0.0986    0.1077    0.1070    0.1002    0.0961    0.0999

  Columns 8 through 14

    0.0800    0.0790    0.0777    0.0804    0.0757    0.0880    0.0629
    0.0861    0.0852    0.0837    0.0855    0.0803    0.0929    0.0655
    0.0913    0.0906    0.0890    0.0901    0.0844    0.0971    0.0676
    0.0954    0.0950    0.0936    0.0941    0.0880    0.1007    0.0693
    0.0985    0.0985    0.0973    0.0975    0.0911    0.1037    0.0706

  Columns 15 through 21

    0.0948         0         0         0         0         0         0
    0.0970         0         0         0         0         0         0
    0.0989         0         0         0         0         0         0
    0.1004         0         0         0         0         0         0
    0.1015         0         0         0         0         0         0

  Column 22

         0
         0
         0
         0
         0

Combo 1 are these terms and this Value: 15       : 7.215e-02 
Combo 2 are these terms and this Value: 2 6   : 2.357e+00 
Combo 3 are these terms and this Value: 2 6 15 : 2.168e+00 
This was the dropped L term(spot): 15 
There are 7 L terms left. 

Local minimum possible.

fminunc stopped because it cannot decrease the objective function
along the current search direction.


d0_progress =

  Columns 1 through 7

    0.0926    0.0919    0.0892    0.0889    0.0862    0.0815    0.0822
    0.0957    0.0958    0.0961    0.0954    0.0915    0.0867    0.0878
    0.0976    0.0982    0.1016    0.1006    0.0956    0.0909    0.0926
    0.0984    0.0992    0.1055    0.1045    0.0985    0.0941    0.0967
    0.0978    0.0986    0.1077    0.1070    0.1002    0.0961    0.0999

  Columns 8 through 14

    0.0800    0.0790    0.0777    0.0804    0.0757    0.0880    0.0629
    0.0861    0.0852    0.0837    0.0855    0.0803    0.0929    0.0655
    0.0913    0.0906    0.0890    0.0901    0.0844    0.0971    0.0676
    0.0954    0.0950    0.0936    0.0941    0.0880    0.1007    0.0693
    0.0985    0.0985    0.0973    0.0975    0.0911    0.1037    0.0706

  Columns 15 through 21

    0.0948    0.0947         0         0         0         0         0
    0.0970    0.0967         0         0         0         0         0
    0.0989    0.0982         0         0         0         0         0
    0.1004    0.0995         0         0         0         0         0
    0.1015    0.1004         0         0         0         0         0

  Column 22

         0
         0
         0
         0
         0

Combo 1 are these terms and this Value: 14       : 1.428e+01 
Combo 2 are these terms and this Value: 2 6   : 1.727e+00 
Combo 3 are these terms and this Value: 9 10 17 : 1.720e+01 
This was the dropped L term(spot): 2 
There are 6 L terms left. 

Local minimum possible.

fminunc stopped because it cannot decrease the objective function
along the current search direction.


d0_progress =

  Columns 1 through 7

    0.0926    0.0919    0.0892    0.0889    0.0862    0.0815    0.0822
    0.0957    0.0958    0.0961    0.0954    0.0915    0.0867    0.0878
    0.0976    0.0982    0.1016    0.1006    0.0956    0.0909    0.0926
    0.0984    0.0992    0.1055    0.1045    0.0985    0.0941    0.0967
    0.0978    0.0986    0.1077    0.1070    0.1002    0.0961    0.0999

  Columns 8 through 14

    0.0800    0.0790    0.0777    0.0804    0.0757    0.0880    0.0629
    0.0861    0.0852    0.0837    0.0855    0.0803    0.0929    0.0655
    0.0913    0.0906    0.0890    0.0901    0.0844    0.0971    0.0676
    0.0954    0.0950    0.0936    0.0941    0.0880    0.1007    0.0693
    0.0985    0.0985    0.0973    0.0975    0.0911    0.1037    0.0706

  Columns 15 through 21

    0.0948    0.0947    0.0987         0         0         0         0
    0.0970    0.0967    0.1013         0         0         0         0
    0.0989    0.0982    0.1033         0         0         0         0
    0.1004    0.0995    0.1048         0         0         0         0
    0.1015    0.1004    0.1057         0         0         0         0

  Column 22

         0
         0
         0
         0
         0

Combo 1 are these terms and this Value: 6       : 2.453e+00 
Combo 2 are these terms and this Value: 6 14   : 2.248e+01 
Combo 3 are these terms and this Value: 9 10 17 : 1.959e+01 
This was the dropped L term(spot): 10 
There are 5 L terms left. 

Local minimum possible.

fminunc stopped because it cannot decrease the objective function
along the current search direction.


d0_progress =

  Columns 1 through 7

    0.0926    0.0919    0.0892    0.0889    0.0862    0.0815    0.0822
    0.0957    0.0958    0.0961    0.0954    0.0915    0.0867    0.0878
    0.0976    0.0982    0.1016    0.1006    0.0956    0.0909    0.0926
    0.0984    0.0992    0.1055    0.1045    0.0985    0.0941    0.0967
    0.0978    0.0986    0.1077    0.1070    0.1002    0.0961    0.0999

  Columns 8 through 14

    0.0800    0.0790    0.0777    0.0804    0.0757    0.0880    0.0629
    0.0861    0.0852    0.0837    0.0855    0.0803    0.0929    0.0655
    0.0913    0.0906    0.0890    0.0901    0.0844    0.0971    0.0676
    0.0954    0.0950    0.0936    0.0941    0.0880    0.1007    0.0693
    0.0985    0.0985    0.0973    0.0975    0.0911    0.1037    0.0706

  Columns 15 through 21

    0.0948    0.0947    0.0987    0.0836         0         0         0
    0.0970    0.0967    0.1013    0.0860         0         0         0
    0.0989    0.0982    0.1033    0.0881         0         0         0
    0.1004    0.0995    0.1048    0.0898         0         0         0
    0.1015    0.1004    0.1057    0.0911         0         0         0

  Column 22

         0
         0
         0
         0
         0

Combo 1 are these terms and this Value: 6       : 4.110e+00 
Combo 2 are these terms and this Value: 6 14   : 3.454e+01 
Combo 3 are these terms and this Value: 9 17 18 : 3.265e+01 
This was the dropped L term(spot): 9 
There are 4 L terms left. 

Local minimum possible.

fminunc stopped because it cannot decrease the objective function
along the current search direction.


d0_progress =

  Columns 1 through 7

    0.0926    0.0919    0.0892    0.0889    0.0862    0.0815    0.0822
    0.0957    0.0958    0.0961    0.0954    0.0915    0.0867    0.0878
    0.0976    0.0982    0.1016    0.1006    0.0956    0.0909    0.0926
    0.0984    0.0992    0.1055    0.1045    0.0985    0.0941    0.0967
    0.0978    0.0986    0.1077    0.1070    0.1002    0.0961    0.0999

  Columns 8 through 14

    0.0800    0.0790    0.0777    0.0804    0.0757    0.0880    0.0629
    0.0861    0.0852    0.0837    0.0855    0.0803    0.0929    0.0655
    0.0913    0.0906    0.0890    0.0901    0.0844    0.0971    0.0676
    0.0954    0.0950    0.0936    0.0941    0.0880    0.1007    0.0693
    0.0985    0.0985    0.0973    0.0975    0.0911    0.1037    0.0706

  Columns 15 through 21

    0.0948    0.0947    0.0987    0.0836    0.0260         0         0
    0.0970    0.0967    0.1013    0.0860    0.0283         0         0
    0.0989    0.0982    0.1033    0.0881    0.0308         0         0
    0.1004    0.0995    0.1048    0.0898    0.0334         0         0
    0.1015    0.1004    0.1057    0.0911    0.0360         0         0

  Column 22

         0
         0
         0
         0
         0

Combo 1 are these terms and this Value: 6       : 4.485e-01 
Combo 2 are these terms and this Value: 6 14   : 9.167e+00 
Combo 3 are these terms and this Value: 14 17 18 : 1.862e+00 
This was the dropped L term(spot): 14 
There are 3 L terms left. 

Local minimum possible.

fminunc stopped because it cannot decrease the objective function
along the current search direction.


d0_progress =

  Columns 1 through 7

    0.0926    0.0919    0.0892    0.0889    0.0862    0.0815    0.0822
    0.0957    0.0958    0.0961    0.0954    0.0915    0.0867    0.0878
    0.0976    0.0982    0.1016    0.1006    0.0956    0.0909    0.0926
    0.0984    0.0992    0.1055    0.1045    0.0985    0.0941    0.0967
    0.0978    0.0986    0.1077    0.1070    0.1002    0.0961    0.0999

  Columns 8 through 14

    0.0800    0.0790    0.0777    0.0804    0.0757    0.0880    0.0629
    0.0861    0.0852    0.0837    0.0855    0.0803    0.0929    0.0655
    0.0913    0.0906    0.0890    0.0901    0.0844    0.0971    0.0676
    0.0954    0.0950    0.0936    0.0941    0.0880    0.1007    0.0693
    0.0985    0.0985    0.0973    0.0975    0.0911    0.1037    0.0706

  Columns 15 through 21

    0.0948    0.0947    0.0987    0.0836    0.0260    0.0272         0
    0.0970    0.0967    0.1013    0.0860    0.0283    0.0295         0
    0.0989    0.0982    0.1033    0.0881    0.0308    0.0318         0
    0.1004    0.0995    0.1048    0.0898    0.0334    0.0344         0
    0.1015    0.1004    0.1057    0.0911    0.0360    0.0370         0

  Column 22

         0
         0
         0
         0
         0

Combo 1 are these terms and this Value: 6       : 4.949e-02 
Combo 2 are these terms and this Value: 17 18   : 1.074e+00 
Combo 3 are these terms and this Value: 6 17 18 : 1.136e+00 
This was the dropped L term(spot): 18 
There are 2 L terms left. 

Local minimum possible.

fminunc stopped because it cannot decrease the objective function
along the current search direction.


d0_progress =

  Columns 1 through 7

    0.0926    0.0919    0.0892    0.0889    0.0862    0.0815    0.0822
    0.0957    0.0958    0.0961    0.0954    0.0915    0.0867    0.0878
    0.0976    0.0982    0.1016    0.1006    0.0956    0.0909    0.0926
    0.0984    0.0992    0.1055    0.1045    0.0985    0.0941    0.0967
    0.0978    0.0986    0.1077    0.1070    0.1002    0.0961    0.0999

  Columns 8 through 14

    0.0800    0.0790    0.0777    0.0804    0.0757    0.0880    0.0629
    0.0861    0.0852    0.0837    0.0855    0.0803    0.0929    0.0655
    0.0913    0.0906    0.0890    0.0901    0.0844    0.0971    0.0676
    0.0954    0.0950    0.0936    0.0941    0.0880    0.1007    0.0693
    0.0985    0.0985    0.0973    0.0975    0.0911    0.1037    0.0706

  Columns 15 through 21

    0.0948    0.0947    0.0987    0.0836    0.0260    0.0272    0.0271
    0.0970    0.0967    0.1013    0.0860    0.0283    0.0295    0.0299
    0.0989    0.0982    0.1033    0.0881    0.0308    0.0318    0.0328
    0.1004    0.0995    0.1048    0.0898    0.0334    0.0344    0.0357
    0.1015    0.1004    0.1057    0.0911    0.0360    0.0370    0.0386

  Column 22

         0
         0
         0
         0
         0

This was the dropped L term(spot): 17 
There are 1 L terms left. 

Local minimum possible.

fminunc stopped because it cannot decrease the objective function
along the current search direction.


d0_progress =

  Columns 1 through 7

    0.0926    0.0919    0.0892    0.0889    0.0862    0.0815    0.0822
    0.0957    0.0958    0.0961    0.0954    0.0915    0.0867    0.0878
    0.0976    0.0982    0.1016    0.1006    0.0956    0.0909    0.0926
    0.0984    0.0992    0.1055    0.1045    0.0985    0.0941    0.0967
    0.0978    0.0986    0.1077    0.1070    0.1002    0.0961    0.0999

  Columns 8 through 14

    0.0800    0.0790    0.0777    0.0804    0.0757    0.0880    0.0629
    0.0861    0.0852    0.0837    0.0855    0.0803    0.0929    0.0655
    0.0913    0.0906    0.0890    0.0901    0.0844    0.0971    0.0676
    0.0954    0.0950    0.0936    0.0941    0.0880    0.1007    0.0693
    0.0985    0.0985    0.0973    0.0975    0.0911    0.1037    0.0706

  Columns 15 through 21

    0.0948    0.0947    0.0987    0.0836    0.0260    0.0272    0.0271
    0.0970    0.0967    0.1013    0.0860    0.0283    0.0295    0.0299
    0.0989    0.0982    0.1033    0.0881    0.0308    0.0318    0.0328
    0.1004    0.0995    0.1048    0.0898    0.0334    0.0344    0.0357
    0.1015    0.1004    0.1057    0.0911    0.0360    0.0370    0.0386

  Column 22

    0.0272
    0.0299
    0.0327
    0.0355
    0.0384

This was the dropped L term(spot): 6 
There are 0 L terms left. 
>> >> >> >> >> >> 
all_tab =

  72x22 table

                 Var1        Var2        Var3        Var4        Var5        Var6        Var7        Var8        Var9       Var10       Var11       Var12       Var13       Var14       Var15       Var16       Var17       Var18       Var19       Var20       Var21       Var22  
               ________    ________    ________    ________    ________    ________    ________    ________    ________    ________    ________    ________    ________    ________    ________    ________    ________    ________    ________    ________    ________    ________

    A1           0.0001      0.0001      0.0001      0.0001      0.0001      0.0001      0.0001           0           0           0           0           0           0           0           0           0           0           0           0           0           0           0
    A2           0.0001      0.0001      0.0001      0.0001      0.0001      0.0001      0.0001      0.0001      0.0001      0.0001      0.0001      0.0001      0.0001      0.0001      0.0001      0.0001           0           0           0           0           0           0
    A3           0.0001      0.0001      0.0001      0.0001      0.0001      0.0001      0.0001      0.0001      0.0001      0.0001      0.0001           0           0           0           0           0           0           0           0           0           0           0
    A4           0.0001      0.0001      0.0001      0.0001      0.0001      0.0001      0.0001      0.0001      0.0001           0           0           0           0           0           0           0           0           0           0           0           0           0
    A5           0.0001      0.0001      0.0001      0.0001      0.0001      0.0001      0.0001      0.0001      0.0001      0.0001      0.0001      0.0001      0.0001      0.0001           0           0           0           0           0           0           0           0
    A6           0.0001      0.0001      0.0001      0.0001      0.0001      0.0001      0.0001      0.0001      0.0001      0.0001      0.0001      0.0001      0.0001      0.0001      0.0001      0.0001      0.0001      0.0001      0.0001      0.0001      0.0001      0.0001
    A7           0.0001      0.0001      0.0001      0.0001      0.0001           0           0           0           0           0           0           0           0           0           0           0           0           0           0           0           0           0
    A8           0.0001           0           0           0           0           0           0           0           0           0           0           0           0           0           0           0           0           0           0           0           0           0
    A9           0.0001      0.0001      0.0001      0.0001      0.0001      0.0001      0.0001      0.0001      0.0001      0.0001      0.0001      0.0001      0.0001      0.0001      0.0001      0.0001      0.0001       9e-05           0           0           0           0
    A10          0.0001      0.0001      0.0001      0.0001      0.0001      0.0001      0.0001      0.0001      0.0001      0.0001      0.0001      0.0001      0.0001      0.0001      0.0001      0.0001      0.0001           0           0           0           0           0
    A11          0.0001      0.0001           0           0           0           0           0           0           0           0           0           0           0           0           0           0           0           0           0           0           0           0
    A12          0.0001      0.0001      0.0001           0           0           0           0           0           0           0           0           0           0           0           0           0           0           0           0           0           0           0
    A13          0.0001      0.0001      0.0001      0.0001      0.0001      0.0001      0.0001      0.0001      0.0001      0.0001      0.0001      0.0001           0           0           0           0           0           0           0           0           0           0
    A14          0.0001      0.0001      0.0001      0.0001      0.0001      0.0001      0.0001      0.0001      0.0001      0.0001      0.0001      0.0001      0.0001      0.0001      0.0001      0.0001      0.0001      0.0001     0.00011           0           0           0
    A15          0.0001      0.0001      0.0001      0.0001      0.0001      0.0001      0.0001      0.0001      0.0001      0.0001      0.0001      0.0001      0.0001      0.0001      0.0001           0           0           0           0           0           0           0
    A16          0.0001      0.0001      0.0001      0.0001           0           0           0           0           0           0           0           0           0           0           0           0           0           0           0           0           0           0
    A17          0.0001      0.0001      0.0001      0.0001      0.0001      0.0001      0.0001      0.0001      0.0001      0.0001      0.0001      0.0001      0.0001      0.0001      0.0001      0.0001      0.0001      0.0001     0.00012     0.00012      0.0001           0
    A18          0.0001      0.0001      0.0001      0.0001      0.0001      0.0001      0.0001      0.0001      0.0001      0.0001      0.0001      0.0001      0.0001      0.0001      0.0001      0.0001      0.0001      0.0001     0.00011     0.00011           0           0
    A19          0.0001      0.0001      0.0001      0.0001      0.0001      0.0001      0.0001      0.0001      0.0001      0.0001      0.0001      0.0001      0.0001           0           0           0           0           0           0           0           0           0
    A20          0.0001      0.0001      0.0001      0.0001      0.0001      0.0001      0.0001      0.0001      0.0001      0.0001           0           0           0           0           0           0           0           0           0           0           0           0
    A22          0.0001      0.0001      0.0001      0.0001      0.0001      0.0001      0.0001      0.0001           0           0           0           0           0           0           0           0           0           0           0           0           0           0
    A24          0.0001      0.0001      0.0001      0.0001      0.0001      0.0001           0           0           0           0           0           0           0           0           0           0           0           0           0           0           0           0
    B1           0.0001      0.0001      0.0001      0.0001      0.0001     0.00011     0.00011           0           0           0           0           0           0           0           0           0           0           0           0           0           0           0
    B2           0.0001      0.0001      0.0001      0.0001      0.0001     0.00011     0.00011     0.00012     0.00012     0.00012     0.00012     0.00012     0.00012     0.00011     0.00011     0.00011           0           0           0           0           0           0
    B3           0.0001      0.0001      0.0001      0.0001      0.0001      0.0001       9e-05       9e-05      0.0001      0.0001      0.0001           0           0           0           0           0           0           0           0           0           0           0
    B4           0.0001      0.0001      0.0001      0.0001      0.0001      0.0001       9e-05       9e-05       9e-05           0           0           0           0           0           0           0           0           0           0           0           0           0
    B5           0.0001      0.0001      0.0001      0.0001      0.0001       9e-05       9e-05       7e-05       7e-05       7e-05       7e-05       7e-05       7e-05       7e-05           0           0           0           0           0           0           0           0
    B6           0.0001      0.0001      0.0001      0.0001      0.0001       9e-05       9e-05       8e-05       8e-05       8e-05       8e-05       8e-05       8e-05       8e-05       8e-05       8e-05       7e-05      -7e-05    -0.00026    -0.00027     0.00014     0.00039
    B7           0.0001      0.0001      0.0001      0.0001      0.0001           0           0           0           0           0           0           0           0           0           0           0           0           0           0           0           0           0
    B8           0.0001           0           0           0           0           0           0           0           0           0           0           0           0           0           0           0           0           0           0           0           0           0
    B9            5e-05       5e-05       4e-05       3e-05       2e-05      -1e-05      -3e-05    -0.00012    -0.00013    -0.00015    -0.00015    -0.00016    -0.00016    -0.00018    -0.00018    -0.00018     -0.0002     -0.0004           0           0           0           0
    B10         0.00012     0.00012     0.00013     0.00013     0.00013     0.00014     0.00014     0.00016     0.00017     0.00017     0.00017     0.00017     0.00017     0.00018     0.00018     0.00018     0.00019           0           0           0           0           0
    B11           9e-05       9e-05           0           0           0           0           0           0           0           0           0           0           0           0           0           0           0           0           0           0           0           0
    B12           8e-05       8e-05       9e-05           0           0           0           0           0           0           0           0           0           0           0           0           0           0           0           0           0           0           0
    B13           9e-05       9e-05       9e-05       9e-05       9e-05       9e-05       9e-05       9e-05       9e-05       8e-05       8e-05       8e-05           0           0           0           0           0           0           0           0           0           0
    B14           6e-05       6e-05       6e-05       6e-05       6e-05       7e-05       7e-05       7e-05       7e-05       7e-05       7e-05       7e-05       7e-05       8e-05       8e-05       8e-05       8e-05     0.00024     0.00138           0           0           0
    B15          0.0001      0.0001      0.0001      0.0001      0.0001      0.0001     0.00011     0.00011     0.00011     0.00011     0.00011      0.0001      0.0001       9e-05       8e-05           0           0           0           0           0           0           0
    B16          0.0001      0.0001      0.0001      0.0001           0           0           0           0           0           0           0           0           0           0           0           0           0           0           0           0           0           0
    B17           8e-05       8e-05       8e-05       8e-05       8e-05       9e-05       9e-05     0.00011     0.00011     0.00011     0.00011     0.00011     0.00011     0.00012     0.00012     0.00012     0.00012     0.00042     0.00279     0.00279       3e-05           0
    B18           8e-05       8e-05       9e-05       9e-05       9e-05       9e-05       9e-05      0.0001      0.0001      0.0001      0.0001     0.00011     0.00011     0.00011     0.00011     0.00011     0.00011     0.00051     0.00154     0.00155           0           0
    B19          0.0001      0.0001      0.0001      0.0001      0.0001      0.0001      0.0001      0.0001      0.0001      0.0001      0.0001     0.00011     0.00011           0           0           0           0           0           0           0           0           0
    B20          0.0001      0.0001      0.0001      0.0001      0.0001      0.0001      0.0001      0.0001      0.0001      0.0001           0           0           0           0           0           0           0           0           0           0           0           0
    B22           9e-05       9e-05       9e-05       9e-05       9e-05       9e-05       8e-05       7e-05           0           0           0           0           0           0           0           0           0           0           0           0           0           0
    B24          0.0001      0.0001      0.0001      0.0001      0.0001      0.0001           0           0           0           0           0           0           0           0           0           0           0           0           0           0           0           0
    C1            9e-05       9e-05       8e-05       8e-05       8e-05       8e-05       9e-05           0           0           0           0           0           0           0           0           0           0           0           0           0           0           0
    C2            8e-05       8e-05       8e-05       8e-05       9e-05       9e-05      0.0001      0.0001      0.0001      0.0001      0.0001      0.0001      0.0001       9e-05       9e-05       9e-05           0           0           0           0           0           0
    C3          0.00011     0.00011      0.0001       9e-05       9e-05       6e-05       3e-05       2e-05       3e-05       3e-05       4e-05           0           0           0           0           0           0           0           0           0           0           0
    C4           0.0001      0.0001       9e-05       9e-05       9e-05       6e-05       4e-05           0           0           0           0           0           0           0           0           0           0           0           0           0           0           0
    C5          0.00011     0.00011     0.00012     0.00012     0.00012     0.00012     0.00012       3e-05       4e-05       4e-05       4e-05       3e-05       3e-05      -2e-05           0           0           0           0           0           0           0           0
    C6          0.00012     0.00012     0.00013     0.00012     0.00012     0.00011     0.00011     0.00011     0.00011     0.00011     0.00011      0.0001      0.0001      0.0001      0.0001      0.0001       1e-05       3e-05       5e-05       4e-05      -1e-05      -5e-05
    C7            9e-05       9e-05      0.0001      0.0001      0.0001           0           0           0           0           0           0           0           0           0           0           0           0           0           0           0           0           0
    C8           0.0001           0           0           0           0           0           0           0           0           0           0           0           0           0           0           0           0           0           0           0           0           0
    C9           -5e-05      -5e-05      -5e-05      -5e-05      -4e-05      -3e-05      -3e-05      -1e-05           0           0           0           0           0       1e-05           0           0           0       1e-05           0           0           0           0
    C10           2e-05       2e-05       1e-05       1e-05       1e-05       1e-05       1e-05           0           0           0           0           0           0      -1e-05       1e-05           0       1e-05           0           0           0           0           0
    C11               0           0           0           0           0           0           0           0           0           0           0           0           0           0           0           0           0           0           0           0           0           0
    C12          -4e-05      -3e-05      -1e-05           0           0           0           0           0           0           0           0           0           0           0           0           0           0           0           0           0           0           0
    C13           5e-05       5e-05       4e-05       4e-05       4e-05       3e-05       3e-05           0           0           0      -1e-05      -1e-05           0           0           0           0           0           0           0           0           0           0
    C14        -0.00019    -0.00019    -0.00019    -0.00019    -0.00018    -0.00018    -0.00018    -0.00017    -0.00018    -0.00017    -0.00018    -0.00018    -0.00018    -0.00016    -0.00017    -0.00017    -0.00017    -0.00021    -0.00028           0           0           0
    C15           8e-05       8e-05       8e-05       9e-05       9e-05     0.00011     0.00014     0.00016     0.00015     0.00015     0.00014     0.00012     0.00011       1e-05      -3e-05           0           0           0           0           0           0           0
    C16           7e-05       7e-05       7e-05       7e-05           0           0           0           0           0           0           0           0           0           0           0           0           0           0           0           0           0           0
    C17        -0.00011    -0.00011     -0.0001     -0.0001      -9e-05      -8e-05      -8e-05      -7e-05      -7e-05      -7e-05      -7e-05      -6e-05      -8e-05      -4e-05     -0.0001      -9e-05     -0.0001    -0.00072    -0.00015    -0.00021           0           0
    C18          -5e-05      -5e-05      -5e-05      -5e-05      -5e-05      -4e-05      -5e-05      -5e-05      -5e-05      -5e-05      -6e-05      -5e-05      -7e-05      -4e-05      -8e-05      -8e-05      -8e-05     0.00079    -0.00053    -0.00048           0           0
    C19         0.00011     0.00011      0.0001      0.0001      0.0001       7e-05       4e-05       6e-05       6e-05       6e-05       8e-05     0.00011     0.00011           0           0           0           0           0           0           0           0           0
    C20          0.0001      0.0001      0.0001      0.0001       9e-05       9e-05       7e-05       9e-05       9e-05       9e-05           0           0           0           0           0           0           0           0           0           0           0           0
    C22           8e-05       8e-05       7e-05       7e-05       6e-05       5e-05       4e-05      -1e-05           0           0           0           0           0           0           0           0           0           0           0           0           0           0
    C24           9e-05       9e-05      0.0001      0.0001      0.0001     0.00012           0           0           0           0           0           0           0           0           0           0           0           0           0           0           0           0
    gDiffA1       9e-05       9e-05       9e-05       9e-05       9e-05       9e-05       9e-05       9e-05       9e-05       9e-05       9e-05       9e-05       9e-05       9e-05       9e-05       9e-05       9e-05       9e-05       9e-05       9e-05       9e-05       9e-05
    gDiffA2      0.0001      0.0001      0.0001      0.0001      0.0001      0.0001      0.0001      0.0001      0.0001      0.0001      0.0001      0.0001      0.0001      0.0001      0.0001      0.0001      0.0001      0.0001      0.0001      0.0001      0.0001      0.0001
    gDiffB1    -0.00066    -0.00066    -0.00066    -0.00066    -0.00066    -0.00066    -0.00066    -0.00066    -0.00066    -0.00066    -0.00066    -0.00066    -0.00066    -0.00066    -0.00066    -0.00066    -0.00066    -0.00066    -0.00066    -0.00066    -0.00066    -0.00066
    gDiffB2       1e-05       1e-05       1e-05       1e-05       1e-05       1e-05       1e-05       1e-05       1e-05       1e-05       1e-05       1e-05       1e-05       1e-05       1e-05       1e-05       1e-05       1e-05       1e-05       1e-05       1e-05       1e-05
    gDiffC1     0.00012     0.00012     0.00012     0.00012     0.00012     0.00012     0.00012     0.00012     0.00012     0.00012     0.00012     0.00012     0.00012     0.00012     0.00012     0.00012     0.00012     0.00012     0.00012     0.00012     0.00012     0.00012
    gDiffC2       5e-05       5e-05       5e-05       5e-05       5e-05       5e-05       5e-05       5e-05       5e-05       5e-05       5e-05       5e-05       5e-05       5e-05       5e-05       5e-05       5e-05       5e-05       5e-05       5e-05       5e-05       5e-05

>> >> >> >> >> >> >> >> 