MATLAB is selecting SOFTWARE OPENGL rendering.

                            < M A T L A B (R) >
                  Copyright 1984-2021 The MathWorks, Inc.
             R2021a Update 4 (9.10.0.1710957) 64-bit (glnxa64)
                                July 1, 2021

 
To get started, type doc.
For product information, visit www.mathworks.com.
 
>> >> >> >> >> >> >> >> >> >> >> >> >> >> >> >> >> >> >> >> >> >> >> >> >> >> >> >> >> >> >> >> >> >> >> >> >> >> >> >> >> >> >> >> >> >> >> >> >> [Warning: Column headers from the file were modified to make them valid MATLAB
identifiers before creating variable names for the table. The original column
headers are saved in the VariableDescriptions property.
Set 'VariableNamingRule' to 'preserve' to use the original column headers as
table variable names.] 
>> >> >> >> >> >> >> >> >> >> >> >> >> >> >> >> >> >> >> >> >> >> >> >> >> >> >> >> >> >> >> >> >> >> >> >> >> >> >> >> >> >> >> >> >> >> >> >> >> >> >> >> >> >> >> >> >> >> >> >> >> >> >> >> >> >> >> >> >> >> >> >> >> >> >> >> >> >> >> >> >> >> >> >> >> >> >> >> Starting parallel pool (parpool) using the 'local' profile ...
Connected to the parallel pool (number of workers: 4).

d0_end_only =

    0.0400
    0.0000
    0.0000
    0.0400
    0.0400


d0_end_only =

    0.0400
    0.0000
    0.0000
    0.0400
    0.0400


d0_end_only =

    0.0400
    0.0000
    0.0000
    0.0400
    0.0400


d0_end_only =

    0.0400
    0.0000
    0.0000
    0.0400
    0.0400


d0_end_only =

    0.0400
    0.0000
    0.0000
    0.0400
    0.0400


d0_end_only =

    0.0400
    0.0000
    0.0000
    0.0400
    0.0400


d0_end_only =

    0.0400
    0.0000
    0.0000
    0.0400
    0.0400

[Warning: MATLAB has disabled some advanced graphics rendering features by
switching to software OpenGL. For more information, click <a
href="matlab:opengl('problems')">here</a>.] 

d0_end_only =

    0.0400
    0.0400
    0.0400
    0.0400
    0.0400


d0_end_only =

    0.0400
    0.0400
    0.0400
    0.0400
    0.0400


d0_end_only =

    0.0400
    0.0400
    0.0400
    0.0400
    0.0400


d0_end_only =

    0.0400
    0.0400
    0.0400
    0.0400
    0.0400


d0_end_only =

    0.0400
    0.0400
    0.0400
    0.0400
    0.0400


d0_end_only =

    0.0400
    0.0400
    0.0400
    0.0400
    0.0400


d0_end_only =

    0.0400
    0.0400
    0.0400
    0.0400
    0.0400


d0_end_only =

    0.0400
    0.0400
    0.0400
    0.0400
    0.0400


d0_end_only =

    0.0400
    0.0400
    0.0400
    0.0400
    0.0400


d0_end_only =

    0.0400
    0.0400
    0.0400
    0.0400
    0.0400


d0_end_only =

    0.0400
    0.0400
    0.0400
    0.0400
    0.0400


d0_end_only =

    0.0400
    0.0400
    0.0400
    0.0400
    0.0400


d0_end_only =

    0.0400
    0.0400
    0.0400
    0.0400
    0.0400


d0_end_only =

    0.0400
    0.0400
    0.0400
    0.0400
    0.0400


d0_end_only =

    0.0400
    0.0400
    0.0400
    0.0400
    0.0400


d0_end_only =

    0.0400
    0.0400
    0.0400
    0.0400
    0.0400


d0_end_only =

    0.0400
    0.0400
    0.0400
    0.0400
    0.0400


d0_end_only =

    0.0400
    0.0400
    0.0400
    0.0400
    0.0400


d0_end_only =

    0.0400
    0.0400
    0.0400
    0.0400
    0.0400


d0_end_only =

    0.0400
    0.0400
    0.0400
    0.0400
    0.0400


d0_end_only =

    0.0400
    0.0400
    0.0400
    0.0400
    0.0400


d0_end_only =

    0.0400
    0.0400
    0.0400
    0.0400
    0.0400


d0_end_only =

    0.0400
    0.0400
    0.0400
    0.0400
    0.0400


d0_end_only =

    0.0400
    0.0400
    0.0400
    0.0400
    0.0400


d0_end_only =

    0.0400
    0.0400
    0.0400
    0.0400
    0.0400


d0_end_only =

    0.0400
    0.0400
    0.0400
    0.0400
    0.0400


d0_end_only =

    0.0400
    0.0400
    0.0400
    0.0400
    0.0400


d0_end_only =

    0.0400
    0.0400
    0.0400
    0.0400
    0.0400


d0_end_only =

    0.0400
    0.0400
    0.0400
    0.0400
    0.0400


d0_end_only =

    0.0400
    0.0400
    0.0400
    0.0400
    0.0400


d0_end_only =

    0.0400
    0.0400
    0.0400
    0.0400
    0.0400


d0_end_only =

    0.0400
    0.0400
    0.0400
    0.0400
    0.0400


d0_end_only =

    0.0400
    0.0400
    0.0400
    0.0400
    0.0400


d0_end_only =

    0.0400
    0.0400
    0.0400
    0.0400
    0.0400


d0_end_only =

    0.0400
    0.0400
    0.0400
    0.0400
    0.0400


d0_end_only =

    0.0400
    0.0400
    0.0400
    0.0400
    0.0400


d0_end_only =

    0.0400
    0.0400
    0.0400
    0.0400
    0.0400


d0_end_only =

    0.0400
    0.0400
    0.0400
    0.0400
    0.0400


d0_end_only =

    0.0400
    0.0400
    0.0400
    0.0400
    0.0400


d0_end_only =

    0.0400
    0.0400
    0.0400
    0.0400
    0.0400


d0_end_only =

    0.0400
    0.0400
    0.0400
    0.0400
    0.0400


d0_end_only =

    0.0400
    0.0400
    0.0400
    0.0400
    0.0400


d0_end_only =

    0.0400
    0.0400
    0.0400
    0.0400
    0.0400


d0_end_only =

    0.0400
    0.0400
    0.0400
    0.0400
    0.0400


d0_end_only =

    0.0400
    0.0400
    0.0400
    0.0400
    0.0400


d0_end_only =

    0.0400
    0.0400
    0.0400
    0.0400
    0.0400


d0_end_only =

    0.0400
    0.0400
    0.0400
    0.0400
    0.0400


d0_end_only =

    0.0400
    0.0400
    0.0400
    0.0400
    0.0400


d0_end_only =

    0.0400
    0.0400
    0.0400
    0.0400
    0.0400


d0_end_only =

    0.0400
    0.0400
    0.0400
    0.0400
    0.0400


d0_end_only =

    0.0400
    0.0400
    0.0400
    0.0400
    0.0400


d0_end_only =

    0.0400
    0.0400
    0.0400
    0.0400
    0.0400


d0_end_only =

    0.0400
    0.0400
    0.0400
    0.0400
    0.0400


d0_end_only =

    0.0400
    0.0400
    0.0400
    0.0400
    0.0400


d0_end_only =

    0.0400
    0.0400
    0.0400
    0.0400
    0.0400


d0_end_only =

    0.0400
    0.0400
    0.0400
    0.0400
    0.0400


d0_end_only =

    0.0400
    0.0400
    0.0400
    0.0400
    0.0400


d0_end_only =

    0.0400
    0.0400
    0.0400
    0.0400
    0.0400


d0_end_only =

    0.0400
    0.0400
    0.0400
    0.0400
    0.0400


d0_end_only =

    0.0400
    0.0400
    0.0400
    0.0400
    0.0400


d0_end_only =

    0.0400
    0.0400
    0.0400
    0.0400
    0.0400


d0_end_only =

    0.0400
    0.0400
    0.0400
    0.0400
    0.0400


d0_end_only =

    0.0400
    0.0400
    0.0400
    0.0400
    0.0400


d0_end_only =

    0.0400
    0.0400
    0.0400
    0.0400
    0.0400


d0_end_only =

    0.0400
    0.0400
    0.0400
    0.0400
    0.0400


d0_end_only =

    0.0400
    0.0400
    0.0400
    0.0400
    0.0400


d0_end_only =

    0.0400
    0.0400
    0.0400
    0.0400
    0.0400


d0_end_only =

    0.0400
    0.0400
    0.0400
    0.0400
    0.0400


d0_end_only =

    0.0400
    0.0400
    0.0400
    0.0400
    0.0400


d0_end_only =

    0.0400
    0.0400
    0.0400
    0.0400
    0.0400


d0_end_only =

    0.0400
    0.0400
    0.0400
    0.0400
    0.0400


d0_end_only =

    0.0400
    0.0400
    0.0400
    0.0400
    0.0400


d0_end_only =

    0.0400
    0.0400
    0.0400
    0.0400
    0.0400


d0_end_only =

    0.0400
    0.0400
    0.0400
    0.0400
    0.0400


d0_end_only =

    0.0400
    0.0400
    0.0400
    0.0400
    0.0400


d0_end_only =

    0.0400
    0.0400
    0.0400
    0.0400
    0.0400


d0_end_only =

    0.0400
    0.0400
    0.0400
    0.0400
    0.0400


d0_end_only =

    0.0400
    0.0400
    0.0400
    0.0400
    0.0400


d0_end_only =

    0.0400
    0.0400
    0.0400
    0.0400
    0.0400


d0_end_only =

    0.0400
    0.0400
    0.0400
    0.0400
    0.0400


d0_end_only =

    0.0400
    0.0400
    0.0400
    0.0400
    0.0400


d0_end_only =

    0.0400
    0.0400
    0.0400
    0.0400
    0.0400


d0_end_only =

    0.0400
    0.0400
    0.0400
    0.0400
    0.0400


d0_end_only =

    0.0400
    0.0400
    0.0400
    0.0400
    0.0400


d0_end_only =

    0.0400
    0.0400
    0.0400
    0.0400
    0.0400


d0_end_only =

    0.0400
    0.0400
    0.0400
    0.0400
    0.0400


d0_end_only =

    0.0400
    0.0400
    0.0400
    0.0400
    0.0400


d0_end_only =

    0.0400
    0.0400
    0.0400
    0.0400
    0.0400


d0_end_only =

    0.0400
    0.0400
    0.0400
    0.0400
    0.0400


d0_end_only =

    0.0400
    0.0400
    0.0400
    0.0400
    0.0400


d0_end_only =

    0.0400
    0.0400
    0.0400
    0.0400
    0.0400


d0_end_only =

    0.0400
    0.0400
    0.0400
    0.0400
    0.0400


d0_end_only =

    0.0400
    0.0400
    0.0400
    0.0400
    0.0400


d0_end_only =

    0.0400
    0.0400
    0.0400
    0.0400
    0.0400


d0_end_only =

    0.0400
    0.0400
    0.0400
    0.0400
    0.0400


d0_end_only =

    0.0400
    0.0400
    0.0400
    0.0400
    0.0400


d0_end_only =

    0.0400
    0.0400
    0.0400
    0.0400
    0.0400


d0_end_only =

    0.0400
    0.0400
    0.0400
    0.0400
    0.0400


d0_end_only =

    0.0400
    0.0400
    0.0400
    0.0400
    0.0400


d0_end_only =

    0.0400
    0.0400
    0.0400
    0.0400
    0.0400


d0_end_only =

    0.0400
    0.0400
    0.0400
    0.0400
    0.0400


d0_end_only =

    0.0400
    0.0400
    0.0400
    0.0400
    0.0400


d0_end_only =

    0.0400
    0.0400
    0.0400
    0.0400
    0.0400


d0_end_only =

    0.0400
    0.0400
    0.0400
    0.0400
    0.0400


d0_end_only =

    0.0400
    0.0400
    0.0400
    0.0400
    0.0400


d0_end_only =

    0.0400
    0.0400
    0.0400
    0.0400
    0.0400


d0_end_only =

    0.0400
    0.0400
    0.0400
    0.0400
    0.0400


d0_end_only =

    0.0400
    0.0400
    0.0400
    0.0400
    0.0400


d0_end_only =

    0.0400
    0.0400
    0.0400
    0.0400
    0.0400


d0_end_only =

    0.0400
    0.0400
    0.0400
    0.0400
    0.0400


d0_end_only =

    0.0400
    0.0400
    0.0400
    0.0400
    0.0400


d0_end_only =

    0.0400
    0.0400
    0.0400
    0.0400
    0.0400


d0_end_only =

    0.0400
    0.0400
    0.0400
    0.0400
    0.0400


d0_end_only =

    0.0400
    0.0400
    0.0400
    0.0400
    0.0400


d0_end_only =

    0.0400
    0.0400
    0.0400
    0.0400
    0.0400


d0_end_only =

    0.0400
    0.0400
    0.0400
    0.0400
    0.0400


d0_end_only =

    0.0400
    0.0400
    0.0400
    0.0400
    0.0400


d0_end_only =

    0.0400
    0.0400
    0.0400
    0.0400
    0.0400


d0_end_only =

    0.0400
    0.0400
    0.0400
    0.0400
    0.0400


d0_end_only =

    0.0400
    0.0400
    0.0400
    0.0400
    0.0400


d0_end_only =

    0.0400
    0.0400
    0.0400
    0.0400
    0.0400


d0_end_only =

    0.0400
    0.0400
    0.0400
    0.0400
    0.0400


d0_end_only =

    0.0400
    0.0400
    0.0400
    0.0400
    0.0400


d0_end_only =

    0.0400
    0.0400
    0.0400
    0.0400
    0.0400


d0_end_only =

    0.0400
    0.0400
    0.0400
    0.0400
    0.0400


d0_end_only =

    0.0400
    0.0400
    0.0400
    0.0400
    0.0400


d0_end_only =

    0.0400
    0.0400
    0.0400
    0.0400
    0.0400


d0_end_only =

    0.0400
    0.0400
    0.0400
    0.0400
    0.0400


d0_end_only =

    0.0400
    0.0400
    0.0400
    0.0400
    0.0400


d0_end_only =

    0.0400
    0.0400
    0.0400
    0.0400
    0.0400


d0_end_only =

    0.0400
    0.0400
    0.0400
    0.0400
    0.0400


d0_end_only =

    0.0400
    0.0400
    0.0400
    0.0400
    0.0400


d0_end_only =

    0.0400
    0.0400
    0.0400
    0.0400
    0.0400


d0_end_only =

    0.0400
    0.0400
    0.0400
    0.0400
    0.0400


d0_end_only =

    0.0400
    0.0400
    0.0400
    0.0400
    0.0400


d0_end_only =

    0.0400
    0.0400
    0.0400
    0.0400
    0.0400


d0_end_only =

    0.0400
    0.0400
    0.0400
    0.0400
    0.0400


d0_end_only =

    0.0400
    0.0400
    0.0400
    0.0400
    0.0400


d0_end_only =

    0.0400
    0.0400
    0.0400
    0.0400
    0.0400


d0_end_only =

    0.0400
    0.0400
    0.0400
    0.0400
    0.0400


d0_end_only =

    0.0400
    0.0400
    0.0400
    0.0400
    0.0400


d0_end_only =

    0.0400
    0.0400
    0.0400
    0.0400
    0.0400


d0_end_only =

    0.0400
    0.0400
    0.0400
    0.0400
    0.0400


d0_end_only =

    0.0400
    0.0400
    0.0400
    0.0400
    0.0400


d0_end_only =

    0.0400
    0.0400
    0.0400
    0.0400
    0.0400


d0_end_only =

    0.0400
    0.0400
    0.0400
    0.0400
    0.0400


d0_end_only =

    0.0400
    0.0400
    0.0400
    0.0400
    0.0400


d0_end_only =

    0.0009
    0.0007
    0.0400
    0.0400
    0.0400


d0_end_only =

    0.0009
    0.0007
    0.0400
    0.0400
    0.0400


d0_end_only =

    0.0009
    0.0007
    0.0400
    0.0400
    0.0400


d0_end_only =

    0.0009
    0.0007
    0.0400
    0.0400
    0.0400


d0_end_only =

    0.0009
    0.0007
    0.0400
    0.0400
    0.0400


d0_end_only =

    0.0009
    0.0007
    0.0400
    0.0400
    0.0400


d0_end_only =

    0.0009
    0.0007
    0.0400
    0.0400
    0.0400


d0_end_only =

    0.0024
    0.0018
    0.0013
    0.0010
    0.0007


d0_end_only =

    0.0024
    0.0018
    0.0013
    0.0010
    0.0007


d0_end_only =

    0.0024
    0.0018
    0.0013
    0.0010
    0.0007


d0_end_only =

    0.0024
    0.0018
    0.0013
    0.0010
    0.0007


d0_end_only =

    0.0024
    0.0018
    0.0013
    0.0010
    0.0007


d0_end_only =

    0.0024
    0.0018
    0.0013
    0.0010
    0.0007


d0_end_only =

    0.0024
    0.0018
    0.0013
    0.0010
    0.0007


d0_end_only =

    0.0043
    0.0033
    0.0025
    0.0019
    0.0015


d0_end_only =

    0.0043
    0.0033
    0.0025
    0.0019
    0.0015


d0_end_only =

    0.0043
    0.0033
    0.0025
    0.0019
    0.0015


d0_end_only =

    0.0043
    0.0033
    0.0025
    0.0019
    0.0015


d0_end_only =

    0.0043
    0.0033
    0.0025
    0.0019
    0.0015


d0_end_only =

    0.0043
    0.0033
    0.0025
    0.0019
    0.0015


d0_end_only =

    0.0043
    0.0033
    0.0025
    0.0019
    0.0015


d0_end_only =

    0.0128
    0.0116
    0.0105
    0.0095
    0.0086


d0_end_only =

    0.0128
    0.0116
    0.0105
    0.0095
    0.0086


d0_end_only =

    0.0128
    0.0116
    0.0105
    0.0095
    0.0086


d0_end_only =

    0.0128
    0.0116
    0.0105
    0.0095
    0.0086


d0_end_only =

    0.0128
    0.0116
    0.0105
    0.0095
    0.0086


d0_end_only =

    0.0128
    0.0116
    0.0105
    0.0095
    0.0086


d0_end_only =

    0.0128
    0.0116
    0.0105
    0.0095
    0.0086


d0_end_only =

    0.0138
    0.0128
    0.0119
    0.0111
    0.0103


d0_end_only =

    0.0138
    0.0128
    0.0119
    0.0111
    0.0103


d0_end_only =

    0.0138
    0.0128
    0.0119
    0.0111
    0.0103


d0_end_only =

    0.0138
    0.0128
    0.0119
    0.0111
    0.0103


d0_end_only =

    0.0138
    0.0128
    0.0119
    0.0111
    0.0103


d0_end_only =

    0.0138
    0.0128
    0.0119
    0.0111
    0.0103


d0_end_only =

    0.0138
    0.0128
    0.0119
    0.0111
    0.0103


d0_end_only =

    0.0137
    0.0129
    0.0121
    0.0114
    0.0108


d0_end_only =

    0.0137
    0.0129
    0.0121
    0.0114
    0.0108


d0_end_only =

    0.0137
    0.0129
    0.0121
    0.0114
    0.0108


d0_end_only =

    0.0137
    0.0129
    0.0121
    0.0114
    0.0108


d0_end_only =

    0.0137
    0.0129
    0.0121
    0.0114
    0.0108


d0_end_only =

    0.0137
    0.0129
    0.0121
    0.0114
    0.0108


d0_end_only =

    0.0137
    0.0129
    0.0121
    0.0114
    0.0108


d0_end_only =

    0.0134
    0.0127
    0.0120
    0.0114
    0.0108


d0_end_only =

    0.0134
    0.0127
    0.0120
    0.0114
    0.0108


d0_end_only =

    0.0134
    0.0127
    0.0120
    0.0114
    0.0108


d0_end_only =

    0.0134
    0.0127
    0.0120
    0.0114
    0.0108


d0_end_only =

    0.0134
    0.0127
    0.0120
    0.0114
    0.0108


d0_end_only =

    0.0134
    0.0127
    0.0120
    0.0114
    0.0108


d0_end_only =

    0.0134
    0.0127
    0.0120
    0.0114
    0.0108


d0_end_only =

    0.0132
    0.0125
    0.0119
    0.0112
    0.0107


d0_end_only =

    0.0132
    0.0125
    0.0119
    0.0113
    0.0107


d0_end_only =

    0.0132
    0.0125
    0.0119
    0.0112
    0.0107


d0_end_only =

    0.0132
    0.0125
    0.0118
    0.0112
    0.0107


d0_end_only =

    0.0132
    0.0125
    0.0119
    0.0112
    0.0107


d0_end_only =

    0.0132
    0.0125
    0.0119
    0.0112
    0.0107


d0_end_only =

    0.0132
    0.0125
    0.0119
    0.0113
    0.0107


d0_end_only =

    0.0134
    0.0127
    0.0120
    0.0114
    0.0108


d0_end_only =

    0.0134
    0.0127
    0.0120
    0.0114
    0.0108


d0_end_only =

    0.0134
    0.0127
    0.0120
    0.0114
    0.0108


d0_end_only =

    0.0134
    0.0127
    0.0120
    0.0114
    0.0108


d0_end_only =

    0.0134
    0.0127
    0.0120
    0.0114
    0.0108


d0_end_only =

    0.0134
    0.0127
    0.0120
    0.0114
    0.0108


d0_end_only =

    0.0134
    0.0127
    0.0120
    0.0114
    0.0108


d0_end_only =

    0.0134
    0.0127
    0.0120
    0.0114
    0.0108


d0_end_only =

    0.0134
    0.0127
    0.0120
    0.0114
    0.0108


d0_end_only =

    0.0134
    0.0127
    0.0120
    0.0114
    0.0108


d0_end_only =

    0.0134
    0.0127
    0.0120
    0.0114
    0.0108


d0_end_only =

    0.0134
    0.0127
    0.0120
    0.0114
    0.0108


d0_end_only =

    0.0134
    0.0127
    0.0120
    0.0114
    0.0108


d0_end_only =

    0.0134
    0.0127
    0.0120
    0.0114
    0.0108


d0_end_only =

    0.0134
    0.0127
    0.0120
    0.0114
    0.0108


d0_end_only =

    0.0134
    0.0127
    0.0120
    0.0114
    0.0108


d0_end_only =

    0.0134
    0.0127
    0.0120
    0.0114
    0.0108


d0_end_only =

    0.0134
    0.0127
    0.0120
    0.0114
    0.0108


d0_end_only =

    0.0134
    0.0127
    0.0120
    0.0114
    0.0108


d0_end_only =

    0.0134
    0.0127
    0.0120
    0.0114
    0.0108


d0_end_only =

    0.0134
    0.0127
    0.0120
    0.0114
    0.0108


d0_end_only =

    0.0134
    0.0127
    0.0120
    0.0114
    0.0108


d0_end_only =

    0.0134
    0.0127
    0.0120
    0.0114
    0.0108


d0_end_only =

    0.0134
    0.0127
    0.0120
    0.0114
    0.0108


d0_end_only =

    0.0134
    0.0127
    0.0120
    0.0114
    0.0108


d0_end_only =

    0.0134
    0.0127
    0.0120
    0.0114
    0.0108


d0_end_only =

    0.0134
    0.0127
    0.0120
    0.0114
    0.0108


d0_end_only =

    0.0134
    0.0127
    0.0120
    0.0114
    0.0108


d0_end_only =

    0.0134
    0.0127
    0.0120
    0.0114
    0.0108


d0_end_only =

    0.0134
    0.0127
    0.0120
    0.0114
    0.0108


d0_end_only =

    0.0134
    0.0127
    0.0120
    0.0114
    0.0108


d0_end_only =

    0.0134
    0.0127
    0.0120
    0.0114
    0.0108


d0_end_only =

    0.0134
    0.0127
    0.0120
    0.0114
    0.0108


d0_end_only =

    0.0134
    0.0127
    0.0120
    0.0114
    0.0108


d0_end_only =

    0.0134
    0.0127
    0.0120
    0.0114
    0.0108


d0_end_only =

    0.0134
    0.0127
    0.0120
    0.0114
    0.0108


d0_end_only =

    0.0134
    0.0127
    0.0120
    0.0114
    0.0108


d0_end_only =

    0.0134
    0.0127
    0.0120
    0.0114
    0.0108


d0_end_only =

    0.0134
    0.0127
    0.0120
    0.0114
    0.0108


d0_end_only =

    0.0134
    0.0127
    0.0120
    0.0114
    0.0108


d0_end_only =

    0.0134
    0.0127
    0.0120
    0.0114
    0.0108


d0_end_only =

    0.0134
    0.0127
    0.0120
    0.0114
    0.0108


d0_end_only =

    0.0134
    0.0127
    0.0120
    0.0114
    0.0108


d0_end_only =

    0.0134
    0.0127
    0.0120
    0.0114
    0.0108


d0_end_only =

    0.0134
    0.0127
    0.0120
    0.0114
    0.0108


d0_end_only =

    0.0134
    0.0127
    0.0120
    0.0114
    0.0108


d0_end_only =

    0.0134
    0.0127
    0.0120
    0.0114
    0.0108


d0_end_only =

    0.0134
    0.0127
    0.0120
    0.0114
    0.0108


d0_end_only =

    0.0134
    0.0127
    0.0120
    0.0114
    0.0108


d0_end_only =

    0.0134
    0.0127
    0.0120
    0.0114
    0.0108


d0_end_only =

    0.0134
    0.0127
    0.0120
    0.0114
    0.0108


d0_end_only =

    0.0134
    0.0127
    0.0120
    0.0114
    0.0108


d0_end_only =

    0.0134
    0.0127
    0.0120
    0.0114
    0.0108


d0_end_only =

    0.0134
    0.0127
    0.0120
    0.0114
    0.0108


d0_end_only =

    0.0134
    0.0127
    0.0120
    0.0114
    0.0108


d0_end_only =

    0.0134
    0.0127
    0.0120
    0.0114
    0.0108


d0_end_only =

    0.0134
    0.0127
    0.0120
    0.0114
    0.0108


d0_end_only =

    0.0134
    0.0127
    0.0120
    0.0114
    0.0108


d0_end_only =

    0.0134
    0.0127
    0.0120
    0.0114
    0.0108


d0_end_only =

    0.0134
    0.0127
    0.0120
    0.0114
    0.0108


d0_end_only =

    0.0134
    0.0127
    0.0120
    0.0114
    0.0108


d0_end_only =

    0.0134
    0.0127
    0.0120
    0.0114
    0.0108


d0_end_only =

    0.0134
    0.0127
    0.0120
    0.0114
    0.0108


d0_end_only =

    0.0134
    0.0127
    0.0120
    0.0114
    0.0108


d0_end_only =

    0.0134
    0.0127
    0.0120
    0.0114
    0.0108


d0_end_only =

    0.0134
    0.0127
    0.0120
    0.0114
    0.0108


d0_end_only =

    0.0134
    0.0127
    0.0120
    0.0114
    0.0108


d0_end_only =

    0.0134
    0.0127
    0.0120
    0.0114
    0.0108


d0_end_only =

    0.0134
    0.0127
    0.0120
    0.0114
    0.0108


d0_end_only =

    0.0134
    0.0127
    0.0120
    0.0114
    0.0108


d0_end_only =

    0.0134
    0.0127
    0.0120
    0.0114
    0.0108


d0_end_only =

    0.0134
    0.0127
    0.0120
    0.0114
    0.0108


d0_end_only =

    0.0134
    0.0127
    0.0120
    0.0114
    0.0108


d0_end_only =

    0.0134
    0.0127
    0.0120
    0.0114
    0.0108


d0_end_only =

    0.0134
    0.0127
    0.0120
    0.0114
    0.0108


d0_end_only =

    0.0134
    0.0127
    0.0120
    0.0114
    0.0108


d0_end_only =

    0.0134
    0.0127
    0.0120
    0.0114
    0.0108


d0_end_only =

    0.0134
    0.0127
    0.0120
    0.0114
    0.0108


d0_end_only =

    0.0134
    0.0127
    0.0120
    0.0114
    0.0108


d0_end_only =

    0.0134
    0.0127
    0.0120
    0.0114
    0.0108


d0_end_only =

    0.0134
    0.0127
    0.0120
    0.0114
    0.0108


d0_end_only =

    0.0134
    0.0127
    0.0120
    0.0114
    0.0108


d0_end_only =

    0.0134
    0.0127
    0.0120
    0.0114
    0.0108


d0_end_only =

    0.0134
    0.0127
    0.0120
    0.0114
    0.0108


d0_end_only =

    0.0134
    0.0127
    0.0120
    0.0114
    0.0108


d0_end_only =

    0.0134
    0.0127
    0.0120
    0.0114
    0.0108


d0_end_only =

    0.0134
    0.0127
    0.0120
    0.0114
    0.0108


d0_end_only =

    0.0134
    0.0127
    0.0120
    0.0114
    0.0108


d0_end_only =

    0.0134
    0.0127
    0.0120
    0.0114
    0.0108


d0_end_only =

    0.0134
    0.0127
    0.0120
    0.0114
    0.0108


d0_end_only =

    0.0134
    0.0127
    0.0120
    0.0114
    0.0108


d0_end_only =

    0.0134
    0.0127
    0.0120
    0.0114
    0.0108


d0_end_only =

    0.0134
    0.0127
    0.0120
    0.0114
    0.0108


d0_end_only =

    0.0134
    0.0127
    0.0120
    0.0114
    0.0108


d0_end_only =

    0.0134
    0.0127
    0.0120
    0.0114
    0.0108


d0_end_only =

    0.0134
    0.0127
    0.0120
    0.0114
    0.0108


d0_end_only =

    0.0134
    0.0127
    0.0120
    0.0114
    0.0108


d0_end_only =

    0.0134
    0.0127
    0.0120
    0.0114
    0.0108


d0_end_only =

    0.0134
    0.0127
    0.0120
    0.0114
    0.0108


d0_end_only =

    0.0134
    0.0127
    0.0120
    0.0114
    0.0108


d0_end_only =

    0.0134
    0.0127
    0.0120
    0.0114
    0.0108


d0_end_only =

    0.0134
    0.0127
    0.0120
    0.0114
    0.0108


d0_end_only =

    0.0134
    0.0127
    0.0120
    0.0114
    0.0108


d0_end_only =

    0.0134
    0.0127
    0.0120
    0.0114
    0.0108


d0_end_only =

    0.0134
    0.0127
    0.0120
    0.0114
    0.0108


d0_end_only =

    0.0134
    0.0127
    0.0120
    0.0114
    0.0108


d0_end_only =

    0.0134
    0.0127
    0.0120
    0.0114
    0.0108


d0_end_only =

    0.0134
    0.0127
    0.0120
    0.0114
    0.0108


d0_end_only =

    0.0134
    0.0127
    0.0120
    0.0114
    0.0108


d0_end_only =

    0.0134
    0.0127
    0.0120
    0.0114
    0.0108


d0_end_only =

    0.0134
    0.0127
    0.0120
    0.0114
    0.0108


d0_end_only =

    0.0134
    0.0127
    0.0120
    0.0114
    0.0108


d0_end_only =

    0.0134
    0.0127
    0.0120
    0.0114
    0.0108


d0_end_only =

    0.0134
    0.0127
    0.0120
    0.0114
    0.0108


d0_end_only =

    0.0134
    0.0127
    0.0120
    0.0114
    0.0108


d0_end_only =

    0.0134
    0.0127
    0.0120
    0.0114
    0.0108


d0_end_only =

    0.0134
    0.0127
    0.0120
    0.0114
    0.0108


d0_end_only =

    0.0134
    0.0127
    0.0120
    0.0114
    0.0108


d0_end_only =

    0.0134
    0.0127
    0.0120
    0.0114
    0.0108


d0_end_only =

    0.0134
    0.0127
    0.0120
    0.0114
    0.0108


d0_end_only =

    0.0134
    0.0127
    0.0120
    0.0114
    0.0108


d0_end_only =

    0.0134
    0.0127
    0.0120
    0.0114
    0.0108


d0_end_only =

    0.0134
    0.0127
    0.0120
    0.0114
    0.0108


d0_end_only =

    0.0134
    0.0127
    0.0120
    0.0114
    0.0108


d0_end_only =

    0.0134
    0.0127
    0.0120
    0.0114
    0.0108


d0_end_only =

    0.0134
    0.0127
    0.0120
    0.0114
    0.0108


d0_end_only =

    0.0134
    0.0127
    0.0120
    0.0114
    0.0108


d0_end_only =

    0.0134
    0.0127
    0.0120
    0.0114
    0.0108


d0_end_only =

    0.0134
    0.0127
    0.0120
    0.0114
    0.0108


d0_end_only =

    0.0134
    0.0127
    0.0120
    0.0114
    0.0108


d0_end_only =

    0.0134
    0.0127
    0.0120
    0.0114
    0.0108


d0_end_only =

    0.0134
    0.0127
    0.0120
    0.0114
    0.0108


d0_end_only =

    0.0134
    0.0127
    0.0120
    0.0114
    0.0108


Local minimum possible.

fminunc stopped because it cannot decrease the objective function
along the current search direction.

>> >> 
d0_end_only =

    0.0134
    0.0127
    0.0120
    0.0114
    0.0108

>> >> >> >> >> >> 
final_tab_endMem =

  6x1 table

                Coeff  
               ________

    gDiffA1       5e-05
    gDiffA2       9e-05
    gDiffB1    -0.00598
    gDiffB2    -0.00057
    gDiffC1      0.0008
    gDiffC2       8e-05

>> >> >> >> >> >> >> >> >> >> >> >> >> >> >> >> >> >> >> >> >> >> >> >> >> >> >> >> >> >> >> >> >> >> >> >> >> >> >> 
Local minimum possible.

fminunc stopped because it cannot decrease the objective function
along the current search direction.


d0_progress =

  Columns 1 through 7

    0.1235         0         0         0         0         0         0
    0.1229         0         0         0         0         0         0
    0.1219         0         0         0         0         0         0
    0.1203         0         0         0         0         0         0
    0.1181         0         0         0         0         0         0

  Columns 8 through 14

         0         0         0         0         0         0         0
         0         0         0         0         0         0         0
         0         0         0         0         0         0         0
         0         0         0         0         0         0         0
         0         0         0         0         0         0         0

  Columns 15 through 21

         0         0         0         0         0         0         0
         0         0         0         0         0         0         0
         0         0         0         0         0         0         0
         0         0         0         0         0         0         0
         0         0         0         0         0         0         0

  Column 22

         0
         0
         0
         0
         0

Combo 1 are these terms and this Value: 15       : 1.810e-02 
Combo 2 are these terms and this Value: 16 22   : 1.675e-03 
Combo 3 are these terms and this Value: 4 13 22 : 3.457e-03 
This was the dropped L term(spot): 16 
There are 21 L terms left. 

Local minimum possible.

fminunc stopped because it cannot decrease the objective function
along the current search direction.


d0_progress =

  Columns 1 through 7

    0.1235    0.1135         0         0         0         0         0
    0.1229    0.1150         0         0         0         0         0
    0.1219    0.1162         0         0         0         0         0
    0.1203    0.1169         0         0         0         0         0
    0.1181    0.1171         0         0         0         0         0

  Columns 8 through 14

         0         0         0         0         0         0         0
         0         0         0         0         0         0         0
         0         0         0         0         0         0         0
         0         0         0         0         0         0         0
         0         0         0         0         0         0         0

  Columns 15 through 21

         0         0         0         0         0         0         0
         0         0         0         0         0         0         0
         0         0         0         0         0         0         0
         0         0         0         0         0         0         0
         0         0         0         0         0         0         0

  Column 22

         0
         0
         0
         0
         0

Combo 1 are these terms and this Value: 12       : 3.560e-03 
Combo 2 are these terms and this Value: 7 12   : 3.111e-03 
Combo 3 are these terms and this Value: 4 7 20 : 6.162e-03 
This was the dropped L term(spot): 12 
There are 20 L terms left. 

Local minimum possible.

fminunc stopped because it cannot decrease the objective function
along the current search direction.


d0_progress =

  Columns 1 through 7

    0.1235    0.1135    0.1101         0         0         0         0
    0.1229    0.1150    0.1122         0         0         0         0
    0.1219    0.1162    0.1141         0         0         0         0
    0.1203    0.1169    0.1156         0         0         0         0
    0.1181    0.1171    0.1166         0         0         0         0

  Columns 8 through 14

         0         0         0         0         0         0         0
         0         0         0         0         0         0         0
         0         0         0         0         0         0         0
         0         0         0         0         0         0         0
         0         0         0         0         0         0         0

  Columns 15 through 21

         0         0         0         0         0         0         0
         0         0         0         0         0         0         0
         0         0         0         0         0         0         0
         0         0         0         0         0         0         0
         0         0         0         0         0         0         0

  Column 22

         0
         0
         0
         0
         0

Combo 1 are these terms and this Value: 8       : 2.466e-04 
Combo 2 are these terms and this Value: 3 8   : 1.234e-02 
Combo 3 are these terms and this Value: 2 6 8 : 2.923e-02 
This was the dropped L term(spot): 8 
There are 19 L terms left. 

Local minimum possible.

fminunc stopped because it cannot decrease the objective function
along the current search direction.


d0_progress =

  Columns 1 through 7

    0.1235    0.1135    0.1101    0.1101         0         0         0
    0.1229    0.1150    0.1122    0.1122         0         0         0
    0.1219    0.1162    0.1141    0.1137         0         0         0
    0.1203    0.1169    0.1156    0.1147         0         0         0
    0.1181    0.1171    0.1166    0.1151         0         0         0

  Columns 8 through 14

         0         0         0         0         0         0         0
         0         0         0         0         0         0         0
         0         0         0         0         0         0         0
         0         0         0         0         0         0         0
         0         0         0         0         0         0         0

  Columns 15 through 21

         0         0         0         0         0         0         0
         0         0         0         0         0         0         0
         0         0         0         0         0         0         0
         0         0         0         0         0         0         0
         0         0         0         0         0         0         0

  Column 22

         0
         0
         0
         0
         0

Combo 1 are these terms and this Value: 7       : 9.311e-03 
Combo 2 are these terms and this Value: 3 7   : 5.477e-03 
Combo 3 are these terms and this Value: 3 15 22 : 1.954e-04 
This was the dropped L term(spot): 15 
There are 18 L terms left. 

Local minimum possible.

fminunc stopped because it cannot decrease the objective function
along the current search direction.


d0_progress =

  Columns 1 through 7

    0.1235    0.1135    0.1101    0.1101    0.1102         0         0
    0.1229    0.1150    0.1122    0.1122    0.1115         0         0
    0.1219    0.1162    0.1141    0.1137    0.1124         0         0
    0.1203    0.1169    0.1156    0.1147    0.1128         0         0
    0.1181    0.1171    0.1166    0.1151    0.1127         0         0

  Columns 8 through 14

         0         0         0         0         0         0         0
         0         0         0         0         0         0         0
         0         0         0         0         0         0         0
         0         0         0         0         0         0         0
         0         0         0         0         0         0         0

  Columns 15 through 21

         0         0         0         0         0         0         0
         0         0         0         0         0         0         0
         0         0         0         0         0         0         0
         0         0         0         0         0         0         0
         0         0         0         0         0         0         0

  Column 22

         0
         0
         0
         0
         0

Combo 1 are these terms and this Value: 7       : 9.474e-03 
Combo 2 are these terms and this Value: 1 7   : 2.049e-02 
Combo 3 are these terms and this Value: 2 4 6 : 1.615e-02 
This was the dropped L term(spot): 4 
There are 17 L terms left. 

Local minimum possible.

fminunc stopped because it cannot decrease the objective function
along the current search direction.


d0_progress =

  Columns 1 through 7

    0.1235    0.1135    0.1101    0.1101    0.1102    0.1102         0
    0.1229    0.1150    0.1122    0.1122    0.1115    0.1114         0
    0.1219    0.1162    0.1141    0.1137    0.1124    0.1122         0
    0.1203    0.1169    0.1156    0.1147    0.1128    0.1126         0
    0.1181    0.1171    0.1166    0.1151    0.1127    0.1124         0

  Columns 8 through 14

         0         0         0         0         0         0         0
         0         0         0         0         0         0         0
         0         0         0         0         0         0         0
         0         0         0         0         0         0         0
         0         0         0         0         0         0         0

  Columns 15 through 21

         0         0         0         0         0         0         0
         0         0         0         0         0         0         0
         0         0         0         0         0         0         0
         0         0         0         0         0         0         0
         0         0         0         0         0         0         0

  Column 22

         0
         0
         0
         0
         0

Combo 1 are these terms and this Value: 7       : 7.427e-03 
Combo 2 are these terms and this Value: 3 7   : 6.119e-04 
Combo 3 are these terms and this Value: 7 19 22 : 7.391e-02 
This was the dropped L term(spot): 7 
There are 16 L terms left. 

Local minimum possible.

fminunc stopped because it cannot decrease the objective function
along the current search direction.


d0_progress =

  Columns 1 through 7

    0.1235    0.1135    0.1101    0.1101    0.1102    0.1102    0.1102
    0.1229    0.1150    0.1122    0.1122    0.1115    0.1114    0.1114
    0.1219    0.1162    0.1141    0.1137    0.1124    0.1122    0.1121
    0.1203    0.1169    0.1156    0.1147    0.1128    0.1126    0.1123
    0.1181    0.1171    0.1166    0.1151    0.1127    0.1124    0.1120

  Columns 8 through 14

         0         0         0         0         0         0         0
         0         0         0         0         0         0         0
         0         0         0         0         0         0         0
         0         0         0         0         0         0         0
         0         0         0         0         0         0         0

  Columns 15 through 21

         0         0         0         0         0         0         0
         0         0         0         0         0         0         0
         0         0         0         0         0         0         0
         0         0         0         0         0         0         0
         0         0         0         0         0         0         0

  Column 22

         0
         0
         0
         0
         0

Combo 1 are these terms and this Value: 22       : 2.713e-02 
Combo 2 are these terms and this Value: 2 6   : 5.390e-02 
Combo 3 are these terms and this Value: 2 6 22 : 1.604e-01 
This was the dropped L term(spot): 2 
There are 15 L terms left. 

Local minimum possible.

fminunc stopped because it cannot decrease the objective function
along the current search direction.


d0_progress =

  Columns 1 through 7

    0.1235    0.1135    0.1101    0.1101    0.1102    0.1102    0.1102
    0.1229    0.1150    0.1122    0.1122    0.1115    0.1114    0.1114
    0.1219    0.1162    0.1141    0.1137    0.1124    0.1122    0.1121
    0.1203    0.1169    0.1156    0.1147    0.1128    0.1126    0.1123
    0.1181    0.1171    0.1166    0.1151    0.1127    0.1124    0.1120

  Columns 8 through 14

    0.1106         0         0         0         0         0         0
    0.1130         0         0         0         0         0         0
    0.1137         0         0         0         0         0         0
    0.1129         0         0         0         0         0         0
    0.1105         0         0         0         0         0         0

  Columns 15 through 21

         0         0         0         0         0         0         0
         0         0         0         0         0         0         0
         0         0         0         0         0         0         0
         0         0         0         0         0         0         0
         0         0         0         0         0         0         0

  Column 22

         0
         0
         0
         0
         0

Combo 1 are these terms and this Value: 22       : 2.708e-02 
Combo 2 are these terms and this Value: 20 22   : 5.911e-03 
Combo 3 are these terms and this Value: 1 6 22 : 1.216e-01 
This was the dropped L term(spot): 22 
There are 14 L terms left. 

Local minimum possible.

fminunc stopped because it cannot decrease the objective function
along the current search direction.


d0_progress =

  Columns 1 through 7

    0.1235    0.1135    0.1101    0.1101    0.1102    0.1102    0.1102
    0.1229    0.1150    0.1122    0.1122    0.1115    0.1114    0.1114
    0.1219    0.1162    0.1141    0.1137    0.1124    0.1122    0.1121
    0.1203    0.1169    0.1156    0.1147    0.1128    0.1126    0.1123
    0.1181    0.1171    0.1166    0.1151    0.1127    0.1124    0.1120

  Columns 8 through 14

    0.1106    0.0959         0         0         0         0         0
    0.1130    0.0976         0         0         0         0         0
    0.1137    0.0988         0         0         0         0         0
    0.1129    0.0994         0         0         0         0         0
    0.1105    0.0995         0         0         0         0         0

  Columns 15 through 21

         0         0         0         0         0         0         0
         0         0         0         0         0         0         0
         0         0         0         0         0         0         0
         0         0         0         0         0         0         0
         0         0         0         0         0         0         0

  Column 22

         0
         0
         0
         0
         0

Combo 1 are these terms and this Value: 6       : 1.587e-02 
Combo 2 are these terms and this Value: 6 11   : 3.728e-01 
Combo 3 are these terms and this Value: 6 11 20 : 1.027e+00 
This was the dropped L term(spot): 6 
There are 13 L terms left. 

Local minimum possible.

fminunc stopped because it cannot decrease the objective function
along the current search direction.


d0_progress =

  Columns 1 through 7

    0.1235    0.1135    0.1101    0.1101    0.1102    0.1102    0.1102
    0.1229    0.1150    0.1122    0.1122    0.1115    0.1114    0.1114
    0.1219    0.1162    0.1141    0.1137    0.1124    0.1122    0.1121
    0.1203    0.1169    0.1156    0.1147    0.1128    0.1126    0.1123
    0.1181    0.1171    0.1166    0.1151    0.1127    0.1124    0.1120

  Columns 8 through 14

    0.1106    0.0959    0.0986         0         0         0         0
    0.1130    0.0976    0.1003         0         0         0         0
    0.1137    0.0988    0.1014         0         0         0         0
    0.1129    0.0994    0.1019         0         0         0         0
    0.1105    0.0995    0.1016         0         0         0         0

  Columns 15 through 21

         0         0         0         0         0         0         0
         0         0         0         0         0         0         0
         0         0         0         0         0         0         0
         0         0         0         0         0         0         0
         0         0         0         0         0         0         0

  Column 22

         0
         0
         0
         0
         0

Combo 1 are these terms and this Value: 11       : 1.811e-01 
Combo 2 are these terms and this Value: 11 20   : 5.923e-01 
Combo 3 are these terms and this Value: 3 11 20 : 2.094e+00 
This was the dropped L term(spot): 11 
There are 12 L terms left. 

Local minimum possible.

fminunc stopped because it cannot decrease the objective function
along the current search direction.


d0_progress =

  Columns 1 through 7

    0.1235    0.1135    0.1101    0.1101    0.1102    0.1102    0.1102
    0.1229    0.1150    0.1122    0.1122    0.1115    0.1114    0.1114
    0.1219    0.1162    0.1141    0.1137    0.1124    0.1122    0.1121
    0.1203    0.1169    0.1156    0.1147    0.1128    0.1126    0.1123
    0.1181    0.1171    0.1166    0.1151    0.1127    0.1124    0.1120

  Columns 8 through 14

    0.1106    0.0959    0.0986    0.1190         0         0         0
    0.1130    0.0976    0.1003    0.1203         0         0         0
    0.1137    0.0988    0.1014    0.1209         0         0         0
    0.1129    0.0994    0.1019    0.1206         0         0         0
    0.1105    0.0995    0.1016    0.1195         0         0         0

  Columns 15 through 21

         0         0         0         0         0         0         0
         0         0         0         0         0         0         0
         0         0         0         0         0         0         0
         0         0         0         0         0         0         0
         0         0         0         0         0         0         0

  Column 22

         0
         0
         0
         0
         0

Combo 1 are these terms and this Value: 3       : 7.216e-02 
Combo 2 are these terms and this Value: 1 20   : 2.111e-01 
Combo 3 are these terms and this Value: 1 3 20 : 2.449e+00 
This was the dropped L term(spot): 20 
There are 11 L terms left. 

Local minimum possible.

fminunc stopped because it cannot decrease the objective function
along the current search direction.


d0_progress =

  Columns 1 through 7

    0.1235    0.1135    0.1101    0.1101    0.1102    0.1102    0.1102
    0.1229    0.1150    0.1122    0.1122    0.1115    0.1114    0.1114
    0.1219    0.1162    0.1141    0.1137    0.1124    0.1122    0.1121
    0.1203    0.1169    0.1156    0.1147    0.1128    0.1126    0.1123
    0.1181    0.1171    0.1166    0.1151    0.1127    0.1124    0.1120

  Columns 8 through 14

    0.1106    0.0959    0.0986    0.1190    0.1106         0         0
    0.1130    0.0976    0.1003    0.1203    0.1117         0         0
    0.1137    0.0988    0.1014    0.1209    0.1121         0         0
    0.1129    0.0994    0.1019    0.1206    0.1118         0         0
    0.1105    0.0995    0.1016    0.1195    0.1108         0         0

  Columns 15 through 21

         0         0         0         0         0         0         0
         0         0         0         0         0         0         0
         0         0         0         0         0         0         0
         0         0         0         0         0         0         0
         0         0         0         0         0         0         0

  Column 22

         0
         0
         0
         0
         0

Combo 1 are these terms and this Value: 1       : 2.608e-01 
Combo 2 are these terms and this Value: 1 3   : 2.916e+00 
Combo 3 are these terms and this Value: 1 18 19 : 3.357e+00 
This was the dropped L term(spot): 1 
There are 10 L terms left. 

Local minimum possible.

fminunc stopped because it cannot decrease the objective function
along the current search direction.


d0_progress =

  Columns 1 through 7

    0.1235    0.1135    0.1101    0.1101    0.1102    0.1102    0.1102
    0.1229    0.1150    0.1122    0.1122    0.1115    0.1114    0.1114
    0.1219    0.1162    0.1141    0.1137    0.1124    0.1122    0.1121
    0.1203    0.1169    0.1156    0.1147    0.1128    0.1126    0.1123
    0.1181    0.1171    0.1166    0.1151    0.1127    0.1124    0.1120

  Columns 8 through 14

    0.1106    0.0959    0.0986    0.1190    0.1106    0.1115         0
    0.1130    0.0976    0.1003    0.1203    0.1117    0.1130         0
    0.1137    0.0988    0.1014    0.1209    0.1121    0.1138         0
    0.1129    0.0994    0.1019    0.1206    0.1118    0.1139         0
    0.1105    0.0995    0.1016    0.1195    0.1108    0.1132         0

  Columns 15 through 21

         0         0         0         0         0         0         0
         0         0         0         0         0         0         0
         0         0         0         0         0         0         0
         0         0         0         0         0         0         0
         0         0         0         0         0         0         0

  Column 22

         0
         0
         0
         0
         0

Combo 1 are these terms and this Value: 3       : 1.379e+00 
Combo 2 are these terms and this Value: 18 19   : 4.813e+00 
Combo 3 are these terms and this Value: 3 5 19 : 2.401e+00 
This was the dropped L term(spot): 3 
There are 9 L terms left. 

Local minimum possible.

fminunc stopped because it cannot decrease the objective function
along the current search direction.


d0_progress =

  Columns 1 through 7

    0.1235    0.1135    0.1101    0.1101    0.1102    0.1102    0.1102
    0.1229    0.1150    0.1122    0.1122    0.1115    0.1114    0.1114
    0.1219    0.1162    0.1141    0.1137    0.1124    0.1122    0.1121
    0.1203    0.1169    0.1156    0.1147    0.1128    0.1126    0.1123
    0.1181    0.1171    0.1166    0.1151    0.1127    0.1124    0.1120

  Columns 8 through 14

    0.1106    0.0959    0.0986    0.1190    0.1106    0.1115    0.1169
    0.1130    0.0976    0.1003    0.1203    0.1117    0.1130    0.1185
    0.1137    0.0988    0.1014    0.1209    0.1121    0.1138    0.1193
    0.1129    0.0994    0.1019    0.1206    0.1118    0.1139    0.1192
    0.1105    0.0995    0.1016    0.1195    0.1108    0.1132    0.1182

  Columns 15 through 21

         0         0         0         0         0         0         0
         0         0         0         0         0         0         0
         0         0         0         0         0         0         0
         0         0         0         0         0         0         0
         0         0         0         0         0         0         0

  Column 22

         0
         0
         0
         0
         0

Combo 1 are these terms and this Value: 19       : 6.308e+00 
Combo 2 are these terms and this Value: 5 19   : 2.496e+00 
Combo 3 are these terms and this Value: 13 14 19 : 4.354e+00 
This was the dropped L term(spot): 19 
There are 8 L terms left. 

Local minimum possible.

fminunc stopped because it cannot decrease the objective function
along the current search direction.


d0_progress =

  Columns 1 through 7

    0.1235    0.1135    0.1101    0.1101    0.1102    0.1102    0.1102
    0.1229    0.1150    0.1122    0.1122    0.1115    0.1114    0.1114
    0.1219    0.1162    0.1141    0.1137    0.1124    0.1122    0.1121
    0.1203    0.1169    0.1156    0.1147    0.1128    0.1126    0.1123
    0.1181    0.1171    0.1166    0.1151    0.1127    0.1124    0.1120

  Columns 8 through 14

    0.1106    0.0959    0.0986    0.1190    0.1106    0.1115    0.1169
    0.1130    0.0976    0.1003    0.1203    0.1117    0.1130    0.1185
    0.1137    0.0988    0.1014    0.1209    0.1121    0.1138    0.1193
    0.1129    0.0994    0.1019    0.1206    0.1118    0.1139    0.1192
    0.1105    0.0995    0.1016    0.1195    0.1108    0.1132    0.1182

  Columns 15 through 21

    0.1154         0         0         0         0         0         0
    0.1103         0         0         0         0         0         0
    0.1051         0         0         0         0         0         0
    0.0997         0         0         0         0         0         0
    0.0941         0         0         0         0         0         0

  Column 22

         0
         0
         0
         0
         0

Combo 1 are these terms and this Value: 5       : 8.218e-02 
Combo 2 are these terms and this Value: 10 14   : 2.983e+00 
Combo 3 are these terms and this Value: 5 10 14 : 2.897e+00 
This was the dropped L term(spot): 5 
There are 7 L terms left. 

Local minimum possible.

fminunc stopped because it cannot decrease the objective function
along the current search direction.


d0_progress =

  Columns 1 through 7

    0.1235    0.1135    0.1101    0.1101    0.1102    0.1102    0.1102
    0.1229    0.1150    0.1122    0.1122    0.1115    0.1114    0.1114
    0.1219    0.1162    0.1141    0.1137    0.1124    0.1122    0.1121
    0.1203    0.1169    0.1156    0.1147    0.1128    0.1126    0.1123
    0.1181    0.1171    0.1166    0.1151    0.1127    0.1124    0.1120

  Columns 8 through 14

    0.1106    0.0959    0.0986    0.1190    0.1106    0.1115    0.1169
    0.1130    0.0976    0.1003    0.1203    0.1117    0.1130    0.1185
    0.1137    0.0988    0.1014    0.1209    0.1121    0.1138    0.1193
    0.1129    0.0994    0.1019    0.1206    0.1118    0.1139    0.1192
    0.1105    0.0995    0.1016    0.1195    0.1108    0.1132    0.1182

  Columns 15 through 21

    0.1154    0.1155         0         0         0         0         0
    0.1103    0.1105         0         0         0         0         0
    0.1051    0.1053         0         0         0         0         0
    0.0997    0.0999         0         0         0         0         0
    0.0941    0.0944         0         0         0         0         0

  Column 22

         0
         0
         0
         0
         0

Combo 1 are these terms and this Value: 14       : 3.346e+00 
Combo 2 are these terms and this Value: 10 14   : 3.214e+00 
Combo 3 are these terms and this Value: 10 14 18 : 1.103e+01 
This was the dropped L term(spot): 14 
There are 6 L terms left. 

Local minimum possible.

fminunc stopped because it cannot decrease the objective function
along the current search direction.


d0_progress =

  Columns 1 through 7

    0.1235    0.1135    0.1101    0.1101    0.1102    0.1102    0.1102
    0.1229    0.1150    0.1122    0.1122    0.1115    0.1114    0.1114
    0.1219    0.1162    0.1141    0.1137    0.1124    0.1122    0.1121
    0.1203    0.1169    0.1156    0.1147    0.1128    0.1126    0.1123
    0.1181    0.1171    0.1166    0.1151    0.1127    0.1124    0.1120

  Columns 8 through 14

    0.1106    0.0959    0.0986    0.1190    0.1106    0.1115    0.1169
    0.1130    0.0976    0.1003    0.1203    0.1117    0.1130    0.1185
    0.1137    0.0988    0.1014    0.1209    0.1121    0.1138    0.1193
    0.1129    0.0994    0.1019    0.1206    0.1118    0.1139    0.1192
    0.1105    0.0995    0.1016    0.1195    0.1108    0.1132    0.1182

  Columns 15 through 21

    0.1154    0.1155    0.0607         0         0         0         0
    0.1103    0.1105    0.0567         0         0         0         0
    0.1051    0.1053    0.0527         0         0         0         0
    0.0997    0.0999    0.0487         0         0         0         0
    0.0941    0.0944    0.0448         0         0         0         0

  Column 22

         0
         0
         0
         0
         0

Combo 1 are these terms and this Value: 17       : 3.930e-01 
Combo 2 are these terms and this Value: 17 21   : 1.192e+00 
Combo 3 are these terms and this Value: 9 10 13 : 1.757e+00 
This was the dropped L term(spot): 17 
There are 5 L terms left. 

Local minimum possible.

fminunc stopped because it cannot decrease the objective function
along the current search direction.


d0_progress =

  Columns 1 through 7

    0.1235    0.1135    0.1101    0.1101    0.1102    0.1102    0.1102
    0.1229    0.1150    0.1122    0.1122    0.1115    0.1114    0.1114
    0.1219    0.1162    0.1141    0.1137    0.1124    0.1122    0.1121
    0.1203    0.1169    0.1156    0.1147    0.1128    0.1126    0.1123
    0.1181    0.1171    0.1166    0.1151    0.1127    0.1124    0.1120

  Columns 8 through 14

    0.1106    0.0959    0.0986    0.1190    0.1106    0.1115    0.1169
    0.1130    0.0976    0.1003    0.1203    0.1117    0.1130    0.1185
    0.1137    0.0988    0.1014    0.1209    0.1121    0.1138    0.1193
    0.1129    0.0994    0.1019    0.1206    0.1118    0.1139    0.1192
    0.1105    0.0995    0.1016    0.1195    0.1108    0.1132    0.1182

  Columns 15 through 21

    0.1154    0.1155    0.0607    0.0494         0         0         0
    0.1103    0.1105    0.0567    0.0458         0         0         0
    0.1051    0.1053    0.0527    0.0424         0         0         0
    0.0997    0.0999    0.0487    0.0390         0         0         0
    0.0941    0.0944    0.0448    0.0357         0         0         0

  Column 22

         0
         0
         0
         0
         0

Combo 1 are these terms and this Value: 18       : 2.212e-01 
Combo 2 are these terms and this Value: 18 21   : 9.595e-01 
Combo 3 are these terms and this Value: 9 10 13 : 3.823e-03 
This was the dropped L term(spot): 10 
There are 4 L terms left. 

Local minimum possible.

fminunc stopped because it cannot decrease the objective function
along the current search direction.


d0_progress =

  Columns 1 through 7

    0.1235    0.1135    0.1101    0.1101    0.1102    0.1102    0.1102
    0.1229    0.1150    0.1122    0.1122    0.1115    0.1114    0.1114
    0.1219    0.1162    0.1141    0.1137    0.1124    0.1122    0.1121
    0.1203    0.1169    0.1156    0.1147    0.1128    0.1126    0.1123
    0.1181    0.1171    0.1166    0.1151    0.1127    0.1124    0.1120

  Columns 8 through 14

    0.1106    0.0959    0.0986    0.1190    0.1106    0.1115    0.1169
    0.1130    0.0976    0.1003    0.1203    0.1117    0.1130    0.1185
    0.1137    0.0988    0.1014    0.1209    0.1121    0.1138    0.1193
    0.1129    0.0994    0.1019    0.1206    0.1118    0.1139    0.1192
    0.1105    0.0995    0.1016    0.1195    0.1108    0.1132    0.1182

  Columns 15 through 21

    0.1154    0.1155    0.0607    0.0494    0.0242         0         0
    0.1103    0.1105    0.0567    0.0458    0.0223         0         0
    0.1051    0.1053    0.0527    0.0424    0.0206         0         0
    0.0997    0.0999    0.0487    0.0390    0.0190         0         0
    0.0941    0.0944    0.0448    0.0357    0.0175         0         0

  Column 22

         0
         0
         0
         0
         0

Combo 1 are these terms and this Value: 18       : 7.967e-01 
Combo 2 are these terms and this Value: 9 21   : 9.456e-02 
Combo 3 are these terms and this Value: 9 13 21 : 3.775e-01 
This was the dropped L term(spot): 21 
There are 3 L terms left. 

Local minimum possible.

fminunc stopped because it cannot decrease the objective function
along the current search direction.


d0_progress =

  Columns 1 through 7

    0.1235    0.1135    0.1101    0.1101    0.1102    0.1102    0.1102
    0.1229    0.1150    0.1122    0.1122    0.1115    0.1114    0.1114
    0.1219    0.1162    0.1141    0.1137    0.1124    0.1122    0.1121
    0.1203    0.1169    0.1156    0.1147    0.1128    0.1126    0.1123
    0.1181    0.1171    0.1166    0.1151    0.1127    0.1124    0.1120

  Columns 8 through 14

    0.1106    0.0959    0.0986    0.1190    0.1106    0.1115    0.1169
    0.1130    0.0976    0.1003    0.1203    0.1117    0.1130    0.1185
    0.1137    0.0988    0.1014    0.1209    0.1121    0.1138    0.1193
    0.1129    0.0994    0.1019    0.1206    0.1118    0.1139    0.1192
    0.1105    0.0995    0.1016    0.1195    0.1108    0.1132    0.1182

  Columns 15 through 21

    0.1154    0.1155    0.0607    0.0494    0.0242    0.0327         0
    0.1103    0.1105    0.0567    0.0458    0.0223    0.0297         0
    0.1051    0.1053    0.0527    0.0424    0.0206    0.0270         0
    0.0997    0.0999    0.0487    0.0390    0.0190    0.0245         0
    0.0941    0.0944    0.0448    0.0357    0.0175    0.0222         0

  Column 22

         0
         0
         0
         0
         0

Combo 1 are these terms and this Value: 13       : 5.566e+00 
Combo 2 are these terms and this Value: 9 18   : 3.645e+00 
Combo 3 are these terms and this Value: 9 13 18 : 1.017e+00 
This was the dropped L term(spot): 13 
There are 2 L terms left. 

Local minimum possible.

fminunc stopped because it cannot decrease the objective function
along the current search direction.


d0_progress =

  Columns 1 through 7

    0.1235    0.1135    0.1101    0.1101    0.1102    0.1102    0.1102
    0.1229    0.1150    0.1122    0.1122    0.1115    0.1114    0.1114
    0.1219    0.1162    0.1141    0.1137    0.1124    0.1122    0.1121
    0.1203    0.1169    0.1156    0.1147    0.1128    0.1126    0.1123
    0.1181    0.1171    0.1166    0.1151    0.1127    0.1124    0.1120

  Columns 8 through 14

    0.1106    0.0959    0.0986    0.1190    0.1106    0.1115    0.1169
    0.1130    0.0976    0.1003    0.1203    0.1117    0.1130    0.1185
    0.1137    0.0988    0.1014    0.1209    0.1121    0.1138    0.1193
    0.1129    0.0994    0.1019    0.1206    0.1118    0.1139    0.1192
    0.1105    0.0995    0.1016    0.1195    0.1108    0.1132    0.1182

  Columns 15 through 21

    0.1154    0.1155    0.0607    0.0494    0.0242    0.0327    0.0330
    0.1103    0.1105    0.0567    0.0458    0.0223    0.0297    0.0303
    0.1051    0.1053    0.0527    0.0424    0.0206    0.0270    0.0278
    0.0997    0.0999    0.0487    0.0390    0.0190    0.0245    0.0254
    0.0941    0.0944    0.0448    0.0357    0.0175    0.0222    0.0232

  Column 22

         0
         0
         0
         0
         0

This was the dropped L term(spot): 18 
There are 1 L terms left. 

Local minimum possible.

fminunc stopped because it cannot decrease the objective function
along the current search direction.


d0_progress =

  Columns 1 through 7

    0.1235    0.1135    0.1101    0.1101    0.1102    0.1102    0.1102
    0.1229    0.1150    0.1122    0.1122    0.1115    0.1114    0.1114
    0.1219    0.1162    0.1141    0.1137    0.1124    0.1122    0.1121
    0.1203    0.1169    0.1156    0.1147    0.1128    0.1126    0.1123
    0.1181    0.1171    0.1166    0.1151    0.1127    0.1124    0.1120

  Columns 8 through 14

    0.1106    0.0959    0.0986    0.1190    0.1106    0.1115    0.1169
    0.1130    0.0976    0.1003    0.1203    0.1117    0.1130    0.1185
    0.1137    0.0988    0.1014    0.1209    0.1121    0.1138    0.1193
    0.1129    0.0994    0.1019    0.1206    0.1118    0.1139    0.1192
    0.1105    0.0995    0.1016    0.1195    0.1108    0.1132    0.1182

  Columns 15 through 21

    0.1154    0.1155    0.0607    0.0494    0.0242    0.0327    0.0330
    0.1103    0.1105    0.0567    0.0458    0.0223    0.0297    0.0303
    0.1051    0.1053    0.0527    0.0424    0.0206    0.0270    0.0278
    0.0997    0.0999    0.0487    0.0390    0.0190    0.0245    0.0254
    0.0941    0.0944    0.0448    0.0357    0.0175    0.0222    0.0232

  Column 22

    0.0322
    0.0296
    0.0271
    0.0248
    0.0226

This was the dropped L term(spot): 9 
There are 0 L terms left. 
>> >> >> >> >> >> 
all_tab =

  72x22 table

                 Var1        Var2        Var3        Var4        Var5        Var6        Var7        Var8        Var9       Var10       Var11       Var12       Var13       Var14       Var15       Var16       Var17       Var18       Var19       Var20       Var21       Var22  
               ________    ________    ________    ________    ________    ________    ________    ________    ________    ________    ________    ________    ________    ________    ________    ________    ________    ________    ________    ________    ________    ________

    A1           0.0001      0.0001      0.0001      0.0001      0.0001      0.0001      0.0001      0.0001      0.0001      0.0001      0.0001      0.0001           0           0           0           0           0           0           0           0           0           0
    A2           0.0001      0.0001      0.0001      0.0001      0.0001      0.0001      0.0001           0           0           0           0           0           0           0           0           0           0           0           0           0           0           0
    A3           0.0001      0.0001      0.0001      0.0001      0.0001      0.0001      0.0001      0.0001      0.0001      0.0001      0.0001      0.0001      0.0001           0           0           0           0           0           0           0           0           0
    A4           0.0001      0.0001      0.0001      0.0001      0.0001           0           0           0           0           0           0           0           0           0           0           0           0           0           0           0           0           0
    A5           0.0001      0.0001      0.0001      0.0001      0.0001      0.0001      0.0001      0.0001      0.0001      0.0001      0.0001      0.0001      0.0001      0.0001      0.0001           0           0           0           0           0           0           0
    A6           0.0001      0.0001      0.0001      0.0001      0.0001      0.0001      0.0001      0.0001      0.0001           0           0           0           0           0           0           0           0           0           0           0           0           0
    A7           0.0001      0.0001      0.0001      0.0001      0.0001      0.0001           0           0           0           0           0           0           0           0           0           0           0           0           0           0           0           0
    A8           0.0001      0.0001      0.0001           0           0           0           0           0           0           0           0           0           0           0           0           0           0           0           0           0           0           0
    A9            9e-05       9e-05       9e-05       9e-05       9e-05       9e-05       9e-05       9e-05       9e-05       9e-05       9e-05       9e-05       9e-05       9e-05       9e-05       9e-05       8e-05       8e-05       8e-05       4e-05       4e-05       4e-05
    A10          0.0001      0.0001      0.0001      0.0001      0.0001      0.0001      0.0001      0.0001      0.0001      0.0001      0.0001      0.0001      0.0001      0.0001      0.0001      0.0001      0.0001      0.0001           0           0           0           0
    A11          0.0001      0.0001      0.0001      0.0001      0.0001      0.0001      0.0001      0.0001      0.0001      0.0001           0           0           0           0           0           0           0           0           0           0           0           0
    A12          0.0001      0.0001           0           0           0           0           0           0           0           0           0           0           0           0           0           0           0           0           0           0           0           0
    A13          0.0001      0.0001      0.0001      0.0001      0.0001      0.0001      0.0001      0.0001      0.0001      0.0001      0.0001      0.0001      0.0001      0.0001      0.0001      0.0001      0.0001      0.0001      0.0001      0.0001           0           0
    A14          0.0001      0.0001      0.0001      0.0001      0.0001      0.0001      0.0001      0.0001      0.0001      0.0001      0.0001      0.0001      0.0001      0.0001      0.0001      0.0001           0           0           0           0           0           0
    A15          0.0001      0.0001      0.0001      0.0001           0           0           0           0           0           0           0           0           0           0           0           0           0           0           0           0           0           0
    A16          0.0001           0           0           0           0           0           0           0           0           0           0           0           0           0           0           0           0           0           0           0           0           0
    A17          0.0001      0.0001      0.0001      0.0001      0.0001      0.0001      0.0001      0.0001      0.0001      0.0001      0.0001      0.0001      0.0001      0.0001      0.0001      0.0001      0.0001           0           0           0           0           0
    A18          0.0001      0.0001      0.0001      0.0001      0.0001      0.0001      0.0001      0.0001      0.0001      0.0001      0.0001      0.0001      0.0001      0.0001      0.0001      0.0001      0.0001      0.0001      0.0001      0.0001      0.0001           0
    A19          0.0001      0.0001      0.0001      0.0001      0.0001      0.0001      0.0001      0.0001      0.0001      0.0001      0.0001      0.0001      0.0001      0.0001           0           0           0           0           0           0           0           0
    A20          0.0001      0.0001      0.0001      0.0001      0.0001      0.0001      0.0001      0.0001      0.0001      0.0001      0.0001           0           0           0           0           0           0           0           0           0           0           0
    A22          0.0001      0.0001      0.0001      0.0001      0.0001      0.0001      0.0001      0.0001      0.0001      0.0001      0.0001      0.0001      0.0001      0.0001      0.0001      0.0001      0.0001      0.0001      0.0001           0           0           0
    A24          0.0001      0.0001      0.0001      0.0001      0.0001      0.0001      0.0001      0.0001           0           0           0           0           0           0           0           0           0           0           0           0           0           0
    B1           0.0001       9e-05       9e-05       9e-05       9e-05       9e-05       9e-05       9e-05       9e-05       9e-05       8e-05       7e-05           0           0           0           0           0           0           0           0           0           0
    B2          0.00011     0.00011     0.00011     0.00011     0.00011     0.00011     0.00011           0           0           0           0           0           0           0           0           0           0           0           0           0           0           0
    B3          0.00011     0.00011     0.00011     0.00011     0.00011     0.00011     0.00011     0.00011     0.00011     0.00011     0.00011     0.00012     0.00012           0           0           0           0           0           0           0           0           0
    B4           0.0001      0.0001      0.0001      0.0001      0.0001           0           0           0           0           0           0           0           0           0           0           0           0           0           0           0           0           0
    B5            9e-05     0.00011     0.00011     0.00011     0.00011     0.00011     0.00011     0.00011     0.00011     0.00011     0.00012     0.00013     0.00012     0.00014     0.00012           0           0           0           0           0           0           0
    B6            9e-05       9e-05       9e-05       9e-05       9e-05       9e-05       9e-05       9e-05       8e-05           0           0           0           0           0           0           0           0           0           0           0           0           0
    B7            9e-05       9e-05       9e-05       9e-05       9e-05       9e-05           0           0           0           0           0           0           0           0           0           0           0           0           0           0           0           0
    B8           0.0001      0.0001      0.0001           0           0           0           0           0           0           0           0           0           0           0           0           0           0           0           0           0           0           0
    B9          -0.0005    -0.00056    -0.00057    -0.00057    -0.00057    -0.00057    -0.00057    -0.00058    -0.00063    -0.00064     -0.0007    -0.00072    -0.00072    -0.00072    -0.00073    -0.00073    -0.00121    -0.00121    -0.00129    -0.00294     -0.0013     -0.0013
    B10         0.00033     0.00023     0.00023     0.00023     0.00023     0.00023     0.00023     0.00023     0.00021     0.00021     0.00018     0.00017     0.00017     0.00016     0.00016     0.00016     0.00091     0.00091           0           0           0           0
    B11           3e-05      -1e-05      -1e-05      -1e-05           0      -1e-05           0           0      -1e-05      -1e-05           0           0           0           0           0           0           0           0           0           0           0           0
    B12          0.0001       9e-05           0           0           0           0           0           0           0           0           0           0           0           0           0           0           0           0           0           0           0           0
    B13           8e-05       6e-05       6e-05       6e-05       6e-05       6e-05       6e-05       6e-05       5e-05       5e-05       4e-05       4e-05       4e-05       4e-05       4e-05       4e-05      -5e-05      -5e-05       4e-05     0.00023           0           0
    B14          0.0001      0.0001      0.0001      0.0001      0.0001      0.0001      0.0001      0.0001       9e-05       9e-05      0.0001      0.0001      0.0001      0.0001      0.0001      0.0001           0           0           0           0           0           0
    B15           9e-05       9e-05       9e-05       9e-05           0           0           0           0           0           0           0           0           0           0           0           0           0           0           0           0           0           0
    B16           9e-05           0           0           0           0           0           0           0           0           0           0           0           0           0           0           0           0           0           0           0           0           0
    B17         0.00015     0.00018     0.00018     0.00018     0.00018     0.00018     0.00018     0.00018     0.00019     0.00019      0.0002      0.0002      0.0002      0.0002     0.00021     0.00021      0.0002           0           0           0           0           0
    B18         0.00013     0.00014     0.00014     0.00014     0.00014     0.00014     0.00014     0.00014     0.00015     0.00015     0.00015     0.00015     0.00015     0.00015     0.00015     0.00015     0.00016     0.00016     0.00018     0.00076     0.00063           0
    B19         0.00011     0.00011     0.00011     0.00011     0.00011     0.00011     0.00011     0.00011     0.00011     0.00011     0.00012     0.00012     0.00012     0.00014           0           0           0           0           0           0           0           0
    B20          0.0001     0.00011      0.0001      0.0001      0.0001      0.0001      0.0001     0.00011      0.0001      0.0001      0.0001           0           0           0           0           0           0           0           0           0           0           0
    B22           2e-05       1e-05       1e-05       1e-05       1e-05       1e-05       1e-05       1e-05       1e-05       1e-05           0           0           0      -1e-05      -1e-05      -1e-05      -9e-05      -9e-05    -0.00013           0           0           0
    B24           9e-05       9e-05       9e-05       9e-05       9e-05       9e-05       9e-05       9e-05           0           0           0           0           0           0           0           0           0           0           0           0           0           0
    C1            4e-05       3e-05       2e-05       2e-05       3e-05       3e-05       3e-05       5e-05       3e-05       3e-05       2e-05       2e-05           0           0           0           0           0           0           0           0           0           0
    C2           0.0001      0.0001      0.0001      0.0001     0.00011     0.00011     0.00011           0           0           0           0           0           0           0           0           0           0           0           0           0           0           0
    C3           0.0001       8e-05       8e-05       8e-05       8e-05       8e-05       7e-05       8e-05       8e-05       8e-05      0.0001     0.00013     0.00013           0           0           0           0           0           0           0           0           0
    C4            7e-05       2e-05       3e-05       2e-05       2e-05           0           0           0           0           0           0           0           0           0           0           0           0           0           0           0           0           0
    C5          0.00013     0.00013     0.00014     0.00013     0.00013     0.00013     0.00013      0.0001     0.00012     0.00012     0.00012     0.00011       9e-05       9e-05      -2e-05           0           0           0           0           0           0           0
    C6            9e-05       9e-05       8e-05       8e-05       8e-05       8e-05       8e-05       5e-05      -2e-05           0           0           0           0           0           0           0           0           0           0           0           0           0
    C7            9e-05     0.00011      0.0001     0.00011     0.00011     0.00011           0           0           0           0           0           0           0           0           0           0           0           0           0           0           0           0
    C8          0.00013     0.00016     0.00016           0           0           0           0           0           0           0           0           0           0           0           0           0           0           0           0           0           0           0
    C9                0           0           0           0           0           0           0           0       2e-05       2e-05           0       1e-05       1e-05           0           0           0     0.00022     0.00022     0.00021     0.00045     0.00019     0.00019
    C10           2e-05       2e-05       2e-05       2e-05       2e-05       2e-05       2e-05       2e-05       1e-05       2e-05       3e-05       2e-05       2e-05       3e-05       2e-05       2e-05      -5e-05      -6e-05           0           0           0           0
    C11          -3e-05      -6e-05      -6e-05      -5e-05      -4e-05      -4e-05      -2e-05      -2e-05      -1e-05      -1e-05           0           0           0           0           0           0           0           0           0           0           0           0
    C12          -5e-05      -2e-05           0           0           0           0           0           0           0           0           0           0           0           0           0           0           0           0           0           0           0           0
    C13           2e-05     0.00013     0.00013     0.00013     0.00013     0.00013     0.00013     0.00013     0.00014     0.00014     0.00021      0.0002      0.0002     0.00022     0.00022     0.00022    -0.00074    -0.00074    -0.00013     -0.0003           0           0
    C14        -0.00022    -0.00024    -0.00025    -0.00025    -0.00025    -0.00025    -0.00025    -0.00024    -0.00026    -0.00027    -0.00024    -0.00026    -0.00026    -0.00025    -0.00023    -0.00023           0           0           0           0           0           0
    C15           7e-05       6e-05       6e-05       6e-05           0           0           0           0           0           0           0           0           0           0           0           0           0           0           0           0           0           0
    C16           3e-05           0           0           0           0           0           0           0           0           0           0           0           0           0           0           0           0           0           0           0           0           0
    C17         -0.0002    -0.00018    -0.00017    -0.00018    -0.00018    -0.00018    -0.00018    -0.00018    -0.00014    -0.00015     -0.0002    -0.00018    -0.00018    -0.00019    -0.00018    -0.00018      -4e-05           0           0           0           0           0
    C18        -0.00014    -0.00011    -0.00011    -0.00011    -0.00011    -0.00011    -0.00011    -0.00011      -9e-05      -9e-05    -0.00012    -0.00011    -0.00011    -0.00012    -0.00011    -0.00011      -7e-05      -4e-05       1e-05           0      -9e-05           0
    C19         0.00011     0.00011     0.00011     0.00011     0.00011     0.00011     0.00011     0.00011      0.0001      0.0001     0.00013     0.00016     0.00017     0.00032           0           0           0           0           0           0           0           0
    C20          0.0001      0.0001      0.0001      0.0001      0.0001      0.0001      0.0001      0.0001       9e-05       9e-05      0.0001           0           0           0           0           0           0           0           0           0           0           0
    C22          -3e-05     0.00015     0.00014     0.00014     0.00014     0.00014     0.00014     0.00014     0.00014     0.00015     0.00022     0.00021     0.00021     0.00023     0.00023     0.00023       4e-05       5e-05    -0.00014           0           0           0
    C24           9e-05       8e-05       8e-05       8e-05       8e-05       8e-05       8e-05       8e-05           0           0           0           0           0           0           0           0           0           0           0           0           0           0
    gDiffA1       5e-05       5e-05       5e-05       5e-05       5e-05       5e-05       5e-05       5e-05       5e-05       5e-05       5e-05       5e-05       5e-05       5e-05       5e-05       5e-05       5e-05       5e-05       5e-05       5e-05       5e-05       5e-05
    gDiffA2       9e-05       9e-05       9e-05       9e-05       9e-05       9e-05       9e-05       9e-05       9e-05       9e-05       9e-05       9e-05       9e-05       9e-05       9e-05       9e-05       9e-05       9e-05       9e-05       9e-05       9e-05       9e-05
    gDiffB1    -0.00598    -0.00598    -0.00598    -0.00598    -0.00598    -0.00598    -0.00598    -0.00598    -0.00598    -0.00598    -0.00598    -0.00598    -0.00598    -0.00598    -0.00598    -0.00598    -0.00598    -0.00598    -0.00598    -0.00598    -0.00598    -0.00598
    gDiffB2    -0.00057    -0.00057    -0.00057    -0.00057    -0.00057    -0.00057    -0.00057    -0.00057    -0.00057    -0.00057    -0.00057    -0.00057    -0.00057    -0.00057    -0.00057    -0.00057    -0.00057    -0.00057    -0.00057    -0.00057    -0.00057    -0.00057
    gDiffC1      0.0008      0.0008      0.0008      0.0008      0.0008      0.0008      0.0008      0.0008      0.0008      0.0008      0.0008      0.0008      0.0008      0.0008      0.0008      0.0008      0.0008      0.0008      0.0008      0.0008      0.0008      0.0008
    gDiffC2       8e-05       8e-05       8e-05       8e-05       8e-05       8e-05       8e-05       8e-05       8e-05       8e-05       8e-05       8e-05       8e-05       8e-05       8e-05       8e-05       8e-05       8e-05       8e-05       8e-05       8e-05       8e-05

>> >> >> >> >> >> >> >> 